        -:    0:Source:/usr/include/c++/11/bits/stl_construct.h
        -:    0:Graph:/home/ownstreamer/proga/C++/Parsers/cmake-build-debug-coverage/GoogleTests/CMakeFiles/Google_Tests_run.dir/src/TestsEarley.cpp.gcno
        -:    0:Data:/home/ownstreamer/proga/C++/Parsers/cmake-build-debug-coverage/GoogleTests/CMakeFiles/Google_Tests_run.dir/src/TestsEarley.cpp.gcda
        -:    0:Runs:1
        -:    1:// nonstandard construct and destroy functions -*- C++ -*-
        -:    2:
        -:    3:// Copyright (C) 2001-2021 Free Software Foundation, Inc.
        -:    4://
        -:    5:// This file is part of the GNU ISO C++ Library.  This library is free
        -:    6:// software; you can redistribute it and/or modify it under the
        -:    7:// terms of the GNU General Public License as published by the
        -:    8:// Free Software Foundation; either version 3, or (at your option)
        -:    9:// any later version.
        -:   10:
        -:   11:// This library is distributed in the hope that it will be useful,
        -:   12:// but WITHOUT ANY WARRANTY; without even the implied warranty of
        -:   13:// MERCHANTABILITY or FITNESS FOR A PARTICULAR PURPOSE.  See the
        -:   14:// GNU General Public License for more details.
        -:   15:
        -:   16:// Under Section 7 of GPL version 3, you are granted additional
        -:   17:// permissions described in the GCC Runtime Library Exception, version
        -:   18:// 3.1, as published by the Free Software Foundation.
        -:   19:
        -:   20:// You should have received a copy of the GNU General Public License and
        -:   21:// a copy of the GCC Runtime Library Exception along with this program;
        -:   22:// see the files COPYING3 and COPYING.RUNTIME respectively.  If not, see
        -:   23:// <http://www.gnu.org/licenses/>.
        -:   24:
        -:   25:/*
        -:   26: *
        -:   27: * Copyright (c) 1994
        -:   28: * Hewlett-Packard Company
        -:   29: *
        -:   30: * Permission to use, copy, modify, distribute and sell this software
        -:   31: * and its documentation for any purpose is hereby granted without fee,
        -:   32: * provided that the above copyright notice appear in all copies and
        -:   33: * that both that copyright notice and this permission notice appear
        -:   34: * in supporting documentation.  Hewlett-Packard Company makes no
        -:   35: * representations about the suitability of this software for any
        -:   36: * purpose.  It is provided "as is" without express or implied warranty.
        -:   37: *
        -:   38: *
        -:   39: * Copyright (c) 1996,1997
        -:   40: * Silicon Graphics Computer Systems, Inc.
        -:   41: *
        -:   42: * Permission to use, copy, modify, distribute and sell this software
        -:   43: * and its documentation for any purpose is hereby granted without fee,
        -:   44: * provided that the above copyright notice appear in all copies and
        -:   45: * that both that copyright notice and this permission notice appear
        -:   46: * in supporting documentation.  Silicon Graphics makes no
        -:   47: * representations about the suitability of this software for any
        -:   48: * purpose.  It is provided "as is" without express or implied warranty.
        -:   49: */
        -:   50:
        -:   51:/** @file bits/stl_construct.h
        -:   52: *  This is an internal header file, included by other library headers.
        -:   53: *  Do not attempt to use it directly. @headername{memory}
        -:   54: */
        -:   55:
        -:   56:#ifndef _STL_CONSTRUCT_H
        -:   57:#define _STL_CONSTRUCT_H 1
        -:   58:
        -:   59:#include <new>
        -:   60:#include <bits/move.h>
        -:   61:#include <bits/stl_iterator_base_types.h> // for iterator_traits
        -:   62:#include <bits/stl_iterator_base_funcs.h> // for advance
        -:   63:
        -:   64:/* This file provides the C++17 functions std::destroy_at, std::destroy, and
        -:   65: * std::destroy_n, and the C++20 function std::construct_at.
        -:   66: * It also provides std::_Construct, std::_Destroy,and std::_Destroy_n functions
        -:   67: * which are defined in all standard modes and so can be used in C++98-14 code.
        -:   68: * The _Destroy functions will dispatch to destroy_at during constant
        -:   69: * evaluation, because calls to that function are intercepted by the compiler
        -:   70: * to allow use in constant expressions.
        -:   71: */
        -:   72:
        -:   73:namespace std _GLIBCXX_VISIBILITY(default)
        -:   74:{
        -:   75:_GLIBCXX_BEGIN_NAMESPACE_VERSION
        -:   76:
        -:   77:#if __cplusplus >= 201703L
        -:   78:  template <typename _Tp>
        -:   79:    _GLIBCXX20_CONSTEXPR inline void
 1215135*:   80:    destroy_at(_Tp* __location)
        -:   81:    {
        -:   82:      if constexpr (__cplusplus > 201703L && is_array_v<_Tp>)
        -:   83:	{
        -:   84:	  for (auto& __x : *__location)
        -:   85:	    std::destroy_at(std::__addressof(__x));
        -:   86:	}
        -:   87:      else
 1215135*:   88:	__location->~_Tp();
 1215135*:   89:    }
------------------
_ZSt10destroy_atISt4pairIKlSt6vectorISt13unordered_setIlSt4hashIlESt8equal_toIlESaIlEESaIS9_EEEEvPT_:
function _ZSt10destroy_atISt4pairIKlSt6vectorISt13unordered_setIlSt4hashIlESt8equal_toIlESaIlEESaIS9_EEEEvPT_ called 48 returned 100% blocks executed 100%
       48:   80:    destroy_at(_Tp* __location)
        -:   81:    {
        -:   82:      if constexpr (__cplusplus > 201703L && is_array_v<_Tp>)
        -:   83:	{
        -:   84:	  for (auto& __x : *__location)
        -:   85:	    std::destroy_at(std::__addressof(__x));
        -:   86:	}
        -:   87:      else
       48:   88:	__location->~_Tp();
       48:   88-block  0
call    0 returned 48
       48:   89:    }
------------------
_ZSt10destroy_atISt13unordered_setIlSt4hashIlESt8equal_toIlESaIlEEEvPT_:
function _ZSt10destroy_atISt13unordered_setIlSt4hashIlESt8equal_toIlESaIlEEEvPT_ called 142 returned 100% blocks executed 100%
      142:   80:    destroy_at(_Tp* __location)
        -:   81:    {
        -:   82:      if constexpr (__cplusplus > 201703L && is_array_v<_Tp>)
        -:   83:	{
        -:   84:	  for (auto& __x : *__location)
        -:   85:	    std::destroy_at(std::__addressof(__x));
        -:   86:	}
        -:   87:      else
      142:   88:	__location->~_Tp();
      142:   88-block  0
call    0 returned 142
      142:   89:    }
------------------
_ZSt10destroy_atImEvPT_:
function _ZSt10destroy_atImEvPT_ called 0 returned 0% blocks executed 0%
    #####:   80:    destroy_at(_Tp* __location)
        -:   81:    {
        -:   82:      if constexpr (__cplusplus > 201703L && is_array_v<_Tp>)
        -:   83:	{
        -:   84:	  for (auto& __x : *__location)
        -:   85:	    std::destroy_at(std::__addressof(__x));
        -:   86:	}
        -:   87:      else
    #####:   88:	__location->~_Tp();
    #####:   89:    }
------------------
_ZSt10destroy_atISt6vectorIlSaIlEEEvPT_:
function _ZSt10destroy_atISt6vectorIlSaIlEEEvPT_ called 425 returned 100% blocks executed 100%
      425:   80:    destroy_at(_Tp* __location)
        -:   81:    {
        -:   82:      if constexpr (__cplusplus > 201703L && is_array_v<_Tp>)
        -:   83:	{
        -:   84:	  for (auto& __x : *__location)
        -:   85:	    std::destroy_at(std::__addressof(__x));
        -:   86:	}
        -:   87:      else
      425:   88:	__location->~_Tp();
      425:   88-block  0
call    0 returned 425
      425:   89:    }
------------------
_ZSt10destroy_atINSt7__cxx1112basic_stringIwSt11char_traitsIwESaIwEEEEvPT_:
function _ZSt10destroy_atINSt7__cxx1112basic_stringIwSt11char_traitsIwESaIwEEEEvPT_ called 1080 returned 100% blocks executed 100%
     1080:   80:    destroy_at(_Tp* __location)
        -:   81:    {
        -:   82:      if constexpr (__cplusplus > 201703L && is_array_v<_Tp>)
        -:   83:	{
        -:   84:	  for (auto& __x : *__location)
        -:   85:	    std::destroy_at(std::__addressof(__x));
        -:   86:	}
        -:   87:      else
     1080:   88:	__location->~_Tp();
     1080:   88-block  0
call    0 returned 1080
     1080:   89:    }
------------------
_ZSt10destroy_atISt4pairIKlSt13unordered_setIN17BasicEarleyParserIwE9SituationENS5_15SituationHasherESt8equal_toIS5_ESaIS5_EEEEvPT_:
function _ZSt10destroy_atISt4pairIKlSt13unordered_setIN17BasicEarleyParserIwE9SituationENS5_15SituationHasherESt8equal_toIS5_ESaIS5_EEEEvPT_ called 101258 returned 100% blocks executed 100%
   101258:   80:    destroy_at(_Tp* __location)
        -:   81:    {
        -:   82:      if constexpr (__cplusplus > 201703L && is_array_v<_Tp>)
        -:   83:	{
        -:   84:	  for (auto& __x : *__location)
        -:   85:	    std::destroy_at(std::__addressof(__x));
        -:   86:	}
        -:   87:      else
   101258:   88:	__location->~_Tp();
   101258:   88-block  0
call    0 returned 101258
   101258:   89:    }
------------------
_ZSt10destroy_atISt13unordered_mapIlSt13unordered_setIN17BasicEarleyParserIwE9SituationENS4_15SituationHasherESt8equal_toIS4_ESaIS4_EESt4hashIlES6_IlESaISt4pairIKlS9_EEEEvPT_:
function _ZSt10destroy_atISt13unordered_mapIlSt13unordered_setIN17BasicEarleyParserIwE9SituationENS4_15SituationHasherESt8equal_toIS4_ESaIS4_EESt4hashIlES6_IlESaISt4pairIKlS9_EEEEvPT_ called 101327 returned 100% blocks executed 100%
   101327:   80:    destroy_at(_Tp* __location)
        -:   81:    {
        -:   82:      if constexpr (__cplusplus > 201703L && is_array_v<_Tp>)
        -:   83:	{
        -:   84:	  for (auto& __x : *__location)
        -:   85:	    std::destroy_at(std::__addressof(__x));
        -:   86:	}
        -:   87:      else
   101327:   88:	__location->~_Tp();
   101327:   88-block  0
call    0 returned 101327
   101327:   89:    }
------------------
_ZSt10destroy_atIlEvPT_:
function _ZSt10destroy_atIlEvPT_ called 310 returned 100% blocks executed 100%
      310:   80:    destroy_at(_Tp* __location)
        -:   81:    {
        -:   82:      if constexpr (__cplusplus > 201703L && is_array_v<_Tp>)
        -:   83:	{
        -:   84:	  for (auto& __x : *__location)
        -:   85:	    std::destroy_at(std::__addressof(__x));
        -:   86:	}
        -:   87:      else
      310:   88:	__location->~_Tp();
      310:   89:    }
------------------
_ZSt10destroy_atISt4pairIKlSt6vectorIS2_IlSaIlEESaIS4_EEEEvPT_:
function _ZSt10destroy_atISt4pairIKlSt6vectorIS2_IlSaIlEESaIS4_EEEEvPT_ called 124 returned 100% blocks executed 100%
      124:   80:    destroy_at(_Tp* __location)
        -:   81:    {
        -:   82:      if constexpr (__cplusplus > 201703L && is_array_v<_Tp>)
        -:   83:	{
        -:   84:	  for (auto& __x : *__location)
        -:   85:	    std::destroy_at(std::__addressof(__x));
        -:   86:	}
        -:   87:      else
      124:   88:	__location->~_Tp();
      124:   88-block  0
call    0 returned 124
      124:   89:    }
------------------
_ZSt10destroy_atISt4pairIKNSt7__cxx1112basic_stringIwSt11char_traitsIwESaIwEEElEEvPT_:
function _ZSt10destroy_atISt4pairIKNSt7__cxx1112basic_stringIwSt11char_traitsIwESaIwEEElEEvPT_ called 216 returned 100% blocks executed 100%
      216:   80:    destroy_at(_Tp* __location)
        -:   81:    {
        -:   82:      if constexpr (__cplusplus > 201703L && is_array_v<_Tp>)
        -:   83:	{
        -:   84:	  for (auto& __x : *__location)
        -:   85:	    std::destroy_at(std::__addressof(__x));
        -:   86:	}
        -:   87:      else
      216:   88:	__location->~_Tp();
      216:   88-block  0
call    0 returned 216
      216:   89:    }
------------------
_ZSt10destroy_atISt4pairIKlNSt7__cxx1112basic_stringIwSt11char_traitsIwESaIwEEEEEvPT_:
function _ZSt10destroy_atISt4pairIKlNSt7__cxx1112basic_stringIwSt11char_traitsIwESaIwEEEEEvPT_ called 216 returned 100% blocks executed 100%
      216:   80:    destroy_at(_Tp* __location)
        -:   81:    {
        -:   82:      if constexpr (__cplusplus > 201703L && is_array_v<_Tp>)
        -:   83:	{
        -:   84:	  for (auto& __x : *__location)
        -:   85:	    std::destroy_at(std::__addressof(__x));
        -:   86:	}
        -:   87:      else
      216:   88:	__location->~_Tp();
      216:   88-block  0
call    0 returned 216
      216:   89:    }
------------------
_ZSt10destroy_atIN17BasicEarleyParserIwE9SituationEEvPT_:
function _ZSt10destroy_atIN17BasicEarleyParserIwE9SituationEEvPT_ called 1009989 returned 100% blocks executed 100%
  1009989:   80:    destroy_at(_Tp* __location)
        -:   81:    {
        -:   82:      if constexpr (__cplusplus > 201703L && is_array_v<_Tp>)
        -:   83:	{
        -:   84:	  for (auto& __x : *__location)
        -:   85:	    std::destroy_at(std::__addressof(__x));
        -:   86:	}
        -:   87:      else
  1009989:   88:	__location->~_Tp();
  1009989:   89:    }
------------------
        -:   90:
        -:   91:#if __cplusplus >= 202002L
        -:   92:  template<typename _Tp, typename... _Args>
        -:   93:    constexpr auto
 1114518*:   94:    construct_at(_Tp* __location, _Args&&... __args)
        -:   95:    noexcept(noexcept(::new((void*)0) _Tp(std::declval<_Args>()...)))
        -:   96:    -> decltype(::new((void*)0) _Tp(std::declval<_Args>()...))
 1114518*:   97:    { return ::new((void*)__location) _Tp(std::forward<_Args>(__args)...); }
------------------
_ZSt12construct_atISt4pairIKlSt6vectorISt13unordered_setIlSt4hashIlESt8equal_toIlESaIlEESaIS9_EEEJSC_EEDTgsnwcvPvLi0E_T_pispcl7declvalIT0_EEEEPSE_DpOSF_:
function _ZSt12construct_atISt4pairIKlSt6vectorISt13unordered_setIlSt4hashIlESt8equal_toIlESaIlEESaIS9_EEEJSC_EEDTgsnwcvPvLi0E_T_pispcl7declvalIT0_EEEEPSE_DpOSF_ called 48 returned 100% blocks executed 100%
       48:   94:    construct_at(_Tp* __location, _Args&&... __args)
        -:   95:    noexcept(noexcept(::new((void*)0) _Tp(std::declval<_Args>()...)))
        -:   96:    -> decltype(::new((void*)0) _Tp(std::declval<_Args>()...))
       48:   97:    { return ::new((void*)__location) _Tp(std::forward<_Args>(__args)...); }
       48:   97-block  0
call    0 returned 48
call    1 returned 48
call    2 returned 48
------------------
_ZSt12construct_atISt13unordered_setIlSt4hashIlESt8equal_toIlESaIlEEJS6_EEDTgsnwcvPvLi0E_T_pispcl7declvalIT0_EEEEPS8_DpOS9_:
function _ZSt12construct_atISt13unordered_setIlSt4hashIlESt8equal_toIlESaIlEEJS6_EEDTgsnwcvPvLi0E_T_pispcl7declvalIT0_EEEEPS8_DpOS9_ called 142 returned 100% blocks executed 100%
      142:   94:    construct_at(_Tp* __location, _Args&&... __args)
        -:   95:    noexcept(noexcept(::new((void*)0) _Tp(std::declval<_Args>()...)))
        -:   96:    -> decltype(::new((void*)0) _Tp(std::declval<_Args>()...))
      142:   97:    { return ::new((void*)__location) _Tp(std::forward<_Args>(__args)...); }
      142:   97-block  0
call    0 returned 142
call    1 returned 142
call    2 returned 142
------------------
_ZSt12construct_atISt4pairIKlSt6vectorIS2_IlSaIlEESaIS4_EEEJRKSt21piecewise_construct_tSt5tupleIJRS1_EESB_IJEEEEDTgsnwcvPvLi0E_T_pispcl7declvalIT0_EEEEPSG_DpOSH_:
function _ZSt12construct_atISt4pairIKlSt6vectorIS2_IlSaIlEESaIS4_EEEJRKSt21piecewise_construct_tSt5tupleIJRS1_EESB_IJEEEEDTgsnwcvPvLi0E_T_pispcl7declvalIT0_EEEEPSG_DpOSH_ called 53 returned 100% blocks executed 69%
       53:   94:    construct_at(_Tp* __location, _Args&&... __args)
        -:   95:    noexcept(noexcept(::new((void*)0) _Tp(std::declval<_Args>()...)))
        -:   96:    -> decltype(::new((void*)0) _Tp(std::declval<_Args>()...))
       53:   97:    { return ::new((void*)__location) _Tp(std::forward<_Args>(__args)...); }
       53:   97-block  0
call    0 returned 53
call    1 returned 53
call    2 returned 53
call    3 returned 53
call    4 returned 53
call    5 returned 53
branch  6 taken 53 (fallthrough)
branch  7 taken 0 (throw)
       53:   97-block  1
       53:   97-block  2
    $$$$$:   97-block  3
call    8 never executed
    $$$$$:   97-block  4
    $$$$$:   97-block  5
------------------
_ZSt12construct_atISt4pairIKlNSt7__cxx1112basic_stringIwSt11char_traitsIwESaIwEEEEJRKSt21piecewise_construct_tSt5tupleIJRS1_EESC_IJEEEEDTgsnwcvPvLi0E_T_pispcl7declvalIT0_EEEEPSH_DpOSI_:
function _ZSt12construct_atISt4pairIKlNSt7__cxx1112basic_stringIwSt11char_traitsIwESaIwEEEEJRKSt21piecewise_construct_tSt5tupleIJRS1_EESC_IJEEEEDTgsnwcvPvLi0E_T_pispcl7declvalIT0_EEEEPSH_DpOSI_ called 0 returned 0% blocks executed 0%
    #####:   94:    construct_at(_Tp* __location, _Args&&... __args)
        -:   95:    noexcept(noexcept(::new((void*)0) _Tp(std::declval<_Args>()...)))
        -:   96:    -> decltype(::new((void*)0) _Tp(std::declval<_Args>()...))
    #####:   97:    { return ::new((void*)__location) _Tp(std::forward<_Args>(__args)...); }
    %%%%%:   97-block  0
call    0 never executed
call    1 never executed
call    2 never executed
call    3 never executed
call    4 never executed
call    5 never executed
branch  6 never executed
branch  7 never executed
    %%%%%:   97-block  1
    %%%%%:   97-block  2
    $$$$$:   97-block  3
call    8 never executed
    $$$$$:   97-block  4
    $$$$$:   97-block  5
------------------
_ZSt12construct_atISt4pairIKlNSt7__cxx1112basic_stringIwSt11char_traitsIwESaIwEEEEJS8_EEDTgsnwcvPvLi0E_T_pispcl7declvalIT0_EEEEPSA_DpOSB_:
function _ZSt12construct_atISt4pairIKlNSt7__cxx1112basic_stringIwSt11char_traitsIwESaIwEEEEJS8_EEDTgsnwcvPvLi0E_T_pispcl7declvalIT0_EEEEPSA_DpOSB_ called 216 returned 100% blocks executed 100%
      216:   94:    construct_at(_Tp* __location, _Args&&... __args)
        -:   95:    noexcept(noexcept(::new((void*)0) _Tp(std::declval<_Args>()...)))
        -:   96:    -> decltype(::new((void*)0) _Tp(std::declval<_Args>()...))
      216:   97:    { return ::new((void*)__location) _Tp(std::forward<_Args>(__args)...); }
      216:   97-block  0
call    0 returned 216
call    1 returned 216
call    2 returned 216
------------------
_ZSt12construct_atISt4pairIKNSt7__cxx1112basic_stringIwSt11char_traitsIwESaIwEEElEJS8_EEDTgsnwcvPvLi0E_T_pispcl7declvalIT0_EEEEPSA_DpOSB_:
function _ZSt12construct_atISt4pairIKNSt7__cxx1112basic_stringIwSt11char_traitsIwESaIwEEElEJS8_EEDTgsnwcvPvLi0E_T_pispcl7declvalIT0_EEEEPSA_DpOSB_ called 216 returned 100% blocks executed 86%
      216:   94:    construct_at(_Tp* __location, _Args&&... __args)
        -:   95:    noexcept(noexcept(::new((void*)0) _Tp(std::declval<_Args>()...)))
        -:   96:    -> decltype(::new((void*)0) _Tp(std::declval<_Args>()...))
      216:   97:    { return ::new((void*)__location) _Tp(std::forward<_Args>(__args)...); }
      216:   97-block  0
call    0 returned 216
call    1 returned 216
call    2 returned 216
branch  3 taken 216 (fallthrough)
branch  4 taken 0 (throw)
      216:   97-block  1
      216:   97-block  2
    $$$$$:   97-block  3
call    5 never executed
------------------
_ZSt12construct_atISt4pairIKlSt6vectorIS2_IlSaIlEESaIS4_EEEJS7_EEDTgsnwcvPvLi0E_T_pispcl7declvalIT0_EEEEPS9_DpOSA_:
function _ZSt12construct_atISt4pairIKlSt6vectorIS2_IlSaIlEESaIS4_EEEJS7_EEDTgsnwcvPvLi0E_T_pispcl7declvalIT0_EEEEPS9_DpOSA_ called 71 returned 100% blocks executed 100%
       71:   94:    construct_at(_Tp* __location, _Args&&... __args)
        -:   95:    noexcept(noexcept(::new((void*)0) _Tp(std::declval<_Args>()...)))
        -:   96:    -> decltype(::new((void*)0) _Tp(std::declval<_Args>()...))
       71:   97:    { return ::new((void*)__location) _Tp(std::forward<_Args>(__args)...); }
       71:   97-block  0
call    0 returned 71
call    1 returned 71
call    2 returned 71
------------------
_ZSt12construct_atISt6vectorIlSaIlEEJRKS2_EEDTgsnwcvPvLi0E_T_pispcl7declvalIT0_EEEEPS6_DpOS7_:
function _ZSt12construct_atISt6vectorIlSaIlEEJRKS2_EEDTgsnwcvPvLi0E_T_pispcl7declvalIT0_EEEEPS6_DpOS7_ called 89 returned 100% blocks executed 86%
       89:   94:    construct_at(_Tp* __location, _Args&&... __args)
        -:   95:    noexcept(noexcept(::new((void*)0) _Tp(std::declval<_Args>()...)))
        -:   96:    -> decltype(::new((void*)0) _Tp(std::declval<_Args>()...))
       89:   97:    { return ::new((void*)__location) _Tp(std::forward<_Args>(__args)...); }
       89:   97-block  0
call    0 returned 89
call    1 returned 89
call    2 returned 89
branch  3 taken 89 (fallthrough)
branch  4 taken 0 (throw)
       89:   97-block  1
       89:   97-block  2
    $$$$$:   97-block  3
call    5 never executed
------------------
_ZSt12construct_atImJmEEDTgsnwcvPvLi0E_T_pispcl7declvalIT0_EEEEPS1_DpOS2_:
function _ZSt12construct_atImJmEEDTgsnwcvPvLi0E_T_pispcl7declvalIT0_EEEEPS1_DpOS2_ called 373 returned 100% blocks executed 100%
      373:   94:    construct_at(_Tp* __location, _Args&&... __args)
        -:   95:    noexcept(noexcept(::new((void*)0) _Tp(std::declval<_Args>()...)))
        -:   96:    -> decltype(::new((void*)0) _Tp(std::declval<_Args>()...))
      373:   97:    { return ::new((void*)__location) _Tp(std::forward<_Args>(__args)...); }
      373:   97-block  0
call    0 returned 373
call    1 returned 373
------------------
_ZSt12construct_atISt6vectorIlSaIlEEJS2_EEDTgsnwcvPvLi0E_T_pispcl7declvalIT0_EEEEPS4_DpOS5_:
function _ZSt12construct_atISt6vectorIlSaIlEEJS2_EEDTgsnwcvPvLi0E_T_pispcl7declvalIT0_EEEEPS4_DpOS5_ called 290 returned 100% blocks executed 100%
      290:   94:    construct_at(_Tp* __location, _Args&&... __args)
        -:   95:    noexcept(noexcept(::new((void*)0) _Tp(std::declval<_Args>()...)))
        -:   96:    -> decltype(::new((void*)0) _Tp(std::declval<_Args>()...))
      290:   97:    { return ::new((void*)__location) _Tp(std::forward<_Args>(__args)...); }
      290:   97-block  0
call    0 returned 290
call    1 returned 290
call    2 returned 290
------------------
_ZSt12construct_atIlJRKlEEDTgsnwcvPvLi0E_T_pispcl7declvalIT0_EEEEPS3_DpOS4_:
function _ZSt12construct_atIlJRKlEEDTgsnwcvPvLi0E_T_pispcl7declvalIT0_EEEEPS3_DpOS4_ called 652 returned 100% blocks executed 100%
      652:   94:    construct_at(_Tp* __location, _Args&&... __args)
        -:   95:    noexcept(noexcept(::new((void*)0) _Tp(std::declval<_Args>()...)))
        -:   96:    -> decltype(::new((void*)0) _Tp(std::declval<_Args>()...))
      652:   97:    { return ::new((void*)__location) _Tp(std::forward<_Args>(__args)...); }
      652:   97-block  0
call    0 returned 652
call    1 returned 652
------------------
_ZSt12construct_atINSt7__cxx1112basic_stringIwSt11char_traitsIwESaIwEEEJS5_EEDTgsnwcvPvLi0E_T_pispcl7declvalIT0_EEEEPS7_DpOS8_:
function _ZSt12construct_atINSt7__cxx1112basic_stringIwSt11char_traitsIwESaIwEEEJS5_EEDTgsnwcvPvLi0E_T_pispcl7declvalIT0_EEEEPS7_DpOS8_ called 1069 returned 100% blocks executed 100%
     1069:   94:    construct_at(_Tp* __location, _Args&&... __args)
        -:   95:    noexcept(noexcept(::new((void*)0) _Tp(std::declval<_Args>()...)))
        -:   96:    -> decltype(::new((void*)0) _Tp(std::declval<_Args>()...))
     1069:   97:    { return ::new((void*)__location) _Tp(std::forward<_Args>(__args)...); }
     1069:   97-block  0
call    0 returned 1069
call    1 returned 1069
call    2 returned 1069
------------------
_ZSt12construct_atISt4pairIKlSt13unordered_setIN17BasicEarleyParserIwE9SituationENS5_15SituationHasherESt8equal_toIS5_ESaIS5_EEEJRKSt21piecewise_construct_tSt5tupleIJOlEESF_IJEEEEDTgsnwcvPvLi0E_T_pispcl7declvalIT0_EEEEPSK_DpOSL_:
function _ZSt12construct_atISt4pairIKlSt13unordered_setIN17BasicEarleyParserIwE9SituationENS5_15SituationHasherESt8equal_toIS5_ESaIS5_EEEJRKSt21piecewise_construct_tSt5tupleIJOlEESF_IJEEEEDTgsnwcvPvLi0E_T_pispcl7declvalIT0_EEEEPSK_DpOSL_ called 101258 returned 100% blocks executed 69%
   101258:   94:    construct_at(_Tp* __location, _Args&&... __args)
        -:   95:    noexcept(noexcept(::new((void*)0) _Tp(std::declval<_Args>()...)))
        -:   96:    -> decltype(::new((void*)0) _Tp(std::declval<_Args>()...))
   101258:   97:    { return ::new((void*)__location) _Tp(std::forward<_Args>(__args)...); }
   101258:   97-block  0
call    0 returned 101258
call    1 returned 101258
call    2 returned 101258
call    3 returned 101258
call    4 returned 101258
call    5 returned 101258
branch  6 taken 101258 (fallthrough)
branch  7 taken 0 (throw)
   101258:   97-block  1
   101258:   97-block  2
    $$$$$:   97-block  3
call    8 never executed
    $$$$$:   97-block  4
    $$$$$:   97-block  5
------------------
_ZSt12construct_atIN17BasicEarleyParserIwE9SituationEJS2_EEDTgsnwcvPvLi0E_T_pispcl7declvalIT0_EEEEPS4_DpOS5_:
function _ZSt12construct_atIN17BasicEarleyParserIwE9SituationEJS2_EEDTgsnwcvPvLi0E_T_pispcl7declvalIT0_EEEEPS4_DpOS5_ called 353158 returned 100% blocks executed 100%
   353158:   94:    construct_at(_Tp* __location, _Args&&... __args)
        -:   95:    noexcept(noexcept(::new((void*)0) _Tp(std::declval<_Args>()...)))
        -:   96:    -> decltype(::new((void*)0) _Tp(std::declval<_Args>()...))
   353158:   97:    { return ::new((void*)__location) _Tp(std::forward<_Args>(__args)...); }
   353158:   97-block  0
call    0 returned 353158
call    1 returned 353158
call    2 returned 353158
------------------
_ZSt12construct_atIN17BasicEarleyParserIwE9SituationEJRKS2_EEDTgsnwcvPvLi0E_T_pispcl7declvalIT0_EEEEPS6_DpOS7_:
function _ZSt12construct_atIN17BasicEarleyParserIwE9SituationEJRKS2_EEDTgsnwcvPvLi0E_T_pispcl7declvalIT0_EEEEPS6_DpOS7_ called 656883 returned 100% blocks executed 100%
   656883:   94:    construct_at(_Tp* __location, _Args&&... __args)
        -:   95:    noexcept(noexcept(::new((void*)0) _Tp(std::declval<_Args>()...)))
        -:   96:    -> decltype(::new((void*)0) _Tp(std::declval<_Args>()...))
   656883:   97:    { return ::new((void*)__location) _Tp(std::forward<_Args>(__args)...); }
   656883:   97-block  0
call    0 returned 656883
call    1 returned 656883
call    2 returned 656883
------------------
        -:   98:#endif // C++20
        -:   99:#endif// C++17
        -:  100:
        -:  101:  /**
        -:  102:   * Constructs an object in existing memory by invoking an allocated
        -:  103:   * object's constructor with an initializer.
        -:  104:   */
        -:  105:#if __cplusplus >= 201103L
        -:  106:  template<typename _Tp, typename... _Args>
        -:  107:    _GLIBCXX20_CONSTEXPR
        -:  108:    inline void
   101793:  109:    _Construct(_Tp* __p, _Args&&... __args)
        -:  110:    {
        -:  111:#if __cplusplus >= 202002L && __has_builtin(__builtin_is_constant_evaluated)
        -:  112:      if (__builtin_is_constant_evaluated())
        -:  113:	{
        -:  114:	  // Allow std::_Construct to be used in constant expressions.
        -:  115:	  std::construct_at(__p, std::forward<_Args>(__args)...);
        -:  116:	  return;
        -:  117:	}
        -:  118:#endif
   101793:  119:      ::new(static_cast<void*>(__p)) _Tp(std::forward<_Args>(__args)...);
        -:  120:    }
------------------
_ZSt10_ConstructImJEEvPT_DpOT0_:
function _ZSt10_ConstructImJEEvPT_DpOT0_ called 409 returned 100% blocks executed 100%
      409:  109:    _Construct(_Tp* __p, _Args&&... __args)
      409:  109-block  0
        -:  110:    {
        -:  111:#if __cplusplus >= 202002L && __has_builtin(__builtin_is_constant_evaluated)
        -:  112:      if (__builtin_is_constant_evaluated())
        -:  113:	{
        -:  114:	  // Allow std::_Construct to be used in constant expressions.
        -:  115:	  std::construct_at(__p, std::forward<_Args>(__args)...);
        -:  116:	  return;
        -:  117:	}
        -:  118:#endif
      409:  119:      ::new(static_cast<void*>(__p)) _Tp(std::forward<_Args>(__args)...);
      409:  119-block  0
call    0 returned 409
        -:  120:    }
------------------
_ZSt10_ConstructINSt7__cxx1112basic_stringIwSt11char_traitsIwESaIwEEEJRKS5_EEvPT_DpOT0_:
function _ZSt10_ConstructINSt7__cxx1112basic_stringIwSt11char_traitsIwESaIwEEEJRKS5_EEvPT_DpOT0_ called 11 returned 100% blocks executed 86%
       11:  109:    _Construct(_Tp* __p, _Args&&... __args)
       11:  109-block  0
        -:  110:    {
        -:  111:#if __cplusplus >= 202002L && __has_builtin(__builtin_is_constant_evaluated)
        -:  112:      if (__builtin_is_constant_evaluated())
        -:  113:	{
        -:  114:	  // Allow std::_Construct to be used in constant expressions.
        -:  115:	  std::construct_at(__p, std::forward<_Args>(__args)...);
        -:  116:	  return;
        -:  117:	}
        -:  118:#endif
       11:  119:      ::new(static_cast<void*>(__p)) _Tp(std::forward<_Args>(__args)...);
       11:  119-block  0
call    0 returned 11
call    1 returned 11
call    2 returned 11
branch  3 taken 11 (fallthrough)
branch  4 taken 0 (throw)
    $$$$$:  119-block  1
call    5 never executed
        -:  120:    }
------------------
_ZSt10_ConstructISt6vectorIlSaIlEEJRKS2_EEvPT_DpOT0_:
function _ZSt10_ConstructISt6vectorIlSaIlEEJRKS2_EEvPT_DpOT0_ called 46 returned 100% blocks executed 86%
       46:  109:    _Construct(_Tp* __p, _Args&&... __args)
       46:  109-block  0
        -:  110:    {
        -:  111:#if __cplusplus >= 202002L && __has_builtin(__builtin_is_constant_evaluated)
        -:  112:      if (__builtin_is_constant_evaluated())
        -:  113:	{
        -:  114:	  // Allow std::_Construct to be used in constant expressions.
        -:  115:	  std::construct_at(__p, std::forward<_Args>(__args)...);
        -:  116:	  return;
        -:  117:	}
        -:  118:#endif
       46:  119:      ::new(static_cast<void*>(__p)) _Tp(std::forward<_Args>(__args)...);
       46:  119-block  0
call    0 returned 46
call    1 returned 46
call    2 returned 46
branch  3 taken 46 (fallthrough)
branch  4 taken 0 (throw)
    $$$$$:  119-block  1
call    5 never executed
        -:  120:    }
------------------
_ZSt10_ConstructISt13unordered_mapIlSt13unordered_setIN17BasicEarleyParserIwE9SituationENS4_15SituationHasherESt8equal_toIS4_ESaIS4_EESt4hashIlES6_IlESaISt4pairIKlS9_EEEJEEvPT_DpOT0_:
function _ZSt10_ConstructISt13unordered_mapIlSt13unordered_setIN17BasicEarleyParserIwE9SituationENS4_15SituationHasherESt8equal_toIS4_ESaIS4_EESt4hashIlES6_IlESaISt4pairIKlS9_EEEJEEvPT_DpOT0_ called 101327 returned 100% blocks executed 100%
   101327:  109:    _Construct(_Tp* __p, _Args&&... __args)
   101327:  109-block  0
        -:  110:    {
        -:  111:#if __cplusplus >= 202002L && __has_builtin(__builtin_is_constant_evaluated)
        -:  112:      if (__builtin_is_constant_evaluated())
        -:  113:	{
        -:  114:	  // Allow std::_Construct to be used in constant expressions.
        -:  115:	  std::construct_at(__p, std::forward<_Args>(__args)...);
        -:  116:	  return;
        -:  117:	}
        -:  118:#endif
   101327:  119:      ::new(static_cast<void*>(__p)) _Tp(std::forward<_Args>(__args)...);
   101327:  119-block  0
call    0 returned 101327
        -:  120:    }
------------------
        -:  121:#else
        -:  122:  template<typename _T1, typename _T2>
        -:  123:    inline void
        -:  124:    _Construct(_T1* __p, const _T2& __value)
        -:  125:    {
        -:  126:      // _GLIBCXX_RESOLVE_LIB_DEFECTS
        -:  127:      // 402. wrong new expression in [some_]allocator::construct
        -:  128:      ::new(static_cast<void*>(__p)) _T1(__value);
        -:  129:    }
        -:  130:#endif
        -:  131:
        -:  132:  template<typename _T1>
        -:  133:    inline void
        -:  134:    _Construct_novalue(_T1* __p)
        -:  135:    { ::new(static_cast<void*>(__p)) _T1; }
        -:  136:
        -:  137:  template<typename _ForwardIterator>
        -:  138:    _GLIBCXX20_CONSTEXPR void
        -:  139:    _Destroy(_ForwardIterator __first, _ForwardIterator __last);
        -:  140:
        -:  141:  /**
        -:  142:   * Destroy the object pointed to by a pointer type.
        -:  143:   */
        -:  144:  template<typename _Tp>
        -:  145:    _GLIBCXX14_CONSTEXPR inline void
  102290*:  146:    _Destroy(_Tp* __pointer)
        -:  147:    {
        -:  148:#if __cplusplus > 201703L
  102290*:  149:      std::destroy_at(__pointer);
        -:  150:#else
        -:  151:      __pointer->~_Tp();
        -:  152:#endif
  102290*:  153:    }
------------------
_ZSt8_DestroyISt13unordered_setIlSt4hashIlESt8equal_toIlESaIlEEEvPT_:
function _ZSt8_DestroyISt13unordered_setIlSt4hashIlESt8equal_toIlESaIlEEEvPT_ called 89 returned 100% blocks executed 100%
       89:  146:    _Destroy(_Tp* __pointer)
        -:  147:    {
        -:  148:#if __cplusplus > 201703L
       89:  149:      std::destroy_at(__pointer);
       89:  149-block  0
call    0 returned 89
        -:  150:#else
        -:  151:      __pointer->~_Tp();
        -:  152:#endif
       89:  153:    }
------------------
_ZSt8_DestroyImEvPT_:
function _ZSt8_DestroyImEvPT_ called 0 returned 0% blocks executed 0%
    #####:  146:    _Destroy(_Tp* __pointer)
        -:  147:    {
        -:  148:#if __cplusplus > 201703L
    #####:  149:      std::destroy_at(__pointer);
    %%%%%:  149-block  0
call    0 never executed
        -:  150:#else
        -:  151:      __pointer->~_Tp();
        -:  152:#endif
    #####:  153:    }
------------------
_ZSt8_DestroyINSt7__cxx1112basic_stringIwSt11char_traitsIwESaIwEEEEvPT_:
function _ZSt8_DestroyINSt7__cxx1112basic_stringIwSt11char_traitsIwESaIwEEEEvPT_ called 602 returned 100% blocks executed 100%
      602:  146:    _Destroy(_Tp* __pointer)
        -:  147:    {
        -:  148:#if __cplusplus > 201703L
      602:  149:      std::destroy_at(__pointer);
      602:  149-block  0
call    0 returned 602
        -:  150:#else
        -:  151:      __pointer->~_Tp();
        -:  152:#endif
      602:  153:    }
------------------
_ZSt8_DestroyISt6vectorIlSaIlEEEvPT_:
function _ZSt8_DestroyISt6vectorIlSaIlEEEvPT_ called 272 returned 100% blocks executed 100%
      272:  146:    _Destroy(_Tp* __pointer)
        -:  147:    {
        -:  148:#if __cplusplus > 201703L
      272:  149:      std::destroy_at(__pointer);
      272:  149-block  0
call    0 returned 272
        -:  150:#else
        -:  151:      __pointer->~_Tp();
        -:  152:#endif
      272:  153:    }
------------------
_ZSt8_DestroyIlEvPT_:
function _ZSt8_DestroyIlEvPT_ called 0 returned 0% blocks executed 0%
    #####:  146:    _Destroy(_Tp* __pointer)
        -:  147:    {
        -:  148:#if __cplusplus > 201703L
    #####:  149:      std::destroy_at(__pointer);
    %%%%%:  149-block  0
call    0 never executed
        -:  150:#else
        -:  151:      __pointer->~_Tp();
        -:  152:#endif
    #####:  153:    }
------------------
_ZSt8_DestroyISt13unordered_mapIlSt13unordered_setIN17BasicEarleyParserIwE9SituationENS4_15SituationHasherESt8equal_toIS4_ESaIS4_EESt4hashIlES6_IlESaISt4pairIKlS9_EEEEvPT_:
function _ZSt8_DestroyISt13unordered_mapIlSt13unordered_setIN17BasicEarleyParserIwE9SituationENS4_15SituationHasherESt8equal_toIS4_ESaIS4_EESt4hashIlES6_IlESaISt4pairIKlS9_EEEEvPT_ called 101327 returned 100% blocks executed 100%
   101327:  146:    _Destroy(_Tp* __pointer)
        -:  147:    {
        -:  148:#if __cplusplus > 201703L
   101327:  149:      std::destroy_at(__pointer);
   101327:  149-block  0
call    0 returned 101327
        -:  150:#else
        -:  151:      __pointer->~_Tp();
        -:  152:#endif
   101327:  153:    }
------------------
        -:  154:
        -:  155:  template<bool>
        -:  156:    struct _Destroy_aux
        -:  157:    {
        -:  158:      template<typename _ForwardIterator>
        -:  159:	static _GLIBCXX20_CONSTEXPR void
    1149*:  160:	__destroy(_ForwardIterator __first, _ForwardIterator __last)
        -:  161:	{
  103439*:  162:	  for (; __first != __last; ++__first)
  102290*:  163:	    std::_Destroy(std::__addressof(*__first));
    1149*:  164:	}
------------------
_ZNSt12_Destroy_auxILb0EE9__destroyIPSt13unordered_setIlSt4hashIlESt8equal_toIlESaIlEEEEvT_SA_:
function _ZNSt12_Destroy_auxILb0EE9__destroyIPSt13unordered_setIlSt4hashIlESt8equal_toIlESaIlEEEEvT_SA_ called 144 returned 100% blocks executed 100%
      144:  160:	__destroy(_ForwardIterator __first, _ForwardIterator __last)
        -:  161:	{
      233:  162:	  for (; __first != __last; ++__first)
      144:  162-block  0
      233:  162-block  1
branch  0 taken 89
branch  1 taken 144 (fallthrough)
       89:  163:	    std::_Destroy(std::__addressof(*__first));
       89:  163-block  0
call    0 returned 89
call    1 returned 89
      144:  164:	}
------------------
_ZNSt12_Destroy_auxILb0EE9__destroyIPmEEvT_S3_:
function _ZNSt12_Destroy_auxILb0EE9__destroyIPmEEvT_S3_ called 0 returned 0% blocks executed 0%
    #####:  160:	__destroy(_ForwardIterator __first, _ForwardIterator __last)
        -:  161:	{
    #####:  162:	  for (; __first != __last; ++__first)
    %%%%%:  162-block  0
    %%%%%:  162-block  1
branch  0 never executed
branch  1 never executed
    #####:  163:	    std::_Destroy(std::__addressof(*__first));
    %%%%%:  163-block  0
call    0 never executed
call    1 never executed
    #####:  164:	}
------------------
_ZNSt12_Destroy_auxILb0EE9__destroyIPNSt7__cxx1112basic_stringIwSt11char_traitsIwESaIwEEEEEvT_S9_:
function _ZNSt12_Destroy_auxILb0EE9__destroyIPNSt7__cxx1112basic_stringIwSt11char_traitsIwESaIwEEEEEvT_S9_ called 592 returned 100% blocks executed 100%
      592:  160:	__destroy(_ForwardIterator __first, _ForwardIterator __last)
        -:  161:	{
     1194:  162:	  for (; __first != __last; ++__first)
      592:  162-block  0
     1194:  162-block  1
branch  0 taken 602
branch  1 taken 592 (fallthrough)
      602:  163:	    std::_Destroy(std::__addressof(*__first));
      602:  163-block  0
call    0 returned 602
call    1 returned 602
      592:  164:	}
------------------
_ZNSt12_Destroy_auxILb0EE9__destroyIPSt6vectorIlSaIlEEEEvT_S6_:
function _ZNSt12_Destroy_auxILb0EE9__destroyIPSt6vectorIlSaIlEEEEvT_S6_ called 246 returned 100% blocks executed 100%
      246:  160:	__destroy(_ForwardIterator __first, _ForwardIterator __last)
        -:  161:	{
      518:  162:	  for (; __first != __last; ++__first)
      246:  162-block  0
      518:  162-block  1
branch  0 taken 272
branch  1 taken 246 (fallthrough)
      272:  163:	    std::_Destroy(std::__addressof(*__first));
      272:  163-block  0
call    0 returned 272
call    1 returned 272
      246:  164:	}
------------------
_ZNSt12_Destroy_auxILb0EE9__destroyIPlEEvT_S3_:
function _ZNSt12_Destroy_auxILb0EE9__destroyIPlEEvT_S3_ called 0 returned 0% blocks executed 0%
    #####:  160:	__destroy(_ForwardIterator __first, _ForwardIterator __last)
        -:  161:	{
    #####:  162:	  for (; __first != __last; ++__first)
    %%%%%:  162-block  0
    %%%%%:  162-block  1
branch  0 never executed
branch  1 never executed
    #####:  163:	    std::_Destroy(std::__addressof(*__first));
    %%%%%:  163-block  0
call    0 never executed
call    1 never executed
    #####:  164:	}
------------------
_ZNSt12_Destroy_auxILb0EE9__destroyIPSt13unordered_mapIlSt13unordered_setIN17BasicEarleyParserIwE9SituationENS6_15SituationHasherESt8equal_toIS6_ESaIS6_EESt4hashIlES8_IlESaISt4pairIKlSB_EEEEEvT_SL_:
function _ZNSt12_Destroy_auxILb0EE9__destroyIPSt13unordered_mapIlSt13unordered_setIN17BasicEarleyParserIwE9SituationENS6_15SituationHasherESt8equal_toIS6_ESaIS6_EESt4hashIlES8_IlESaISt4pairIKlSB_EEEEEvT_SL_ called 167 returned 100% blocks executed 100%
      167:  160:	__destroy(_ForwardIterator __first, _ForwardIterator __last)
        -:  161:	{
   101494:  162:	  for (; __first != __last; ++__first)
      167:  162-block  0
   101494:  162-block  1
branch  0 taken 101327
branch  1 taken 167 (fallthrough)
   101327:  163:	    std::_Destroy(std::__addressof(*__first));
   101327:  163-block  0
call    0 returned 101327
call    1 returned 101327
      167:  164:	}
------------------
        -:  165:    };
        -:  166:
        -:  167:  template<>
        -:  168:    struct _Destroy_aux<true>
        -:  169:    {
        -:  170:      template<typename _ForwardIterator>
        -:  171:        static void
     1615:  172:        __destroy(_ForwardIterator, _ForwardIterator) { }
------------------
_ZNSt12_Destroy_auxILb1EE9__destroyIPmEEvT_S3_:
function _ZNSt12_Destroy_auxILb1EE9__destroyIPmEEvT_S3_ called 899 returned 100% blocks executed 100%
      899:  172:        __destroy(_ForwardIterator, _ForwardIterator) { }
------------------
_ZNSt12_Destroy_auxILb1EE9__destroyIPlEEvT_S3_:
function _ZNSt12_Destroy_auxILb1EE9__destroyIPlEEvT_S3_ called 716 returned 100% blocks executed 100%
      716:  172:        __destroy(_ForwardIterator, _ForwardIterator) { }
------------------
        -:  173:    };
        -:  174:
        -:  175:  /**
        -:  176:   * Destroy a range of objects.  If the value_type of the object has
        -:  177:   * a trivial destructor, the compiler should optimize all of this
        -:  178:   * away, otherwise the objects' destructors must be invoked.
        -:  179:   */
        -:  180:  template<typename _ForwardIterator>
        -:  181:    _GLIBCXX20_CONSTEXPR inline void
     2764:  182:    _Destroy(_ForwardIterator __first, _ForwardIterator __last)
        -:  183:    {
        -:  184:      typedef typename iterator_traits<_ForwardIterator>::value_type
        -:  185:                       _Value_type;
        -:  186:#if __cplusplus >= 201103L
        -:  187:      // A deleted destructor is trivial, this ensures we reject such types:
        -:  188:      static_assert(is_destructible<_Value_type>::value,
        -:  189:		    "value type is destructible");
        -:  190:#endif
        -:  191:#if __cplusplus > 201703L && defined __cpp_lib_is_constant_evaluated
     2764:  192:      if (std::is_constant_evaluated())
    #####:  193:	return _Destroy_aux<false>::__destroy(__first, __last);
        -:  194:#endif
        -:  195:      std::_Destroy_aux<__has_trivial_destructor(_Value_type)>::
     2764:  196:	__destroy(__first, __last);
        -:  197:    }
        -:  198:
        -:  199:  template<bool>
        -:  200:    struct _Destroy_n_aux
        -:  201:    {
        -:  202:      template<typename _ForwardIterator, typename _Size>
        -:  203:	static _GLIBCXX20_CONSTEXPR _ForwardIterator
        -:  204:	__destroy_n(_ForwardIterator __first, _Size __count)
        -:  205:	{
        -:  206:	  for (; __count > 0; (void)++__first, --__count)
        -:  207:	    std::_Destroy(std::__addressof(*__first));
        -:  208:	  return __first;
        -:  209:	}
        -:  210:    };
        -:  211:
        -:  212:  template<>
        -:  213:    struct _Destroy_n_aux<true>
        -:  214:    {
        -:  215:      template<typename _ForwardIterator, typename _Size>
        -:  216:        static _ForwardIterator
        -:  217:        __destroy_n(_ForwardIterator __first, _Size __count)
        -:  218:	{
        -:  219:	  std::advance(__first, __count);
        -:  220:	  return __first;
        -:  221:	}
        -:  222:    };
        -:  223:
        -:  224:  /**
        -:  225:   * Destroy a range of objects.  If the value_type of the object has
        -:  226:   * a trivial destructor, the compiler should optimize all of this
        -:  227:   * away, otherwise the objects' destructors must be invoked.
        -:  228:   */
        -:  229:  template<typename _ForwardIterator, typename _Size>
        -:  230:    _GLIBCXX20_CONSTEXPR inline _ForwardIterator
        -:  231:    _Destroy_n(_ForwardIterator __first, _Size __count)
        -:  232:    {
        -:  233:      typedef typename iterator_traits<_ForwardIterator>::value_type
        -:  234:                       _Value_type;
        -:  235:#if __cplusplus >= 201103L
        -:  236:      // A deleted destructor is trivial, this ensures we reject such types:
        -:  237:      static_assert(is_destructible<_Value_type>::value,
        -:  238:		    "value type is destructible");
        -:  239:#endif
        -:  240:#if __cplusplus > 201703L && defined __cpp_lib_is_constant_evaluated
        -:  241:      if (std::is_constant_evaluated())
        -:  242:	return _Destroy_n_aux<false>::__destroy_n(__first, __count);
        -:  243:#endif
        -:  244:      return std::_Destroy_n_aux<__has_trivial_destructor(_Value_type)>::
        -:  245:	__destroy_n(__first, __count);
        -:  246:    }
        -:  247:
        -:  248:#if __cplusplus >= 201703L
        -:  249:  template <typename _ForwardIterator>
        -:  250:    _GLIBCXX20_CONSTEXPR inline void
        -:  251:    destroy(_ForwardIterator __first, _ForwardIterator __last)
        -:  252:    {
        -:  253:      std::_Destroy(__first, __last);
        -:  254:    }
        -:  255:
        -:  256:  template <typename _ForwardIterator, typename _Size>
        -:  257:    _GLIBCXX20_CONSTEXPR inline _ForwardIterator
        -:  258:    destroy_n(_ForwardIterator __first, _Size __count)
        -:  259:    {
        -:  260:      return std::_Destroy_n(__first, __count);
        -:  261:    }
        -:  262:#endif // C++17
        -:  263:
        -:  264:_GLIBCXX_END_NAMESPACE_VERSION
        -:  265:} // namespace std
        -:  266:
        -:  267:#endif /* _STL_CONSTRUCT_H */
