        -:    0:Source:/usr/include/c++/11/bits/stl_construct.h
        -:    0:Graph:/home/ownstreamer/proga/C++/Parsers/cmake-build-debug-coverage/GoogleTests/CMakeFiles/Google_Tests_run.dir/src/TestsLR.cpp.gcno
        -:    0:Data:/home/ownstreamer/proga/C++/Parsers/cmake-build-debug-coverage/GoogleTests/CMakeFiles/Google_Tests_run.dir/src/TestsLR.cpp.gcda
        -:    0:Runs:1
        -:    1:// nonstandard construct and destroy functions -*- C++ -*-
        -:    2:
        -:    3:// Copyright (C) 2001-2021 Free Software Foundation, Inc.
        -:    4://
        -:    5:// This file is part of the GNU ISO C++ Library.  This library is free
        -:    6:// software; you can redistribute it and/or modify it under the
        -:    7:// terms of the GNU General Public License as published by the
        -:    8:// Free Software Foundation; either version 3, or (at your option)
        -:    9:// any later version.
        -:   10:
        -:   11:// This library is distributed in the hope that it will be useful,
        -:   12:// but WITHOUT ANY WARRANTY; without even the implied warranty of
        -:   13:// MERCHANTABILITY or FITNESS FOR A PARTICULAR PURPOSE.  See the
        -:   14:// GNU General Public License for more details.
        -:   15:
        -:   16:// Under Section 7 of GPL version 3, you are granted additional
        -:   17:// permissions described in the GCC Runtime Library Exception, version
        -:   18:// 3.1, as published by the Free Software Foundation.
        -:   19:
        -:   20:// You should have received a copy of the GNU General Public License and
        -:   21:// a copy of the GCC Runtime Library Exception along with this program;
        -:   22:// see the files COPYING3 and COPYING.RUNTIME respectively.  If not, see
        -:   23:// <http://www.gnu.org/licenses/>.
        -:   24:
        -:   25:/*
        -:   26: *
        -:   27: * Copyright (c) 1994
        -:   28: * Hewlett-Packard Company
        -:   29: *
        -:   30: * Permission to use, copy, modify, distribute and sell this software
        -:   31: * and its documentation for any purpose is hereby granted without fee,
        -:   32: * provided that the above copyright notice appear in all copies and
        -:   33: * that both that copyright notice and this permission notice appear
        -:   34: * in supporting documentation.  Hewlett-Packard Company makes no
        -:   35: * representations about the suitability of this software for any
        -:   36: * purpose.  It is provided "as is" without express or implied warranty.
        -:   37: *
        -:   38: *
        -:   39: * Copyright (c) 1996,1997
        -:   40: * Silicon Graphics Computer Systems, Inc.
        -:   41: *
        -:   42: * Permission to use, copy, modify, distribute and sell this software
        -:   43: * and its documentation for any purpose is hereby granted without fee,
        -:   44: * provided that the above copyright notice appear in all copies and
        -:   45: * that both that copyright notice and this permission notice appear
        -:   46: * in supporting documentation.  Silicon Graphics makes no
        -:   47: * representations about the suitability of this software for any
        -:   48: * purpose.  It is provided "as is" without express or implied warranty.
        -:   49: */
        -:   50:
        -:   51:/** @file bits/stl_construct.h
        -:   52: *  This is an internal header file, included by other library headers.
        -:   53: *  Do not attempt to use it directly. @headername{memory}
        -:   54: */
        -:   55:
        -:   56:#ifndef _STL_CONSTRUCT_H
        -:   57:#define _STL_CONSTRUCT_H 1
        -:   58:
        -:   59:#include <new>
        -:   60:#include <bits/move.h>
        -:   61:#include <bits/stl_iterator_base_types.h> // for iterator_traits
        -:   62:#include <bits/stl_iterator_base_funcs.h> // for advance
        -:   63:
        -:   64:/* This file provides the C++17 functions std::destroy_at, std::destroy, and
        -:   65: * std::destroy_n, and the C++20 function std::construct_at.
        -:   66: * It also provides std::_Construct, std::_Destroy,and std::_Destroy_n functions
        -:   67: * which are defined in all standard modes and so can be used in C++98-14 code.
        -:   68: * The _Destroy functions will dispatch to destroy_at during constant
        -:   69: * evaluation, because calls to that function are intercepted by the compiler
        -:   70: * to allow use in constant expressions.
        -:   71: */
        -:   72:
        -:   73:namespace std _GLIBCXX_VISIBILITY(default)
        -:   74:{
        -:   75:_GLIBCXX_BEGIN_NAMESPACE_VERSION
        -:   76:
        -:   77:#if __cplusplus >= 201703L
        -:   78:  template <typename _Tp>
        -:   79:    _GLIBCXX20_CONSTEXPR inline void
    3824*:   80:    destroy_at(_Tp* __location)
        -:   81:    {
        -:   82:      if constexpr (__cplusplus > 201703L && is_array_v<_Tp>)
        -:   83:	{
        -:   84:	  for (auto& __x : *__location)
        -:   85:	    std::destroy_at(std::__addressof(__x));
        -:   86:	}
        -:   87:      else
    3824*:   88:	__location->~_Tp();
    3824*:   89:    }
------------------
_ZSt10destroy_atImEvPT_:
function _ZSt10destroy_atImEvPT_ called 0 returned 0% blocks executed 0%
    #####:   80:    destroy_at(_Tp* __location)
        -:   81:    {
        -:   82:      if constexpr (__cplusplus > 201703L && is_array_v<_Tp>)
        -:   83:	{
        -:   84:	  for (auto& __x : *__location)
        -:   85:	    std::destroy_at(std::__addressof(__x));
        -:   86:	}
        -:   87:      else
    #####:   88:	__location->~_Tp();
    #####:   89:    }
------------------
_ZSt10destroy_atISt4pairIKlSt13unordered_setIN13BasicLRParserIwLm1EE9SituationENS5_15SituationHasherESt8equal_toIS5_ESaIS5_EEEEvPT_:
function _ZSt10destroy_atISt4pairIKlSt13unordered_setIN13BasicLRParserIwLm1EE9SituationENS5_15SituationHasherESt8equal_toIS5_ESaIS5_EEEEvPT_ called 470 returned 100% blocks executed 100%
      470:   80:    destroy_at(_Tp* __location)
        -:   81:    {
        -:   82:      if constexpr (__cplusplus > 201703L && is_array_v<_Tp>)
        -:   83:	{
        -:   84:	  for (auto& __x : *__location)
        -:   85:	    std::destroy_at(std::__addressof(__x));
        -:   86:	}
        -:   87:      else
      470:   88:	__location->~_Tp();
      470:   88-block  0
call    0 returned 470
      470:   89:    }
------------------
_ZSt10destroy_atISt4pairIKlN13BasicLRParserIwLm1EE6ActionEEEvPT_:
function _ZSt10destroy_atISt4pairIKlN13BasicLRParserIwLm1EE6ActionEEEvPT_ called 816 returned 100% blocks executed 100%
      816:   80:    destroy_at(_Tp* __location)
        -:   81:    {
        -:   82:      if constexpr (__cplusplus > 201703L && is_array_v<_Tp>)
        -:   83:	{
        -:   84:	  for (auto& __x : *__location)
        -:   85:	    std::destroy_at(std::__addressof(__x));
        -:   86:	}
        -:   87:      else
      816:   88:	__location->~_Tp();
      816:   89:    }
------------------
_ZSt10destroy_atIN13BasicLRParserIwLm1EE9SituationEEvPT_:
function _ZSt10destroy_atIN13BasicLRParserIwLm1EE9SituationEEvPT_ called 1922 returned 100% blocks executed 100%
     1922:   80:    destroy_at(_Tp* __location)
        -:   81:    {
        -:   82:      if constexpr (__cplusplus > 201703L && is_array_v<_Tp>)
        -:   83:	{
        -:   84:	  for (auto& __x : *__location)
        -:   85:	    std::destroy_at(std::__addressof(__x));
        -:   86:	}
        -:   87:      else
     1922:   88:	__location->~_Tp();
     1922:   89:    }
------------------
_ZSt10destroy_atISt17reference_wrapperIKN13BasicLRParserIwLm1EE6BucketEEEvPT_:
function _ZSt10destroy_atISt17reference_wrapperIKN13BasicLRParserIwLm1EE6BucketEEEvPT_ called 159 returned 100% blocks executed 100%
      159:   80:    destroy_at(_Tp* __location)
        -:   81:    {
        -:   82:      if constexpr (__cplusplus > 201703L && is_array_v<_Tp>)
        -:   83:	{
        -:   84:	  for (auto& __x : *__location)
        -:   85:	    std::destroy_at(std::__addressof(__x));
        -:   86:	}
        -:   87:      else
      159:   88:	__location->~_Tp();
      159:   89:    }
------------------
_ZSt10destroy_atIN13BasicLRParserIwLm1EE6BucketEEvPT_:
function _ZSt10destroy_atIN13BasicLRParserIwLm1EE6BucketEEvPT_ called 122 returned 100% blocks executed 100%
      122:   80:    destroy_at(_Tp* __location)
        -:   81:    {
        -:   82:      if constexpr (__cplusplus > 201703L && is_array_v<_Tp>)
        -:   83:	{
        -:   84:	  for (auto& __x : *__location)
        -:   85:	    std::destroy_at(std::__addressof(__x));
        -:   86:	}
        -:   87:      else
      122:   88:	__location->~_Tp();
      122:   88-block  0
call    0 returned 122
      122:   89:    }
------------------
_ZSt10destroy_atISt6vectorIlSaIlEEEvPT_:
function _ZSt10destroy_atISt6vectorIlSaIlEEEvPT_ called 0 returned 0% blocks executed 0%
    #####:   80:    destroy_at(_Tp* __location)
        -:   81:    {
        -:   82:      if constexpr (__cplusplus > 201703L && is_array_v<_Tp>)
        -:   83:	{
        -:   84:	  for (auto& __x : *__location)
        -:   85:	    std::destroy_at(std::__addressof(__x));
        -:   86:	}
        -:   87:      else
    #####:   88:	__location->~_Tp();
    %%%%%:   88-block  0
call    0 never executed
    #####:   89:    }
------------------
_ZSt10destroy_atINSt7__cxx1112basic_stringIwSt11char_traitsIwESaIwEEEEvPT_:
function _ZSt10destroy_atINSt7__cxx1112basic_stringIwSt11char_traitsIwESaIwEEEEvPT_ called 0 returned 0% blocks executed 0%
    #####:   80:    destroy_at(_Tp* __location)
        -:   81:    {
        -:   82:      if constexpr (__cplusplus > 201703L && is_array_v<_Tp>)
        -:   83:	{
        -:   84:	  for (auto& __x : *__location)
        -:   85:	    std::destroy_at(std::__addressof(__x));
        -:   86:	}
        -:   87:      else
    #####:   88:	__location->~_Tp();
    %%%%%:   88-block  0
call    0 never executed
    #####:   89:    }
------------------
_ZSt10destroy_atIlEvPT_:
function _ZSt10destroy_atIlEvPT_ called 0 returned 0% blocks executed 0%
    #####:   80:    destroy_at(_Tp* __location)
        -:   81:    {
        -:   82:      if constexpr (__cplusplus > 201703L && is_array_v<_Tp>)
        -:   83:	{
        -:   84:	  for (auto& __x : *__location)
        -:   85:	    std::destroy_at(std::__addressof(__x));
        -:   86:	}
        -:   87:      else
    #####:   88:	__location->~_Tp();
    #####:   89:    }
------------------
_ZSt10destroy_atISt13unordered_mapIlN13BasicLRParserIwLm1EE6ActionESt4hashIlESt8equal_toIlESaISt4pairIKlS3_EEEEvPT_:
function _ZSt10destroy_atISt13unordered_mapIlN13BasicLRParserIwLm1EE6ActionESt4hashIlESt8equal_toIlESaISt4pairIKlS3_EEEEvPT_ called 281 returned 100% blocks executed 100%
      281:   80:    destroy_at(_Tp* __location)
        -:   81:    {
        -:   82:      if constexpr (__cplusplus > 201703L && is_array_v<_Tp>)
        -:   83:	{
        -:   84:	  for (auto& __x : *__location)
        -:   85:	    std::destroy_at(std::__addressof(__x));
        -:   86:	}
        -:   87:      else
      281:   88:	__location->~_Tp();
      281:   88-block  0
call    0 returned 281
      281:   89:    }
------------------
_ZSt10destroy_atISt4pairIKlN5boost14dynamic_bitsetImSaImEEEEEvPT_:
function _ZSt10destroy_atISt4pairIKlN5boost14dynamic_bitsetImSaImEEEEEvPT_ called 54 returned 100% blocks executed 100%
       54:   80:    destroy_at(_Tp* __location)
        -:   81:    {
        -:   82:      if constexpr (__cplusplus > 201703L && is_array_v<_Tp>)
        -:   83:	{
        -:   84:	  for (auto& __x : *__location)
        -:   85:	    std::destroy_at(std::__addressof(__x));
        -:   86:	}
        -:   87:      else
       54:   88:	__location->~_Tp();
       54:   88-block  0
call    0 returned 54
       54:   89:    }
------------------
_ZSt10destroy_atISt4pairIKlSt6vectorIS2_IlSaIlEESaIS4_EEEEvPT_:
function _ZSt10destroy_atISt4pairIKlSt6vectorIS2_IlSaIlEESaIS4_EEEEvPT_ called 0 returned 0% blocks executed 0%
    #####:   80:    destroy_at(_Tp* __location)
        -:   81:    {
        -:   82:      if constexpr (__cplusplus > 201703L && is_array_v<_Tp>)
        -:   83:	{
        -:   84:	  for (auto& __x : *__location)
        -:   85:	    std::destroy_at(std::__addressof(__x));
        -:   86:	}
        -:   87:      else
    #####:   88:	__location->~_Tp();
    %%%%%:   88-block  0
call    0 never executed
    #####:   89:    }
------------------
_ZSt10destroy_atISt4pairIKNSt7__cxx1112basic_stringIwSt11char_traitsIwESaIwEEElEEvPT_:
function _ZSt10destroy_atISt4pairIKNSt7__cxx1112basic_stringIwSt11char_traitsIwESaIwEEElEEvPT_ called 0 returned 0% blocks executed 0%
    #####:   80:    destroy_at(_Tp* __location)
        -:   81:    {
        -:   82:      if constexpr (__cplusplus > 201703L && is_array_v<_Tp>)
        -:   83:	{
        -:   84:	  for (auto& __x : *__location)
        -:   85:	    std::destroy_at(std::__addressof(__x));
        -:   86:	}
        -:   87:      else
    #####:   88:	__location->~_Tp();
    %%%%%:   88-block  0
call    0 never executed
    #####:   89:    }
------------------
_ZSt10destroy_atISt4pairIKlNSt7__cxx1112basic_stringIwSt11char_traitsIwESaIwEEEEEvPT_:
function _ZSt10destroy_atISt4pairIKlNSt7__cxx1112basic_stringIwSt11char_traitsIwESaIwEEEEEvPT_ called 0 returned 0% blocks executed 0%
    #####:   80:    destroy_at(_Tp* __location)
        -:   81:    {
        -:   82:      if constexpr (__cplusplus > 201703L && is_array_v<_Tp>)
        -:   83:	{
        -:   84:	  for (auto& __x : *__location)
        -:   85:	    std::destroy_at(std::__addressof(__x));
        -:   86:	}
        -:   87:      else
    #####:   88:	__location->~_Tp();
    %%%%%:   88-block  0
call    0 never executed
    #####:   89:    }
------------------
        -:   90:
        -:   91:#if __cplusplus >= 202002L
        -:   92:  template<typename _Tp, typename... _Args>
        -:   93:    constexpr auto
    3946*:   94:    construct_at(_Tp* __location, _Args&&... __args)
        -:   95:    noexcept(noexcept(::new((void*)0) _Tp(std::declval<_Args>()...)))
        -:   96:    -> decltype(::new((void*)0) _Tp(std::declval<_Args>()...))
    3946*:   97:    { return ::new((void*)__location) _Tp(std::forward<_Args>(__args)...); }
------------------
_ZSt12construct_atISt4pairIKlSt6vectorIS2_IlSaIlEESaIS4_EEEJS7_EEDTgsnwcvPvLi0E_T_pispcl7declvalIT0_EEEEPS9_DpOSA_:
function _ZSt12construct_atISt4pairIKlSt6vectorIS2_IlSaIlEESaIS4_EEEJS7_EEDTgsnwcvPvLi0E_T_pispcl7declvalIT0_EEEEPS9_DpOSA_ called 0 returned 0% blocks executed 0%
    #####:   94:    construct_at(_Tp* __location, _Args&&... __args)
        -:   95:    noexcept(noexcept(::new((void*)0) _Tp(std::declval<_Args>()...)))
        -:   96:    -> decltype(::new((void*)0) _Tp(std::declval<_Args>()...))
    #####:   97:    { return ::new((void*)__location) _Tp(std::forward<_Args>(__args)...); }
    %%%%%:   97-block  0
call    0 never executed
call    1 never executed
call    2 never executed
------------------
_ZSt12construct_atISt13unordered_mapIlN13BasicLRParserIwLm1EE6ActionESt4hashIlESt8equal_toIlESaISt4pairIKlS3_EEEJRKSC_EEDTgsnwcvPvLi0E_T_pispcl7declvalIT0_EEEEPSG_DpOSH_:
function _ZSt12construct_atISt13unordered_mapIlN13BasicLRParserIwLm1EE6ActionESt4hashIlESt8equal_toIlESaISt4pairIKlS3_EEEJRKSC_EEDTgsnwcvPvLi0E_T_pispcl7declvalIT0_EEEEPSG_DpOSH_ called 122 returned 100% blocks executed 86%
      122:   94:    construct_at(_Tp* __location, _Args&&... __args)
        -:   95:    noexcept(noexcept(::new((void*)0) _Tp(std::declval<_Args>()...)))
        -:   96:    -> decltype(::new((void*)0) _Tp(std::declval<_Args>()...))
      122:   97:    { return ::new((void*)__location) _Tp(std::forward<_Args>(__args)...); }
      122:   97-block  0
call    0 returned 122
call    1 returned 122
call    2 returned 122
branch  3 taken 122 (fallthrough)
branch  4 taken 0 (throw)
      122:   97-block  1
      122:   97-block  2
    $$$$$:   97-block  3
call    5 never executed
------------------
_ZSt12construct_atIN13BasicLRParserIwLm1EE9SituationEJRKS2_EEDTgsnwcvPvLi0E_T_pispcl7declvalIT0_EEEEPS6_DpOS7_:
function _ZSt12construct_atIN13BasicLRParserIwLm1EE9SituationEJRKS2_EEDTgsnwcvPvLi0E_T_pispcl7declvalIT0_EEEEPS6_DpOS7_ called 1913 returned 100% blocks executed 100%
     1913:   94:    construct_at(_Tp* __location, _Args&&... __args)
        -:   95:    noexcept(noexcept(::new((void*)0) _Tp(std::declval<_Args>()...)))
        -:   96:    -> decltype(::new((void*)0) _Tp(std::declval<_Args>()...))
     1913:   97:    { return ::new((void*)__location) _Tp(std::forward<_Args>(__args)...); }
     1913:   97-block  0
call    0 returned 1913
call    1 returned 1913
------------------
_ZSt12construct_atINSt7__cxx1112basic_stringIwSt11char_traitsIwESaIwEEEJS5_EEDTgsnwcvPvLi0E_T_pispcl7declvalIT0_EEEEPS7_DpOS8_:
function _ZSt12construct_atINSt7__cxx1112basic_stringIwSt11char_traitsIwESaIwEEEJS5_EEDTgsnwcvPvLi0E_T_pispcl7declvalIT0_EEEEPS7_DpOS8_ called 0 returned 0% blocks executed 0%
    #####:   94:    construct_at(_Tp* __location, _Args&&... __args)
        -:   95:    noexcept(noexcept(::new((void*)0) _Tp(std::declval<_Args>()...)))
        -:   96:    -> decltype(::new((void*)0) _Tp(std::declval<_Args>()...))
    #####:   97:    { return ::new((void*)__location) _Tp(std::forward<_Args>(__args)...); }
    %%%%%:   97-block  0
call    0 never executed
call    1 never executed
call    2 never executed
------------------
_ZSt12construct_atIlJRKlEEDTgsnwcvPvLi0E_T_pispcl7declvalIT0_EEEEPS3_DpOS4_:
function _ZSt12construct_atIlJRKlEEDTgsnwcvPvLi0E_T_pispcl7declvalIT0_EEEEPS3_DpOS4_ called 0 returned 0% blocks executed 0%
    #####:   94:    construct_at(_Tp* __location, _Args&&... __args)
        -:   95:    noexcept(noexcept(::new((void*)0) _Tp(std::declval<_Args>()...)))
        -:   96:    -> decltype(::new((void*)0) _Tp(std::declval<_Args>()...))
    #####:   97:    { return ::new((void*)__location) _Tp(std::forward<_Args>(__args)...); }
    %%%%%:   97-block  0
call    0 never executed
call    1 never executed
------------------
_ZSt12construct_atIN13BasicLRParserIwLm1EE9SituationEJS2_EEDTgsnwcvPvLi0E_T_pispcl7declvalIT0_EEEEPS4_DpOS5_:
function _ZSt12construct_atIN13BasicLRParserIwLm1EE9SituationEJS2_EEDTgsnwcvPvLi0E_T_pispcl7declvalIT0_EEEEPS4_DpOS5_ called 9 returned 100% blocks executed 100%
        9:   94:    construct_at(_Tp* __location, _Args&&... __args)
        -:   95:    noexcept(noexcept(::new((void*)0) _Tp(std::declval<_Args>()...)))
        -:   96:    -> decltype(::new((void*)0) _Tp(std::declval<_Args>()...))
        9:   97:    { return ::new((void*)__location) _Tp(std::forward<_Args>(__args)...); }
        9:   97-block  0
call    0 returned 9
call    1 returned 9
------------------
_ZSt12construct_atISt17reference_wrapperIKN13BasicLRParserIwLm1EE6BucketEEJS5_EEDTgsnwcvPvLi0E_T_pispcl7declvalIT0_EEEEPS7_DpOS8_:
function _ZSt12construct_atISt17reference_wrapperIKN13BasicLRParserIwLm1EE6BucketEEJS5_EEDTgsnwcvPvLi0E_T_pispcl7declvalIT0_EEEEPS7_DpOS8_ called 281 returned 100% blocks executed 100%
      281:   94:    construct_at(_Tp* __location, _Args&&... __args)
        -:   95:    noexcept(noexcept(::new((void*)0) _Tp(std::declval<_Args>()...)))
        -:   96:    -> decltype(::new((void*)0) _Tp(std::declval<_Args>()...))
      281:   97:    { return ::new((void*)__location) _Tp(std::forward<_Args>(__args)...); }
      281:   97-block  0
call    0 returned 281
call    1 returned 281
------------------
_ZSt12construct_atISt6vectorIlSaIlEEJS2_EEDTgsnwcvPvLi0E_T_pispcl7declvalIT0_EEEEPS4_DpOS5_:
function _ZSt12construct_atISt6vectorIlSaIlEEJS2_EEDTgsnwcvPvLi0E_T_pispcl7declvalIT0_EEEEPS4_DpOS5_ called 0 returned 0% blocks executed 0%
    #####:   94:    construct_at(_Tp* __location, _Args&&... __args)
        -:   95:    noexcept(noexcept(::new((void*)0) _Tp(std::declval<_Args>()...)))
        -:   96:    -> decltype(::new((void*)0) _Tp(std::declval<_Args>()...))
    #####:   97:    { return ::new((void*)__location) _Tp(std::forward<_Args>(__args)...); }
    %%%%%:   97-block  0
call    0 never executed
call    1 never executed
call    2 never executed
------------------
_ZSt12construct_atISt4pairIKlN13BasicLRParserIwLm1EE6ActionEEJRKSt21piecewise_construct_tSt5tupleIJRS1_EES9_IJEEEEDTgsnwcvPvLi0E_T_pispcl7declvalIT0_EEEEPSE_DpOSF_:
function _ZSt12construct_atISt4pairIKlN13BasicLRParserIwLm1EE6ActionEEJRKSt21piecewise_construct_tSt5tupleIJRS1_EES9_IJEEEEDTgsnwcvPvLi0E_T_pispcl7declvalIT0_EEEEPSE_DpOSF_ called 304 returned 100% blocks executed 69%
      304:   94:    construct_at(_Tp* __location, _Args&&... __args)
        -:   95:    noexcept(noexcept(::new((void*)0) _Tp(std::declval<_Args>()...)))
        -:   96:    -> decltype(::new((void*)0) _Tp(std::declval<_Args>()...))
      304:   97:    { return ::new((void*)__location) _Tp(std::forward<_Args>(__args)...); }
      304:   97-block  0
call    0 returned 304
call    1 returned 304
call    2 returned 304
call    3 returned 304
call    4 returned 304
call    5 returned 304
branch  6 taken 304 (fallthrough)
branch  7 taken 0 (throw)
      304:   97-block  1
      304:   97-block  2
    $$$$$:   97-block  3
call    8 never executed
    $$$$$:   97-block  4
    $$$$$:   97-block  5
------------------
_ZSt12construct_atImJmEEDTgsnwcvPvLi0E_T_pispcl7declvalIT0_EEEEPS1_DpOS2_:
function _ZSt12construct_atImJmEEDTgsnwcvPvLi0E_T_pispcl7declvalIT0_EEEEPS1_DpOS2_ called 0 returned 0% blocks executed 0%
    #####:   94:    construct_at(_Tp* __location, _Args&&... __args)
        -:   95:    noexcept(noexcept(::new((void*)0) _Tp(std::declval<_Args>()...)))
        -:   96:    -> decltype(::new((void*)0) _Tp(std::declval<_Args>()...))
    #####:   97:    { return ::new((void*)__location) _Tp(std::forward<_Args>(__args)...); }
    %%%%%:   97-block  0
call    0 never executed
call    1 never executed
------------------
_ZSt12construct_atISt4pairIKlN5boost14dynamic_bitsetImSaImEEEEJRKSt21piecewise_construct_tSt5tupleIJRS1_EESA_IJEEEEDTgsnwcvPvLi0E_T_pispcl7declvalIT0_EEEEPSF_DpOSG_:
function _ZSt12construct_atISt4pairIKlN5boost14dynamic_bitsetImSaImEEEEJRKSt21piecewise_construct_tSt5tupleIJRS1_EESA_IJEEEEDTgsnwcvPvLi0E_T_pispcl7declvalIT0_EEEEPSF_DpOSG_ called 54 returned 100% blocks executed 69%
       54:   94:    construct_at(_Tp* __location, _Args&&... __args)
        -:   95:    noexcept(noexcept(::new((void*)0) _Tp(std::declval<_Args>()...)))
        -:   96:    -> decltype(::new((void*)0) _Tp(std::declval<_Args>()...))
       54:   97:    { return ::new((void*)__location) _Tp(std::forward<_Args>(__args)...); }
       54:   97-block  0
call    0 returned 54
call    1 returned 54
call    2 returned 54
call    3 returned 54
call    4 returned 54
call    5 returned 54
branch  6 taken 54 (fallthrough)
branch  7 taken 0 (throw)
       54:   97-block  1
       54:   97-block  2
    $$$$$:   97-block  3
call    8 never executed
    $$$$$:   97-block  4
    $$$$$:   97-block  5
------------------
_ZSt12construct_atISt4pairIKlN13BasicLRParserIwLm1EE6ActionEEJS5_EEDTgsnwcvPvLi0E_T_pispcl7declvalIT0_EEEEPS7_DpOS8_:
function _ZSt12construct_atISt4pairIKlN13BasicLRParserIwLm1EE6ActionEEJS5_EEDTgsnwcvPvLi0E_T_pispcl7declvalIT0_EEEEPS7_DpOS8_ called 199 returned 100% blocks executed 100%
      199:   94:    construct_at(_Tp* __location, _Args&&... __args)
        -:   95:    noexcept(noexcept(::new((void*)0) _Tp(std::declval<_Args>()...)))
        -:   96:    -> decltype(::new((void*)0) _Tp(std::declval<_Args>()...))
      199:   97:    { return ::new((void*)__location) _Tp(std::forward<_Args>(__args)...); }
      199:   97-block  0
call    0 returned 199
call    1 returned 199
------------------
_ZSt12construct_atISt4pairIKNSt7__cxx1112basic_stringIwSt11char_traitsIwESaIwEEElEJS8_EEDTgsnwcvPvLi0E_T_pispcl7declvalIT0_EEEEPSA_DpOSB_:
function _ZSt12construct_atISt4pairIKNSt7__cxx1112basic_stringIwSt11char_traitsIwESaIwEEElEJS8_EEDTgsnwcvPvLi0E_T_pispcl7declvalIT0_EEEEPSA_DpOSB_ called 0 returned 0% blocks executed 0%
    #####:   94:    construct_at(_Tp* __location, _Args&&... __args)
        -:   95:    noexcept(noexcept(::new((void*)0) _Tp(std::declval<_Args>()...)))
        -:   96:    -> decltype(::new((void*)0) _Tp(std::declval<_Args>()...))
    #####:   97:    { return ::new((void*)__location) _Tp(std::forward<_Args>(__args)...); }
    %%%%%:   97-block  0
call    0 never executed
call    1 never executed
call    2 never executed
branch  3 never executed
branch  4 never executed
    %%%%%:   97-block  1
    %%%%%:   97-block  2
    $$$$$:   97-block  3
call    5 never executed
------------------
_ZSt12construct_atISt4pairIKlNSt7__cxx1112basic_stringIwSt11char_traitsIwESaIwEEEEJS8_EEDTgsnwcvPvLi0E_T_pispcl7declvalIT0_EEEEPSA_DpOSB_:
function _ZSt12construct_atISt4pairIKlNSt7__cxx1112basic_stringIwSt11char_traitsIwESaIwEEEEJS8_EEDTgsnwcvPvLi0E_T_pispcl7declvalIT0_EEEEPSA_DpOSB_ called 0 returned 0% blocks executed 0%
    #####:   94:    construct_at(_Tp* __location, _Args&&... __args)
        -:   95:    noexcept(noexcept(::new((void*)0) _Tp(std::declval<_Args>()...)))
        -:   96:    -> decltype(::new((void*)0) _Tp(std::declval<_Args>()...))
    #####:   97:    { return ::new((void*)__location) _Tp(std::forward<_Args>(__args)...); }
    %%%%%:   97-block  0
call    0 never executed
call    1 never executed
call    2 never executed
------------------
_ZSt12construct_atISt4pairIKlNSt7__cxx1112basic_stringIwSt11char_traitsIwESaIwEEEEJRKSt21piecewise_construct_tSt5tupleIJRS1_EESC_IJEEEEDTgsnwcvPvLi0E_T_pispcl7declvalIT0_EEEEPSH_DpOSI_:
function _ZSt12construct_atISt4pairIKlNSt7__cxx1112basic_stringIwSt11char_traitsIwESaIwEEEEJRKSt21piecewise_construct_tSt5tupleIJRS1_EESC_IJEEEEDTgsnwcvPvLi0E_T_pispcl7declvalIT0_EEEEPSH_DpOSI_ called 0 returned 0% blocks executed 0%
    #####:   94:    construct_at(_Tp* __location, _Args&&... __args)
        -:   95:    noexcept(noexcept(::new((void*)0) _Tp(std::declval<_Args>()...)))
        -:   96:    -> decltype(::new((void*)0) _Tp(std::declval<_Args>()...))
    #####:   97:    { return ::new((void*)__location) _Tp(std::forward<_Args>(__args)...); }
    %%%%%:   97-block  0
call    0 never executed
call    1 never executed
call    2 never executed
call    3 never executed
call    4 never executed
call    5 never executed
branch  6 never executed
branch  7 never executed
    %%%%%:   97-block  1
    %%%%%:   97-block  2
    $$$$$:   97-block  3
call    8 never executed
    $$$$$:   97-block  4
    $$$$$:   97-block  5
------------------
_ZSt12construct_atISt4pairIKlSt6vectorIS2_IlSaIlEESaIS4_EEEJRKSt21piecewise_construct_tSt5tupleIJRS1_EESB_IJEEEEDTgsnwcvPvLi0E_T_pispcl7declvalIT0_EEEEPSG_DpOSH_:
function _ZSt12construct_atISt4pairIKlSt6vectorIS2_IlSaIlEESaIS4_EEEJRKSt21piecewise_construct_tSt5tupleIJRS1_EESB_IJEEEEDTgsnwcvPvLi0E_T_pispcl7declvalIT0_EEEEPSG_DpOSH_ called 0 returned 0% blocks executed 0%
    #####:   94:    construct_at(_Tp* __location, _Args&&... __args)
        -:   95:    noexcept(noexcept(::new((void*)0) _Tp(std::declval<_Args>()...)))
        -:   96:    -> decltype(::new((void*)0) _Tp(std::declval<_Args>()...))
    #####:   97:    { return ::new((void*)__location) _Tp(std::forward<_Args>(__args)...); }
    %%%%%:   97-block  0
call    0 never executed
call    1 never executed
call    2 never executed
call    3 never executed
call    4 never executed
call    5 never executed
branch  6 never executed
branch  7 never executed
    %%%%%:   97-block  1
    %%%%%:   97-block  2
    $$$$$:   97-block  3
call    8 never executed
    $$$$$:   97-block  4
    $$$$$:   97-block  5
------------------
_ZSt12construct_atISt4pairIKlSt13unordered_setIN13BasicLRParserIwLm1EE9SituationENS5_15SituationHasherESt8equal_toIS5_ESaIS5_EEEJRKSt21piecewise_construct_tSt5tupleIJOlEESF_IJEEEEDTgsnwcvPvLi0E_T_pispcl7declvalIT0_EEEEPSK_DpOSL_:
function _ZSt12construct_atISt4pairIKlSt13unordered_setIN13BasicLRParserIwLm1EE9SituationENS5_15SituationHasherESt8equal_toIS5_ESaIS5_EEEJRKSt21piecewise_construct_tSt5tupleIJOlEESF_IJEEEEDTgsnwcvPvLi0E_T_pispcl7declvalIT0_EEEEPSK_DpOSL_ called 470 returned 100% blocks executed 69%
      470:   94:    construct_at(_Tp* __location, _Args&&... __args)
        -:   95:    noexcept(noexcept(::new((void*)0) _Tp(std::declval<_Args>()...)))
        -:   96:    -> decltype(::new((void*)0) _Tp(std::declval<_Args>()...))
      470:   97:    { return ::new((void*)__location) _Tp(std::forward<_Args>(__args)...); }
      470:   97-block  0
call    0 returned 470
call    1 returned 470
call    2 returned 470
call    3 returned 470
call    4 returned 470
call    5 returned 470
branch  6 taken 470 (fallthrough)
branch  7 taken 0 (throw)
      470:   97-block  1
      470:   97-block  2
    $$$$$:   97-block  3
call    8 never executed
    $$$$$:   97-block  4
    $$$$$:   97-block  5
------------------
_ZSt12construct_atIN13BasicLRParserIwLm1EE6BucketEJS2_EEDTgsnwcvPvLi0E_T_pispcl7declvalIT0_EEEEPS4_DpOS5_:
function _ZSt12construct_atIN13BasicLRParserIwLm1EE6BucketEJS2_EEDTgsnwcvPvLi0E_T_pispcl7declvalIT0_EEEEPS4_DpOS5_ called 122 returned 100% blocks executed 100%
      122:   94:    construct_at(_Tp* __location, _Args&&... __args)
        -:   95:    noexcept(noexcept(::new((void*)0) _Tp(std::declval<_Args>()...)))
        -:   96:    -> decltype(::new((void*)0) _Tp(std::declval<_Args>()...))
      122:   97:    { return ::new((void*)__location) _Tp(std::forward<_Args>(__args)...); }
      122:   97-block  0
call    0 returned 122
call    1 returned 122
call    2 returned 122
------------------
_ZSt12construct_atISt4pairIKlN13BasicLRParserIwLm1EE6ActionEEJRKS5_EEDTgsnwcvPvLi0E_T_pispcl7declvalIT0_EEEEPS9_DpOSA_:
function _ZSt12construct_atISt4pairIKlN13BasicLRParserIwLm1EE6ActionEEJRKS5_EEDTgsnwcvPvLi0E_T_pispcl7declvalIT0_EEEEPS9_DpOSA_ called 313 returned 100% blocks executed 100%
      313:   94:    construct_at(_Tp* __location, _Args&&... __args)
        -:   95:    noexcept(noexcept(::new((void*)0) _Tp(std::declval<_Args>()...)))
        -:   96:    -> decltype(::new((void*)0) _Tp(std::declval<_Args>()...))
      313:   97:    { return ::new((void*)__location) _Tp(std::forward<_Args>(__args)...); }
      313:   97-block  0
call    0 returned 313
call    1 returned 313
------------------
_ZSt12construct_atISt13unordered_mapIlN13BasicLRParserIwLm1EE6ActionESt4hashIlESt8equal_toIlESaISt4pairIKlS3_EEEJSC_EEDTgsnwcvPvLi0E_T_pispcl7declvalIT0_EEEEPSE_DpOSF_:
function _ZSt12construct_atISt13unordered_mapIlN13BasicLRParserIwLm1EE6ActionESt4hashIlESt8equal_toIlESaISt4pairIKlS3_EEEJSC_EEDTgsnwcvPvLi0E_T_pispcl7declvalIT0_EEEEPSE_DpOSF_ called 159 returned 100% blocks executed 100%
      159:   94:    construct_at(_Tp* __location, _Args&&... __args)
        -:   95:    noexcept(noexcept(::new((void*)0) _Tp(std::declval<_Args>()...)))
        -:   96:    -> decltype(::new((void*)0) _Tp(std::declval<_Args>()...))
      159:   97:    { return ::new((void*)__location) _Tp(std::forward<_Args>(__args)...); }
      159:   97-block  0
call    0 returned 159
call    1 returned 159
call    2 returned 159
------------------
        -:   98:#endif // C++20
        -:   99:#endif// C++17
        -:  100:
        -:  101:  /**
        -:  102:   * Constructs an object in existing memory by invoking an allocated
        -:  103:   * object's constructor with an initializer.
        -:  104:   */
        -:  105:#if __cplusplus >= 201103L
        -:  106:  template<typename _Tp, typename... _Args>
        -:  107:    _GLIBCXX20_CONSTEXPR
        -:  108:    inline void
      43*:  109:    _Construct(_Tp* __p, _Args&&... __args)
        -:  110:    {
        -:  111:#if __cplusplus >= 202002L && __has_builtin(__builtin_is_constant_evaluated)
        -:  112:      if (__builtin_is_constant_evaluated())
        -:  113:	{
        -:  114:	  // Allow std::_Construct to be used in constant expressions.
        -:  115:	  std::construct_at(__p, std::forward<_Args>(__args)...);
        -:  116:	  return;
        -:  117:	}
        -:  118:#endif
      43*:  119:      ::new(static_cast<void*>(__p)) _Tp(std::forward<_Args>(__args)...);
        -:  120:    }
------------------
_ZSt10_ConstructImJEEvPT_DpOT0_:
function _ZSt10_ConstructImJEEvPT_DpOT0_ called 0 returned 0% blocks executed 0%
    #####:  109:    _Construct(_Tp* __p, _Args&&... __args)
    %%%%%:  109-block  0
        -:  110:    {
        -:  111:#if __cplusplus >= 202002L && __has_builtin(__builtin_is_constant_evaluated)
        -:  112:      if (__builtin_is_constant_evaluated())
        -:  113:	{
        -:  114:	  // Allow std::_Construct to be used in constant expressions.
        -:  115:	  std::construct_at(__p, std::forward<_Args>(__args)...);
        -:  116:	  return;
        -:  117:	}
        -:  118:#endif
    #####:  119:      ::new(static_cast<void*>(__p)) _Tp(std::forward<_Args>(__args)...);
    %%%%%:  119-block  0
call    0 never executed
        -:  120:    }
------------------
_ZSt10_ConstructINSt7__cxx1112basic_stringIwSt11char_traitsIwESaIwEEEJRKS5_EEvPT_DpOT0_:
function _ZSt10_ConstructINSt7__cxx1112basic_stringIwSt11char_traitsIwESaIwEEEJRKS5_EEvPT_DpOT0_ called 0 returned 0% blocks executed 0%
    #####:  109:    _Construct(_Tp* __p, _Args&&... __args)
    %%%%%:  109-block  0
        -:  110:    {
        -:  111:#if __cplusplus >= 202002L && __has_builtin(__builtin_is_constant_evaluated)
        -:  112:      if (__builtin_is_constant_evaluated())
        -:  113:	{
        -:  114:	  // Allow std::_Construct to be used in constant expressions.
        -:  115:	  std::construct_at(__p, std::forward<_Args>(__args)...);
        -:  116:	  return;
        -:  117:	}
        -:  118:#endif
    #####:  119:      ::new(static_cast<void*>(__p)) _Tp(std::forward<_Args>(__args)...);
    %%%%%:  119-block  0
call    0 never executed
call    1 never executed
call    2 never executed
branch  3 never executed
branch  4 never executed
    $$$$$:  119-block  1
call    5 never executed
        -:  120:    }
------------------
_ZSt10_ConstructISt6vectorIlSaIlEEJRKS2_EEvPT_DpOT0_:
function _ZSt10_ConstructISt6vectorIlSaIlEEJRKS2_EEvPT_DpOT0_ called 0 returned 0% blocks executed 0%
    #####:  109:    _Construct(_Tp* __p, _Args&&... __args)
    %%%%%:  109-block  0
        -:  110:    {
        -:  111:#if __cplusplus >= 202002L && __has_builtin(__builtin_is_constant_evaluated)
        -:  112:      if (__builtin_is_constant_evaluated())
        -:  113:	{
        -:  114:	  // Allow std::_Construct to be used in constant expressions.
        -:  115:	  std::construct_at(__p, std::forward<_Args>(__args)...);
        -:  116:	  return;
        -:  117:	}
        -:  118:#endif
    #####:  119:      ::new(static_cast<void*>(__p)) _Tp(std::forward<_Args>(__args)...);
    %%%%%:  119-block  0
call    0 never executed
call    1 never executed
call    2 never executed
branch  3 never executed
branch  4 never executed
    $$$$$:  119-block  1
call    5 never executed
        -:  120:    }
------------------
_ZSt10_ConstructIlJEEvPT_DpOT0_:
function _ZSt10_ConstructIlJEEvPT_DpOT0_ called 43 returned 100% blocks executed 100%
       43:  109:    _Construct(_Tp* __p, _Args&&... __args)
       43:  109-block  0
        -:  110:    {
        -:  111:#if __cplusplus >= 202002L && __has_builtin(__builtin_is_constant_evaluated)
        -:  112:      if (__builtin_is_constant_evaluated())
        -:  113:	{
        -:  114:	  // Allow std::_Construct to be used in constant expressions.
        -:  115:	  std::construct_at(__p, std::forward<_Args>(__args)...);
        -:  116:	  return;
        -:  117:	}
        -:  118:#endif
       43:  119:      ::new(static_cast<void*>(__p)) _Tp(std::forward<_Args>(__args)...);
       43:  119-block  0
call    0 returned 43
        -:  120:    }
------------------
        -:  121:#else
        -:  122:  template<typename _T1, typename _T2>
        -:  123:    inline void
        -:  124:    _Construct(_T1* __p, const _T2& __value)
        -:  125:    {
        -:  126:      // _GLIBCXX_RESOLVE_LIB_DEFECTS
        -:  127:      // 402. wrong new expression in [some_]allocator::construct
        -:  128:      ::new(static_cast<void*>(__p)) _T1(__value);
        -:  129:    }
        -:  130:#endif
        -:  131:
        -:  132:  template<typename _T1>
        -:  133:    inline void
        -:  134:    _Construct_novalue(_T1* __p)
        -:  135:    { ::new(static_cast<void*>(__p)) _T1; }
        -:  136:
        -:  137:  template<typename _ForwardIterator>
        -:  138:    _GLIBCXX20_CONSTEXPR void
        -:  139:    _Destroy(_ForwardIterator __first, _ForwardIterator __last);
        -:  140:
        -:  141:  /**
        -:  142:   * Destroy the object pointed to by a pointer type.
        -:  143:   */
        -:  144:  template<typename _Tp>
        -:  145:    _GLIBCXX14_CONSTEXPR inline void
     122*:  146:    _Destroy(_Tp* __pointer)
        -:  147:    {
        -:  148:#if __cplusplus > 201703L
     122*:  149:      std::destroy_at(__pointer);
        -:  150:#else
        -:  151:      __pointer->~_Tp();
        -:  152:#endif
     122*:  153:    }
------------------
_ZSt8_DestroyImEvPT_:
function _ZSt8_DestroyImEvPT_ called 0 returned 0% blocks executed 0%
    #####:  146:    _Destroy(_Tp* __pointer)
        -:  147:    {
        -:  148:#if __cplusplus > 201703L
    #####:  149:      std::destroy_at(__pointer);
    %%%%%:  149-block  0
call    0 never executed
        -:  150:#else
        -:  151:      __pointer->~_Tp();
        -:  152:#endif
    #####:  153:    }
------------------
_ZSt8_DestroyINSt7__cxx1112basic_stringIwSt11char_traitsIwESaIwEEEEvPT_:
function _ZSt8_DestroyINSt7__cxx1112basic_stringIwSt11char_traitsIwESaIwEEEEvPT_ called 0 returned 0% blocks executed 0%
    #####:  146:    _Destroy(_Tp* __pointer)
        -:  147:    {
        -:  148:#if __cplusplus > 201703L
    #####:  149:      std::destroy_at(__pointer);
    %%%%%:  149-block  0
call    0 never executed
        -:  150:#else
        -:  151:      __pointer->~_Tp();
        -:  152:#endif
    #####:  153:    }
------------------
_ZSt8_DestroyISt17reference_wrapperIKN13BasicLRParserIwLm1EE6BucketEEEvPT_:
function _ZSt8_DestroyISt17reference_wrapperIKN13BasicLRParserIwLm1EE6BucketEEEvPT_ called 0 returned 0% blocks executed 0%
    #####:  146:    _Destroy(_Tp* __pointer)
        -:  147:    {
        -:  148:#if __cplusplus > 201703L
    #####:  149:      std::destroy_at(__pointer);
    %%%%%:  149-block  0
call    0 never executed
        -:  150:#else
        -:  151:      __pointer->~_Tp();
        -:  152:#endif
    #####:  153:    }
------------------
_ZSt8_DestroyISt6vectorIlSaIlEEEvPT_:
function _ZSt8_DestroyISt6vectorIlSaIlEEEvPT_ called 0 returned 0% blocks executed 0%
    #####:  146:    _Destroy(_Tp* __pointer)
        -:  147:    {
        -:  148:#if __cplusplus > 201703L
    #####:  149:      std::destroy_at(__pointer);
    %%%%%:  149-block  0
call    0 never executed
        -:  150:#else
        -:  151:      __pointer->~_Tp();
        -:  152:#endif
    #####:  153:    }
------------------
_ZSt8_DestroyIlEvPT_:
function _ZSt8_DestroyIlEvPT_ called 0 returned 0% blocks executed 0%
    #####:  146:    _Destroy(_Tp* __pointer)
        -:  147:    {
        -:  148:#if __cplusplus > 201703L
    #####:  149:      std::destroy_at(__pointer);
    %%%%%:  149-block  0
call    0 never executed
        -:  150:#else
        -:  151:      __pointer->~_Tp();
        -:  152:#endif
    #####:  153:    }
------------------
_ZSt8_DestroyISt13unordered_mapIlN13BasicLRParserIwLm1EE6ActionESt4hashIlESt8equal_toIlESaISt4pairIKlS3_EEEEvPT_:
function _ZSt8_DestroyISt13unordered_mapIlN13BasicLRParserIwLm1EE6ActionESt4hashIlESt8equal_toIlESaISt4pairIKlS3_EEEEvPT_ called 122 returned 100% blocks executed 100%
      122:  146:    _Destroy(_Tp* __pointer)
        -:  147:    {
        -:  148:#if __cplusplus > 201703L
      122:  149:      std::destroy_at(__pointer);
      122:  149-block  0
call    0 returned 122
        -:  150:#else
        -:  151:      __pointer->~_Tp();
        -:  152:#endif
      122:  153:    }
------------------
        -:  154:
        -:  155:  template<bool>
        -:  156:    struct _Destroy_aux
        -:  157:    {
        -:  158:      template<typename _ForwardIterator>
        -:  159:	static _GLIBCXX20_CONSTEXPR void
       9*:  160:	__destroy(_ForwardIterator __first, _ForwardIterator __last)
        -:  161:	{
     131*:  162:	  for (; __first != __last; ++__first)
     122*:  163:	    std::_Destroy(std::__addressof(*__first));
       9*:  164:	}
------------------
_ZNSt12_Destroy_auxILb0EE9__destroyIN9__gnu_cxx17__normal_iteratorIPmSt6vectorImSaImEEEEEEvT_S9_:
function _ZNSt12_Destroy_auxILb0EE9__destroyIN9__gnu_cxx17__normal_iteratorIPmSt6vectorImSaImEEEEEEvT_S9_ called 0 returned 0% blocks executed 0%
    #####:  160:	__destroy(_ForwardIterator __first, _ForwardIterator __last)
        -:  161:	{
    #####:  162:	  for (; __first != __last; ++__first)
    %%%%%:  162-block  0
call    0 never executed
    %%%%%:  162-block  1
call    1 never executed
branch  2 never executed
branch  3 never executed
    #####:  163:	    std::_Destroy(std::__addressof(*__first));
    %%%%%:  163-block  0
call    0 never executed
call    1 never executed
call    2 never executed
    #####:  164:	}
------------------
_ZNSt12_Destroy_auxILb0EE9__destroyIPmEEvT_S3_:
function _ZNSt12_Destroy_auxILb0EE9__destroyIPmEEvT_S3_ called 0 returned 0% blocks executed 0%
    #####:  160:	__destroy(_ForwardIterator __first, _ForwardIterator __last)
        -:  161:	{
    #####:  162:	  for (; __first != __last; ++__first)
    %%%%%:  162-block  0
    %%%%%:  162-block  1
branch  0 never executed
branch  1 never executed
    #####:  163:	    std::_Destroy(std::__addressof(*__first));
    %%%%%:  163-block  0
call    0 never executed
call    1 never executed
    #####:  164:	}
------------------
_ZNSt12_Destroy_auxILb0EE9__destroyIPNSt7__cxx1112basic_stringIwSt11char_traitsIwESaIwEEEEEvT_S9_:
function _ZNSt12_Destroy_auxILb0EE9__destroyIPNSt7__cxx1112basic_stringIwSt11char_traitsIwESaIwEEEEEvT_S9_ called 0 returned 0% blocks executed 0%
    #####:  160:	__destroy(_ForwardIterator __first, _ForwardIterator __last)
        -:  161:	{
    #####:  162:	  for (; __first != __last; ++__first)
    %%%%%:  162-block  0
    %%%%%:  162-block  1
branch  0 never executed
branch  1 never executed
    #####:  163:	    std::_Destroy(std::__addressof(*__first));
    %%%%%:  163-block  0
call    0 never executed
call    1 never executed
    #####:  164:	}
------------------
_ZNSt12_Destroy_auxILb0EE9__destroyIPSt17reference_wrapperIKN13BasicLRParserIwLm1EE6BucketEEEEvT_S9_:
function _ZNSt12_Destroy_auxILb0EE9__destroyIPSt17reference_wrapperIKN13BasicLRParserIwLm1EE6BucketEEEEvT_S9_ called 0 returned 0% blocks executed 0%
    #####:  160:	__destroy(_ForwardIterator __first, _ForwardIterator __last)
        -:  161:	{
    #####:  162:	  for (; __first != __last; ++__first)
    %%%%%:  162-block  0
    %%%%%:  162-block  1
branch  0 never executed
branch  1 never executed
    #####:  163:	    std::_Destroy(std::__addressof(*__first));
    %%%%%:  163-block  0
call    0 never executed
call    1 never executed
    #####:  164:	}
------------------
_ZNSt12_Destroy_auxILb0EE9__destroyIPSt6vectorIlSaIlEEEEvT_S6_:
function _ZNSt12_Destroy_auxILb0EE9__destroyIPSt6vectorIlSaIlEEEEvT_S6_ called 0 returned 0% blocks executed 0%
    #####:  160:	__destroy(_ForwardIterator __first, _ForwardIterator __last)
        -:  161:	{
    #####:  162:	  for (; __first != __last; ++__first)
    %%%%%:  162-block  0
    %%%%%:  162-block  1
branch  0 never executed
branch  1 never executed
    #####:  163:	    std::_Destroy(std::__addressof(*__first));
    %%%%%:  163-block  0
call    0 never executed
call    1 never executed
    #####:  164:	}
------------------
_ZNSt12_Destroy_auxILb0EE9__destroyIPlEEvT_S3_:
function _ZNSt12_Destroy_auxILb0EE9__destroyIPlEEvT_S3_ called 0 returned 0% blocks executed 0%
    #####:  160:	__destroy(_ForwardIterator __first, _ForwardIterator __last)
        -:  161:	{
    #####:  162:	  for (; __first != __last; ++__first)
    %%%%%:  162-block  0
    %%%%%:  162-block  1
branch  0 never executed
branch  1 never executed
    #####:  163:	    std::_Destroy(std::__addressof(*__first));
    %%%%%:  163-block  0
call    0 never executed
call    1 never executed
    #####:  164:	}
------------------
_ZNSt12_Destroy_auxILb0EE9__destroyIPSt13unordered_mapIlN13BasicLRParserIwLm1EE6ActionESt4hashIlESt8equal_toIlESaISt4pairIKlS5_EEEEEvT_SG_:
function _ZNSt12_Destroy_auxILb0EE9__destroyIPSt13unordered_mapIlN13BasicLRParserIwLm1EE6ActionESt4hashIlESt8equal_toIlESaISt4pairIKlS5_EEEEEvT_SG_ called 9 returned 100% blocks executed 100%
        9:  160:	__destroy(_ForwardIterator __first, _ForwardIterator __last)
        -:  161:	{
      131:  162:	  for (; __first != __last; ++__first)
        9:  162-block  0
      131:  162-block  1
branch  0 taken 122
branch  1 taken 9 (fallthrough)
      122:  163:	    std::_Destroy(std::__addressof(*__first));
      122:  163-block  0
call    0 returned 122
call    1 returned 122
        9:  164:	}
------------------
        -:  165:    };
        -:  166:
        -:  167:  template<>
        -:  168:    struct _Destroy_aux<true>
        -:  169:    {
        -:  170:      template<typename _ForwardIterator>
        -:  171:        static void
      42*:  172:        __destroy(_ForwardIterator, _ForwardIterator) { }
------------------
_ZNSt12_Destroy_auxILb1EE9__destroyIN9__gnu_cxx17__normal_iteratorIPmSt6vectorImSaImEEEEEEvT_S9_:
function _ZNSt12_Destroy_auxILb1EE9__destroyIN9__gnu_cxx17__normal_iteratorIPmSt6vectorImSaImEEEEEEvT_S9_ called 33 returned 100% blocks executed 100%
       33:  172:        __destroy(_ForwardIterator, _ForwardIterator) { }
------------------
_ZNSt12_Destroy_auxILb1EE9__destroyIPmEEvT_S3_:
function _ZNSt12_Destroy_auxILb1EE9__destroyIPmEEvT_S3_ called 0 returned 0% blocks executed 0%
    #####:  172:        __destroy(_ForwardIterator, _ForwardIterator) { }
------------------
_ZNSt12_Destroy_auxILb1EE9__destroyIPSt17reference_wrapperIKN13BasicLRParserIwLm1EE6BucketEEEEvT_S9_:
function _ZNSt12_Destroy_auxILb1EE9__destroyIPSt17reference_wrapperIKN13BasicLRParserIwLm1EE6BucketEEEEvT_S9_ called 9 returned 100% blocks executed 100%
        9:  172:        __destroy(_ForwardIterator, _ForwardIterator) { }
------------------
_ZNSt12_Destroy_auxILb1EE9__destroyIPlEEvT_S3_:
function _ZNSt12_Destroy_auxILb1EE9__destroyIPlEEvT_S3_ called 0 returned 0% blocks executed 0%
    #####:  172:        __destroy(_ForwardIterator, _ForwardIterator) { }
------------------
        -:  173:    };
        -:  174:
        -:  175:  /**
        -:  176:   * Destroy a range of objects.  If the value_type of the object has
        -:  177:   * a trivial destructor, the compiler should optimize all of this
        -:  178:   * away, otherwise the objects' destructors must be invoked.
        -:  179:   */
        -:  180:  template<typename _ForwardIterator>
        -:  181:    _GLIBCXX20_CONSTEXPR inline void
      51*:  182:    _Destroy(_ForwardIterator __first, _ForwardIterator __last)
        -:  183:    {
        -:  184:      typedef typename iterator_traits<_ForwardIterator>::value_type
        -:  185:                       _Value_type;
        -:  186:#if __cplusplus >= 201103L
        -:  187:      // A deleted destructor is trivial, this ensures we reject such types:
        -:  188:      static_assert(is_destructible<_Value_type>::value,
        -:  189:		    "value type is destructible");
        -:  190:#endif
        -:  191:#if __cplusplus > 201703L && defined __cpp_lib_is_constant_evaluated
      51*:  192:      if (std::is_constant_evaluated())
    #####:  193:	return _Destroy_aux<false>::__destroy(__first, __last);
        -:  194:#endif
        -:  195:      std::_Destroy_aux<__has_trivial_destructor(_Value_type)>::
      51*:  196:	__destroy(__first, __last);
        -:  197:    }
        -:  198:
        -:  199:  template<bool>
        -:  200:    struct _Destroy_n_aux
        -:  201:    {
        -:  202:      template<typename _ForwardIterator, typename _Size>
        -:  203:	static _GLIBCXX20_CONSTEXPR _ForwardIterator
        -:  204:	__destroy_n(_ForwardIterator __first, _Size __count)
        -:  205:	{
        -:  206:	  for (; __count > 0; (void)++__first, --__count)
        -:  207:	    std::_Destroy(std::__addressof(*__first));
        -:  208:	  return __first;
        -:  209:	}
        -:  210:    };
        -:  211:
        -:  212:  template<>
        -:  213:    struct _Destroy_n_aux<true>
        -:  214:    {
        -:  215:      template<typename _ForwardIterator, typename _Size>
        -:  216:        static _ForwardIterator
        -:  217:        __destroy_n(_ForwardIterator __first, _Size __count)
        -:  218:	{
        -:  219:	  std::advance(__first, __count);
        -:  220:	  return __first;
        -:  221:	}
        -:  222:    };
        -:  223:
        -:  224:  /**
        -:  225:   * Destroy a range of objects.  If the value_type of the object has
        -:  226:   * a trivial destructor, the compiler should optimize all of this
        -:  227:   * away, otherwise the objects' destructors must be invoked.
        -:  228:   */
        -:  229:  template<typename _ForwardIterator, typename _Size>
        -:  230:    _GLIBCXX20_CONSTEXPR inline _ForwardIterator
        -:  231:    _Destroy_n(_ForwardIterator __first, _Size __count)
        -:  232:    {
        -:  233:      typedef typename iterator_traits<_ForwardIterator>::value_type
        -:  234:                       _Value_type;
        -:  235:#if __cplusplus >= 201103L
        -:  236:      // A deleted destructor is trivial, this ensures we reject such types:
        -:  237:      static_assert(is_destructible<_Value_type>::value,
        -:  238:		    "value type is destructible");
        -:  239:#endif
        -:  240:#if __cplusplus > 201703L && defined __cpp_lib_is_constant_evaluated
        -:  241:      if (std::is_constant_evaluated())
        -:  242:	return _Destroy_n_aux<false>::__destroy_n(__first, __count);
        -:  243:#endif
        -:  244:      return std::_Destroy_n_aux<__has_trivial_destructor(_Value_type)>::
        -:  245:	__destroy_n(__first, __count);
        -:  246:    }
        -:  247:
        -:  248:#if __cplusplus >= 201703L
        -:  249:  template <typename _ForwardIterator>
        -:  250:    _GLIBCXX20_CONSTEXPR inline void
        -:  251:    destroy(_ForwardIterator __first, _ForwardIterator __last)
        -:  252:    {
        -:  253:      std::_Destroy(__first, __last);
        -:  254:    }
        -:  255:
        -:  256:  template <typename _ForwardIterator, typename _Size>
        -:  257:    _GLIBCXX20_CONSTEXPR inline _ForwardIterator
        -:  258:    destroy_n(_ForwardIterator __first, _Size __count)
        -:  259:    {
        -:  260:      return std::_Destroy_n(__first, __count);
        -:  261:    }
        -:  262:#endif // C++17
        -:  263:
        -:  264:_GLIBCXX_END_NAMESPACE_VERSION
        -:  265:} // namespace std
        -:  266:
        -:  267:#endif /* _STL_CONSTRUCT_H */
