        -:    0:Source:/usr/include/c++/11/bits/hashtable_policy.h
        -:    0:Graph:/home/ownstreamer/proga/C++/Parsers/cmake-build-debug-coverage/GoogleTests/CMakeFiles/Google_Tests_run.dir/src/TestsLR.cpp.gcno
        -:    0:Data:/home/ownstreamer/proga/C++/Parsers/cmake-build-debug-coverage/GoogleTests/CMakeFiles/Google_Tests_run.dir/src/TestsLR.cpp.gcda
        -:    0:Runs:1
        -:    1:// Internal policy header for unordered_set and unordered_map -*- C++ -*-
        -:    2:
        -:    3:// Copyright (C) 2010-2021 Free Software Foundation, Inc.
        -:    4://
        -:    5:// This file is part of the GNU ISO C++ Library.  This library is free
        -:    6:// software; you can redistribute it and/or modify it under the
        -:    7:// terms of the GNU General Public License as published by the
        -:    8:// Free Software Foundation; either version 3, or (at your option)
        -:    9:// any later version.
        -:   10:
        -:   11:// This library is distributed in the hope that it will be useful,
        -:   12:// but WITHOUT ANY WARRANTY; without even the implied warranty of
        -:   13:// MERCHANTABILITY or FITNESS FOR A PARTICULAR PURPOSE.  See the
        -:   14:// GNU General Public License for more details.
        -:   15:
        -:   16:// Under Section 7 of GPL version 3, you are granted additional
        -:   17:// permissions described in the GCC Runtime Library Exception, version
        -:   18:// 3.1, as published by the Free Software Foundation.
        -:   19:
        -:   20:// You should have received a copy of the GNU General Public License and
        -:   21:// a copy of the GCC Runtime Library Exception along with this program;
        -:   22:// see the files COPYING3 and COPYING.RUNTIME respectively.  If not, see
        -:   23:// <http://www.gnu.org/licenses/>.
        -:   24:
        -:   25:/** @file bits/hashtable_policy.h
        -:   26: *  This is an internal header file, included by other library headers.
        -:   27: *  Do not attempt to use it directly.
        -:   28: *  @headername{unordered_map,unordered_set}
        -:   29: */
        -:   30:
        -:   31:#ifndef _HASHTABLE_POLICY_H
        -:   32:#define _HASHTABLE_POLICY_H 1
        -:   33:
        -:   34:#include <tuple>		// for std::tuple, std::forward_as_tuple
        -:   35:#include <bits/stl_algobase.h>	// for std::min, std::is_permutation.
        -:   36:#include <ext/numeric_traits.h>	// for __gnu_cxx::__int_traits
        -:   37:
        -:   38:namespace std _GLIBCXX_VISIBILITY(default)
        -:   39:{
        -:   40:_GLIBCXX_BEGIN_NAMESPACE_VERSION
        -:   41:/// @cond undocumented
        -:   42:
        -:   43:  template<typename _Key, typename _Value, typename _Alloc,
        -:   44:	   typename _ExtractKey, typename _Equal,
        -:   45:	   typename _Hash, typename _RangeHash, typename _Unused,
        -:   46:	   typename _RehashPolicy, typename _Traits>
        -:   47:    class _Hashtable;
        -:   48:
        -:   49:namespace __detail
        -:   50:{
        -:   51:  /**
        -:   52:   *  @defgroup hashtable-detail Base and Implementation Classes
        -:   53:   *  @ingroup unordered_associative_containers
        -:   54:   *  @{
        -:   55:   */
        -:   56:  template<typename _Key, typename _Value, typename _ExtractKey,
        -:   57:	   typename _Equal, typename _Hash, typename _RangeHash,
        -:   58:	   typename _Unused, typename _Traits>
        -:   59:    struct _Hashtable_base;
        -:   60:
        -:   61:  // Helper function: return distance(first, last) for forward
        -:   62:  // iterators, or 0/1 for input iterators.
        -:   63:  template<class _Iterator>
        -:   64:    inline typename std::iterator_traits<_Iterator>::difference_type
        -:   65:    __distance_fw(_Iterator __first, _Iterator __last,
        -:   66:		  std::input_iterator_tag)
        -:   67:    { return __first != __last ? 1 : 0; }
        -:   68:
        -:   69:  template<class _Iterator>
        -:   70:    inline typename std::iterator_traits<_Iterator>::difference_type
        -:   71:    __distance_fw(_Iterator __first, _Iterator __last,
        -:   72:		  std::forward_iterator_tag)
        -:   73:    { return std::distance(__first, __last); }
        -:   74:
        -:   75:  template<class _Iterator>
        -:   76:    inline typename std::iterator_traits<_Iterator>::difference_type
        -:   77:    __distance_fw(_Iterator __first, _Iterator __last)
        -:   78:    { return __distance_fw(__first, __last,
        -:   79:			   std::__iterator_category(__first)); }
        -:   80:
        -:   81:  struct _Identity
        -:   82:  {
        -:   83:    template<typename _Tp>
        -:   84:      _Tp&&
     1921:   85:      operator()(_Tp&& __x) const noexcept
     1921:   86:      { return std::forward<_Tp>(__x); }
------------------
_ZNKSt8__detail9_IdentityclIRKN13BasicLRParserIwLm1EE6BucketEEEOT_S8_:
function _ZNKSt8__detail9_IdentityclIRKN13BasicLRParserIwLm1EE6BucketEEEOT_S8_ called 286 returned 100% blocks executed 100%
      286:   85:      operator()(_Tp&& __x) const noexcept
      286:   86:      { return std::forward<_Tp>(__x); }
      286:   86-block  0
call    0 returned 286
------------------
_ZNKSt8__detail9_IdentityclIRKN13BasicLRParserIwLm1EE9SituationEEEOT_S8_:
function _ZNKSt8__detail9_IdentityclIRKN13BasicLRParserIwLm1EE9SituationEEEOT_S8_ called 1430 returned 100% blocks executed 100%
     1430:   85:      operator()(_Tp&& __x) const noexcept
     1430:   86:      { return std::forward<_Tp>(__x); }
     1430:   86-block  0
call    0 returned 1430
------------------
_ZNKSt8__detail9_IdentityclIRN13BasicLRParserIwLm1EE6BucketEEEOT_S7_:
function _ZNKSt8__detail9_IdentityclIRN13BasicLRParserIwLm1EE6BucketEEEOT_S7_ called 205 returned 100% blocks executed 100%
      205:   85:      operator()(_Tp&& __x) const noexcept
      205:   86:      { return std::forward<_Tp>(__x); }
      205:   86-block  0
call    0 returned 205
------------------
        -:   87:  };
        -:   88:
        -:   89:  struct _Select1st
        -:   90:  {
        -:   91:    template<typename _Tp>
        -:   92:      auto
 8002254*:   93:      operator()(_Tp&& __x) const noexcept
        -:   94:      -> decltype(std::get<0>(std::forward<_Tp>(__x)))
 8002254*:   95:      { return std::get<0>(std::forward<_Tp>(__x)); }
------------------
_ZNKSt8__detail10_Select1stclIRKSt4pairIKlN5boost14dynamic_bitsetImSaImEEEEEEDTcl3getILi0EEcl7forwardIT_Efp_EEEOSB_:
function _ZNKSt8__detail10_Select1stclIRKSt4pairIKlN5boost14dynamic_bitsetImSaImEEEEEEDTcl3getILi0EEcl7forwardIT_Efp_EEEOSB_ called 904 returned 100% blocks executed 100%
      904:   93:      operator()(_Tp&& __x) const noexcept
        -:   94:      -> decltype(std::get<0>(std::forward<_Tp>(__x)))
      904:   95:      { return std::get<0>(std::forward<_Tp>(__x)); }
      904:   95-block  0
call    0 returned 904
call    1 returned 904
------------------
_ZNKSt8__detail10_Select1stclIRKSt4pairIKlSt13unordered_setIN13BasicLRParserIwLm1EE9SituationENS7_15SituationHasherESt8equal_toIS7_ESaIS7_EEEEEDTcl3getILi0EEcl7forwardIT_Efp_EEEOSG_:
function _ZNKSt8__detail10_Select1stclIRKSt4pairIKlSt13unordered_setIN13BasicLRParserIwLm1EE9SituationENS7_15SituationHasherESt8equal_toIS7_ESaIS7_EEEEEDTcl3getILi0EEcl7forwardIT_Efp_EEEOSG_ called 1671 returned 100% blocks executed 100%
     1671:   93:      operator()(_Tp&& __x) const noexcept
        -:   94:      -> decltype(std::get<0>(std::forward<_Tp>(__x)))
     1671:   95:      { return std::get<0>(std::forward<_Tp>(__x)); }
     1671:   95-block  0
call    0 returned 1671
call    1 returned 1671
------------------
_ZNKSt8__detail10_Select1stclIRKSt4pairIKlNSt7__cxx1112basic_stringIwSt11char_traitsIwESaIwEEEEEEDTcl3getILi0EEcl7forwardIT_Efp_EEEOSD_:
function _ZNKSt8__detail10_Select1stclIRKSt4pairIKlNSt7__cxx1112basic_stringIwSt11char_traitsIwESaIwEEEEEEDTcl3getILi0EEcl7forwardIT_Efp_EEEOSD_ called 0 returned 0% blocks executed 0%
    #####:   93:      operator()(_Tp&& __x) const noexcept
        -:   94:      -> decltype(std::get<0>(std::forward<_Tp>(__x)))
    #####:   95:      { return std::get<0>(std::forward<_Tp>(__x)); }
    %%%%%:   95-block  0
call    0 never executed
call    1 never executed
------------------
_ZNKSt8__detail10_Select1stclIRKSt4pairIKlSt6vectorIS4_IlSaIlEESaIS6_EEEEEDTcl3getILi0EEcl7forwardIT_Efp_EEEOSC_:
function _ZNKSt8__detail10_Select1stclIRKSt4pairIKlSt6vectorIS4_IlSaIlEESaIS6_EEEEEDTcl3getILi0EEcl7forwardIT_Efp_EEEOSC_ called 0 returned 0% blocks executed 0%
    #####:   93:      operator()(_Tp&& __x) const noexcept
        -:   94:      -> decltype(std::get<0>(std::forward<_Tp>(__x)))
    #####:   95:      { return std::get<0>(std::forward<_Tp>(__x)); }
    %%%%%:   95-block  0
call    0 never executed
call    1 never executed
------------------
_ZNKSt8__detail10_Select1stclIRSt4pairIKlNSt7__cxx1112basic_stringIwSt11char_traitsIwESaIwEEEEEEDTcl3getILi0EEcl7forwardIT_Efp_EEEOSC_:
function _ZNKSt8__detail10_Select1stclIRSt4pairIKlNSt7__cxx1112basic_stringIwSt11char_traitsIwESaIwEEEEEEDTcl3getILi0EEcl7forwardIT_Efp_EEEOSC_ called 0 returned 0% blocks executed 0%
    #####:   93:      operator()(_Tp&& __x) const noexcept
        -:   94:      -> decltype(std::get<0>(std::forward<_Tp>(__x)))
    #####:   95:      { return std::get<0>(std::forward<_Tp>(__x)); }
    %%%%%:   95-block  0
call    0 never executed
call    1 never executed
------------------
_ZNKSt8__detail10_Select1stclIRSt4pairIKNSt7__cxx1112basic_stringIwSt11char_traitsIwESaIwEEElEEEDTcl3getILi0EEcl7forwardIT_Efp_EEEOSC_:
function _ZNKSt8__detail10_Select1stclIRSt4pairIKNSt7__cxx1112basic_stringIwSt11char_traitsIwESaIwEEElEEEDTcl3getILi0EEcl7forwardIT_Efp_EEEOSC_ called 0 returned 0% blocks executed 0%
    #####:   93:      operator()(_Tp&& __x) const noexcept
        -:   94:      -> decltype(std::get<0>(std::forward<_Tp>(__x)))
    #####:   95:      { return std::get<0>(std::forward<_Tp>(__x)); }
    %%%%%:   95-block  0
call    0 never executed
call    1 never executed
------------------
_ZNKSt8__detail10_Select1stclIRKSt4pairIKNSt7__cxx1112basic_stringIwSt11char_traitsIwESaIwEEElEEEDTcl3getILi0EEcl7forwardIT_Efp_EEEOSD_:
function _ZNKSt8__detail10_Select1stclIRKSt4pairIKNSt7__cxx1112basic_stringIwSt11char_traitsIwESaIwEEElEEEDTcl3getILi0EEcl7forwardIT_Efp_EEEOSD_ called 0 returned 0% blocks executed 0%
    #####:   93:      operator()(_Tp&& __x) const noexcept
        -:   94:      -> decltype(std::get<0>(std::forward<_Tp>(__x)))
    #####:   95:      { return std::get<0>(std::forward<_Tp>(__x)); }
    %%%%%:   95-block  0
call    0 never executed
call    1 never executed
------------------
_ZNKSt8__detail10_Select1stclIRSt4pairIKlN13BasicLRParserIwLm1EE6ActionEEEEDTcl3getILi0EEcl7forwardIT_Efp_EEEOS9_:
function _ZNKSt8__detail10_Select1stclIRSt4pairIKlN13BasicLRParserIwLm1EE6ActionEEEEDTcl3getILi0EEcl7forwardIT_Efp_EEEOS9_ called 199 returned 100% blocks executed 100%
      199:   93:      operator()(_Tp&& __x) const noexcept
        -:   94:      -> decltype(std::get<0>(std::forward<_Tp>(__x)))
      199:   95:      { return std::get<0>(std::forward<_Tp>(__x)); }
      199:   95-block  0
call    0 returned 199
call    1 returned 199
------------------
_ZNKSt8__detail10_Select1stclIRSt4pairIKlSt6vectorIS4_IlSaIlEESaIS6_EEEEEDTcl3getILi0EEcl7forwardIT_Efp_EEEOSB_:
function _ZNKSt8__detail10_Select1stclIRSt4pairIKlSt6vectorIS4_IlSaIlEESaIS6_EEEEEDTcl3getILi0EEcl7forwardIT_Efp_EEEOSB_ called 0 returned 0% blocks executed 0%
    #####:   93:      operator()(_Tp&& __x) const noexcept
        -:   94:      -> decltype(std::get<0>(std::forward<_Tp>(__x)))
    #####:   95:      { return std::get<0>(std::forward<_Tp>(__x)); }
    %%%%%:   95-block  0
call    0 never executed
call    1 never executed
------------------
_ZNKSt8__detail10_Select1stclIRKSt4pairIKlN13BasicLRParserIwLm1EE6ActionEEEEDTcl3getILi0EEcl7forwardIT_Efp_EEEOSA_:
function _ZNKSt8__detail10_Select1stclIRKSt4pairIKlN13BasicLRParserIwLm1EE6ActionEEEEDTcl3getILi0EEcl7forwardIT_Efp_EEEOSA_ called 7999480 returned 100% blocks executed 100%
  7999480:   93:      operator()(_Tp&& __x) const noexcept
        -:   94:      -> decltype(std::get<0>(std::forward<_Tp>(__x)))
  7999480:   95:      { return std::get<0>(std::forward<_Tp>(__x)); }
  7999480:   95-block  0
call    0 returned 7999480
call    1 returned 7999480
------------------
        -:   96:  };
        -:   97:
        -:   98:  template<typename _NodeAlloc>
        -:   99:    struct _Hashtable_alloc;
        -:  100:
        -:  101:  // Functor recycling a pool of nodes and using allocation once the pool is
        -:  102:  // empty.
        -:  103:  template<typename _NodeAlloc>
        -:  104:    struct _ReuseOrAllocNode
        -:  105:    {
        -:  106:    private:
        -:  107:      using __node_alloc_type = _NodeAlloc;
        -:  108:      using __hashtable_alloc = _Hashtable_alloc<__node_alloc_type>;
        -:  109:      using __node_alloc_traits =
        -:  110:	typename __hashtable_alloc::__node_alloc_traits;
        -:  111:      using __node_type = typename __hashtable_alloc::__node_type;
        -:  112:
        -:  113:    public:
        -:  114:      _ReuseOrAllocNode(__node_type* __nodes, __hashtable_alloc& __h)
        -:  115:      : _M_nodes(__nodes), _M_h(__h) { }
        -:  116:      _ReuseOrAllocNode(const _ReuseOrAllocNode&) = delete;
        -:  117:
        -:  118:      ~_ReuseOrAllocNode()
        -:  119:      { _M_h._M_deallocate_nodes(_M_nodes); }
        -:  120:
        -:  121:      template<typename _Arg>
        -:  122:	__node_type*
        -:  123:	operator()(_Arg&& __arg) const
        -:  124:	{
        -:  125:	  if (_M_nodes)
        -:  126:	    {
        -:  127:	      __node_type* __node = _M_nodes;
        -:  128:	      _M_nodes = _M_nodes->_M_next();
        -:  129:	      __node->_M_nxt = nullptr;
        -:  130:	      auto& __a = _M_h._M_node_allocator();
        -:  131:	      __node_alloc_traits::destroy(__a, __node->_M_valptr());
        -:  132:	      __try
        -:  133:		{
        -:  134:		  __node_alloc_traits::construct(__a, __node->_M_valptr(),
        -:  135:						 std::forward<_Arg>(__arg));
        -:  136:		}
        -:  137:	      __catch(...)
        -:  138:		{
        -:  139:		  _M_h._M_deallocate_node_ptr(__node);
        -:  140:		  __throw_exception_again;
        -:  141:		}
        -:  142:	      return __node;
        -:  143:	    }
        -:  144:	  return _M_h._M_allocate_node(std::forward<_Arg>(__arg));
        -:  145:	}
        -:  146:
        -:  147:    private:
        -:  148:      mutable __node_type* _M_nodes;
        -:  149:      __hashtable_alloc& _M_h;
        -:  150:    };
        -:  151:
        -:  152:  // Functor similar to the previous one but without any pool of nodes to
        -:  153:  // recycle.
        -:  154:  template<typename _NodeAlloc>
        -:  155:    struct _AllocNode
        -:  156:    {
        -:  157:    private:
        -:  158:      using __hashtable_alloc = _Hashtable_alloc<_NodeAlloc>;
        -:  159:      using __node_type = typename __hashtable_alloc::__node_type;
        -:  160:
        -:  161:    public:
     1546:  162:      _AllocNode(__hashtable_alloc& __h)
     1546:  163:      : _M_h(__h) { }
------------------
_ZNSt8__detail10_AllocNodeISaINS_10_Hash_nodeIN13BasicLRParserIwLm1EE9SituationELb1EEEEEC2ERNS_16_Hashtable_allocIS6_EE:
function _ZNSt8__detail10_AllocNodeISaINS_10_Hash_nodeIN13BasicLRParserIwLm1EE9SituationELb1EEEEEC2ERNS_16_Hashtable_allocIS6_EE called 1219 returned 100% blocks executed 100%
     1219:  162:      _AllocNode(__hashtable_alloc& __h)
     1219:  163:      : _M_h(__h) { }
------------------
_ZNSt8__detail10_AllocNodeISaINS_10_Hash_nodeISt4pairIKlN13BasicLRParserIwLm1EE6ActionEELb0EEEEEC2ERNS_16_Hashtable_allocIS9_EE:
function _ZNSt8__detail10_AllocNodeISaINS_10_Hash_nodeISt4pairIKlN13BasicLRParserIwLm1EE6ActionEELb0EEEEEC2ERNS_16_Hashtable_allocIS9_EE called 122 returned 100% blocks executed 100%
      122:  162:      _AllocNode(__hashtable_alloc& __h)
      122:  163:      : _M_h(__h) { }
------------------
_ZNSt8__detail10_AllocNodeISaINS_10_Hash_nodeIN13BasicLRParserIwLm1EE6BucketELb1EEEEEC2ERNS_16_Hashtable_allocIS6_EE:
function _ZNSt8__detail10_AllocNodeISaINS_10_Hash_nodeIN13BasicLRParserIwLm1EE6BucketELb1EEEEEC2ERNS_16_Hashtable_allocIS6_EE called 205 returned 100% blocks executed 100%
      205:  162:      _AllocNode(__hashtable_alloc& __h)
      205:  163:      : _M_h(__h) { }
------------------
        -:  164:
        -:  165:      template<typename _Arg>
        -:  166:	__node_type*
     1650:  167:	operator()(_Arg&& __arg) const
     1650:  168:	{ return _M_h._M_allocate_node(std::forward<_Arg>(__arg)); }
------------------
_ZNKSt8__detail10_AllocNodeISaINS_10_Hash_nodeIN13BasicLRParserIwLm1EE9SituationELb1EEEEEclIRKS4_EEPS5_OT_:
function _ZNKSt8__detail10_AllocNodeISaINS_10_Hash_nodeIN13BasicLRParserIwLm1EE9SituationELb1EEEEEclIRKS4_EEPS5_OT_ called 1215 returned 100% blocks executed 100%
     1215:  167:	operator()(_Arg&& __arg) const
     1215:  168:	{ return _M_h._M_allocate_node(std::forward<_Arg>(__arg)); }
     1215:  168-block  0
call    0 returned 1215
call    1 returned 1215
------------------
_ZNKSt8__detail10_AllocNodeISaINS_10_Hash_nodeISt4pairIKlN13BasicLRParserIwLm1EE6ActionEELb0EEEEEclIRKS7_EEPS8_OT_:
function _ZNKSt8__detail10_AllocNodeISaINS_10_Hash_nodeISt4pairIKlN13BasicLRParserIwLm1EE6ActionEELb0EEEEEclIRKS7_EEPS8_OT_ called 313 returned 100% blocks executed 100%
      313:  167:	operator()(_Arg&& __arg) const
      313:  168:	{ return _M_h._M_allocate_node(std::forward<_Arg>(__arg)); }
      313:  168-block  0
call    0 returned 313
call    1 returned 313
------------------
_ZNKSt8__detail10_AllocNodeISaINS_10_Hash_nodeIN13BasicLRParserIwLm1EE6BucketELb1EEEEEclIS4_EEPS5_OT_:
function _ZNKSt8__detail10_AllocNodeISaINS_10_Hash_nodeIN13BasicLRParserIwLm1EE6BucketELb1EEEEEclIS4_EEPS5_OT_ called 122 returned 100% blocks executed 100%
      122:  167:	operator()(_Arg&& __arg) const
      122:  168:	{ return _M_h._M_allocate_node(std::forward<_Arg>(__arg)); }
      122:  168-block  0
call    0 returned 122
call    1 returned 122
------------------
        -:  169:
        -:  170:    private:
        -:  171:      __hashtable_alloc& _M_h;
        -:  172:    };
        -:  173:
        -:  174:  // Auxiliary types used for all instantiations of _Hashtable nodes
        -:  175:  // and iterators.
        -:  176:
        -:  177:  /**
        -:  178:   *  struct _Hashtable_traits
        -:  179:   *
        -:  180:   *  Important traits for hash tables.
        -:  181:   *
        -:  182:   *  @tparam _Cache_hash_code  Boolean value. True if the value of
        -:  183:   *  the hash function is stored along with the value. This is a
        -:  184:   *  time-space tradeoff.  Storing it may improve lookup speed by
        -:  185:   *  reducing the number of times we need to call the _Hash or _Equal
        -:  186:   *  functors.
        -:  187:   *
        -:  188:   *  @tparam _Constant_iterators  Boolean value. True if iterator and
        -:  189:   *  const_iterator are both constant iterator types. This is true
        -:  190:   *  for unordered_set and unordered_multiset, false for
        -:  191:   *  unordered_map and unordered_multimap.
        -:  192:   *
        -:  193:   *  @tparam _Unique_keys  Boolean value. True if the return value
        -:  194:   *  of _Hashtable::count(k) is always at most one, false if it may
        -:  195:   *  be an arbitrary number. This is true for unordered_set and
        -:  196:   *  unordered_map, false for unordered_multiset and
        -:  197:   *  unordered_multimap.
        -:  198:   */
        -:  199:  template<bool _Cache_hash_code, bool _Constant_iterators, bool _Unique_keys>
        -:  200:    struct _Hashtable_traits
        -:  201:    {
        -:  202:      using __hash_cached = __bool_constant<_Cache_hash_code>;
        -:  203:      using __constant_iterators = __bool_constant<_Constant_iterators>;
        -:  204:      using __unique_keys = __bool_constant<_Unique_keys>;
        -:  205:    };
        -:  206:
        -:  207:  /**
        -:  208:   *  struct _Hash_node_base
        -:  209:   *
        -:  210:   *  Nodes, used to wrap elements stored in the hash table.  A policy
        -:  211:   *  template parameter of class template _Hashtable controls whether
        -:  212:   *  nodes also store a hash code. In some cases (e.g. strings) this
        -:  213:   *  may be a performance win.
        -:  214:   */
        -:  215:  struct _Hash_node_base
        -:  216:  {
        -:  217:    _Hash_node_base* _M_nxt;
        -:  218:
function _ZNSt8__detail15_Hash_node_baseC2Ev called 0 returned 0% blocks executed 0%
    #####:  219:    _Hash_node_base() noexcept : _M_nxt() { }
        -:  220:
function _ZNSt8__detail15_Hash_node_baseC2EPS0_ called 0 returned 0% blocks executed 0%
    #####:  221:    _Hash_node_base(_Hash_node_base* __next) noexcept : _M_nxt(__next) { }
        -:  222:  };
        -:  223:
        -:  224:  /**
        -:  225:   *  struct _Hash_node_value_base
        -:  226:   *
        -:  227:   *  Node type with the value to store.
        -:  228:   */
        -:  229:  template<typename _Value>
        -:  230:    struct _Hash_node_value_base
        -:  231:    {
        -:  232:      typedef _Value value_type;
        -:  233:
        -:  234:      __gnu_cxx::__aligned_buffer<_Value> _M_storage;
        -:  235:
        -:  236:      _Value*
 6012940*:  237:      _M_valptr() noexcept
 6012940*:  238:      { return _M_storage._M_ptr(); }
------------------
_ZNSt8__detail21_Hash_node_value_baseIN13BasicLRParserIwLm1EE9SituationEE9_M_valptrEv:
function _ZNSt8__detail21_Hash_node_value_baseIN13BasicLRParserIwLm1EE9SituationEE9_M_valptrEv called 5140 returned 100% blocks executed 100%
     5140:  237:      _M_valptr() noexcept
     5140:  238:      { return _M_storage._M_ptr(); }
     5140:  238-block  0
call    0 returned 5140
------------------
_ZNSt8__detail21_Hash_node_value_baseISt4pairIKlSt13unordered_setIN13BasicLRParserIwLm1EE9SituationENS6_15SituationHasherESt8equal_toIS6_ESaIS6_EEEE9_M_valptrEv:
function _ZNSt8__detail21_Hash_node_value_baseISt4pairIKlSt13unordered_setIN13BasicLRParserIwLm1EE9SituationENS6_15SituationHasherESt8equal_toIS6_ESaIS6_EEEE9_M_valptrEv called 4586 returned 100% blocks executed 100%
     4586:  237:      _M_valptr() noexcept
     4586:  238:      { return _M_storage._M_ptr(); }
     4586:  238-block  0
call    0 returned 4586
------------------
_ZNSt8__detail21_Hash_node_value_baseIN13BasicLRParserIwLm1EE6BucketEE9_M_valptrEv:
function _ZNSt8__detail21_Hash_node_value_baseIN13BasicLRParserIwLm1EE6BucketEE9_M_valptrEv called 571 returned 100% blocks executed 100%
      571:  237:      _M_valptr() noexcept
      571:  238:      { return _M_storage._M_ptr(); }
      571:  238-block  0
call    0 returned 571
------------------
_ZNSt8__detail21_Hash_node_value_baseISt4pairIKlN5boost14dynamic_bitsetImSaImEEEEE9_M_valptrEv:
function _ZNSt8__detail21_Hash_node_value_baseISt4pairIKlN5boost14dynamic_bitsetImSaImEEEEE9_M_valptrEv called 845 returned 100% blocks executed 100%
      845:  237:      _M_valptr() noexcept
      845:  238:      { return _M_storage._M_ptr(); }
      845:  238-block  0
call    0 returned 845
------------------
_ZNSt8__detail21_Hash_node_value_baseISt4pairIKlSt6vectorIS3_IlSaIlEESaIS5_EEEE9_M_valptrEv:
function _ZNSt8__detail21_Hash_node_value_baseISt4pairIKlSt6vectorIS3_IlSaIlEESaIS5_EEEE9_M_valptrEv called 0 returned 0% blocks executed 0%
    #####:  237:      _M_valptr() noexcept
    #####:  238:      { return _M_storage._M_ptr(); }
    %%%%%:  238-block  0
call    0 never executed
------------------
_ZNSt8__detail21_Hash_node_value_baseISt4pairIKlNSt7__cxx1112basic_stringIwSt11char_traitsIwESaIwEEEEE9_M_valptrEv:
function _ZNSt8__detail21_Hash_node_value_baseISt4pairIKlNSt7__cxx1112basic_stringIwSt11char_traitsIwESaIwEEEEE9_M_valptrEv called 0 returned 0% blocks executed 0%
    #####:  237:      _M_valptr() noexcept
    #####:  238:      { return _M_storage._M_ptr(); }
    %%%%%:  238-block  0
call    0 never executed
------------------
_ZNSt8__detail21_Hash_node_value_baseISt4pairIKNSt7__cxx1112basic_stringIwSt11char_traitsIwESaIwEEElEE9_M_valptrEv:
function _ZNSt8__detail21_Hash_node_value_baseISt4pairIKNSt7__cxx1112basic_stringIwSt11char_traitsIwESaIwEEElEE9_M_valptrEv called 0 returned 0% blocks executed 0%
    #####:  237:      _M_valptr() noexcept
    #####:  238:      { return _M_storage._M_ptr(); }
    %%%%%:  238-block  0
call    0 never executed
------------------
_ZNSt8__detail21_Hash_node_value_baseISt4pairIKlN13BasicLRParserIwLm1EE6ActionEEE9_M_valptrEv:
function _ZNSt8__detail21_Hash_node_value_baseISt4pairIKlN13BasicLRParserIwLm1EE6ActionEEE9_M_valptrEv called 6001798 returned 100% blocks executed 100%
  6001798:  237:      _M_valptr() noexcept
  6001798:  238:      { return _M_storage._M_ptr(); }
  6001798:  238-block  0
call    0 returned 6001798
------------------
        -:  239:
        -:  240:      const _Value*
 8002552*:  241:      _M_valptr() const noexcept
 8002552*:  242:      { return _M_storage._M_ptr(); }
------------------
_ZNKSt8__detail21_Hash_node_value_baseISt4pairIKlN5boost14dynamic_bitsetImSaImEEEEE9_M_valptrEv:
function _ZNKSt8__detail21_Hash_node_value_baseISt4pairIKlN5boost14dynamic_bitsetImSaImEEEEE9_M_valptrEv called 904 returned 100% blocks executed 100%
      904:  241:      _M_valptr() const noexcept
      904:  242:      { return _M_storage._M_ptr(); }
      904:  242-block  0
call    0 returned 904
------------------
_ZNKSt8__detail21_Hash_node_value_baseIN13BasicLRParserIwLm1EE9SituationEE9_M_valptrEv:
function _ZNKSt8__detail21_Hash_node_value_baseIN13BasicLRParserIwLm1EE9SituationEE9_M_valptrEv called 211 returned 100% blocks executed 100%
      211:  241:      _M_valptr() const noexcept
      211:  242:      { return _M_storage._M_ptr(); }
      211:  242-block  0
call    0 returned 211
------------------
_ZNKSt8__detail21_Hash_node_value_baseIN13BasicLRParserIwLm1EE6BucketEE9_M_valptrEv:
function _ZNKSt8__detail21_Hash_node_value_baseIN13BasicLRParserIwLm1EE6BucketEE9_M_valptrEv called 286 returned 100% blocks executed 100%
      286:  241:      _M_valptr() const noexcept
      286:  242:      { return _M_storage._M_ptr(); }
      286:  242-block  0
call    0 returned 286
------------------
_ZNKSt8__detail21_Hash_node_value_baseISt4pairIKlSt13unordered_setIN13BasicLRParserIwLm1EE9SituationENS6_15SituationHasherESt8equal_toIS6_ESaIS6_EEEE9_M_valptrEv:
function _ZNKSt8__detail21_Hash_node_value_baseISt4pairIKlSt13unordered_setIN13BasicLRParserIwLm1EE9SituationENS6_15SituationHasherESt8equal_toIS6_ESaIS6_EEEE9_M_valptrEv called 1671 returned 100% blocks executed 100%
     1671:  241:      _M_valptr() const noexcept
     1671:  242:      { return _M_storage._M_ptr(); }
     1671:  242-block  0
call    0 returned 1671
------------------
_ZNKSt8__detail21_Hash_node_value_baseISt4pairIKlNSt7__cxx1112basic_stringIwSt11char_traitsIwESaIwEEEEE9_M_valptrEv:
function _ZNKSt8__detail21_Hash_node_value_baseISt4pairIKlNSt7__cxx1112basic_stringIwSt11char_traitsIwESaIwEEEEE9_M_valptrEv called 0 returned 0% blocks executed 0%
    #####:  241:      _M_valptr() const noexcept
    #####:  242:      { return _M_storage._M_ptr(); }
    %%%%%:  242-block  0
call    0 never executed
------------------
_ZNKSt8__detail21_Hash_node_value_baseISt4pairIKlSt6vectorIS3_IlSaIlEESaIS5_EEEE9_M_valptrEv:
function _ZNKSt8__detail21_Hash_node_value_baseISt4pairIKlSt6vectorIS3_IlSaIlEESaIS5_EEEE9_M_valptrEv called 0 returned 0% blocks executed 0%
    #####:  241:      _M_valptr() const noexcept
    #####:  242:      { return _M_storage._M_ptr(); }
    %%%%%:  242-block  0
call    0 never executed
------------------
_ZNKSt8__detail21_Hash_node_value_baseISt4pairIKNSt7__cxx1112basic_stringIwSt11char_traitsIwESaIwEEElEE9_M_valptrEv:
function _ZNKSt8__detail21_Hash_node_value_baseISt4pairIKNSt7__cxx1112basic_stringIwSt11char_traitsIwESaIwEEElEE9_M_valptrEv called 0 returned 0% blocks executed 0%
    #####:  241:      _M_valptr() const noexcept
    #####:  242:      { return _M_storage._M_ptr(); }
    %%%%%:  242-block  0
call    0 never executed
------------------
_ZNKSt8__detail21_Hash_node_value_baseISt4pairIKlN13BasicLRParserIwLm1EE6ActionEEE9_M_valptrEv:
function _ZNKSt8__detail21_Hash_node_value_baseISt4pairIKlN13BasicLRParserIwLm1EE6ActionEEE9_M_valptrEv called 7999480 returned 100% blocks executed 100%
  7999480:  241:      _M_valptr() const noexcept
  7999480:  242:      { return _M_storage._M_ptr(); }
  7999480:  242-block  0
call    0 returned 7999480
------------------
        -:  243:
        -:  244:      _Value&
    7225*:  245:      _M_v() noexcept
    7225*:  246:      { return *_M_valptr(); }
------------------
_ZNSt8__detail21_Hash_node_value_baseISt4pairIKlN5boost14dynamic_bitsetImSaImEEEEE4_M_vEv:
function _ZNSt8__detail21_Hash_node_value_baseISt4pairIKlN5boost14dynamic_bitsetImSaImEEEEE4_M_vEv called 243 returned 100% blocks executed 100%
      243:  245:      _M_v() noexcept
      243:  246:      { return *_M_valptr(); }
      243:  246-block  0
call    0 returned 243
------------------
_ZNSt8__detail21_Hash_node_value_baseISt4pairIKlNSt7__cxx1112basic_stringIwSt11char_traitsIwESaIwEEEEE4_M_vEv:
function _ZNSt8__detail21_Hash_node_value_baseISt4pairIKlNSt7__cxx1112basic_stringIwSt11char_traitsIwESaIwEEEEE4_M_vEv called 0 returned 0% blocks executed 0%
    #####:  245:      _M_v() noexcept
    #####:  246:      { return *_M_valptr(); }
    %%%%%:  246-block  0
call    0 never executed
------------------
_ZNSt8__detail21_Hash_node_value_baseISt4pairIKNSt7__cxx1112basic_stringIwSt11char_traitsIwESaIwEEElEE4_M_vEv:
function _ZNSt8__detail21_Hash_node_value_baseISt4pairIKNSt7__cxx1112basic_stringIwSt11char_traitsIwESaIwEEElEE4_M_vEv called 0 returned 0% blocks executed 0%
    #####:  245:      _M_v() noexcept
    #####:  246:      { return *_M_valptr(); }
    %%%%%:  246-block  0
call    0 never executed
------------------
_ZNSt8__detail21_Hash_node_value_baseISt4pairIKlSt6vectorIS3_IlSaIlEESaIS5_EEEE4_M_vEv:
function _ZNSt8__detail21_Hash_node_value_baseISt4pairIKlSt6vectorIS3_IlSaIlEESaIS5_EEEE4_M_vEv called 0 returned 0% blocks executed 0%
    #####:  245:      _M_v() noexcept
    #####:  246:      { return *_M_valptr(); }
    %%%%%:  246-block  0
call    0 never executed
------------------
_ZNSt8__detail21_Hash_node_value_baseIN13BasicLRParserIwLm1EE6BucketEE4_M_vEv:
function _ZNSt8__detail21_Hash_node_value_baseIN13BasicLRParserIwLm1EE6BucketEE4_M_vEv called 122 returned 100% blocks executed 100%
      122:  245:      _M_v() noexcept
      122:  246:      { return *_M_valptr(); }
      122:  246-block  0
call    0 returned 122
------------------
_ZNSt8__detail21_Hash_node_value_baseIN13BasicLRParserIwLm1EE9SituationEE4_M_vEv:
function _ZNSt8__detail21_Hash_node_value_baseIN13BasicLRParserIwLm1EE9SituationEE4_M_vEv called 2710 returned 100% blocks executed 100%
     2710:  245:      _M_v() noexcept
     2710:  246:      { return *_M_valptr(); }
     2710:  246-block  0
call    0 returned 2710
------------------
_ZNSt8__detail21_Hash_node_value_baseISt4pairIKlSt13unordered_setIN13BasicLRParserIwLm1EE9SituationENS6_15SituationHasherESt8equal_toIS6_ESaIS6_EEEE4_M_vEv:
function _ZNSt8__detail21_Hash_node_value_baseISt4pairIKlSt13unordered_setIN13BasicLRParserIwLm1EE9SituationENS6_15SituationHasherESt8equal_toIS6_ESaIS6_EEEE4_M_vEv called 3176 returned 100% blocks executed 100%
     3176:  245:      _M_v() noexcept
     3176:  246:      { return *_M_valptr(); }
     3176:  246-block  0
call    0 returned 3176
------------------
_ZNSt8__detail21_Hash_node_value_baseISt4pairIKlN13BasicLRParserIwLm1EE6ActionEEE4_M_vEv:
function _ZNSt8__detail21_Hash_node_value_baseISt4pairIKlN13BasicLRParserIwLm1EE6ActionEEE4_M_vEv called 974 returned 100% blocks executed 100%
      974:  245:      _M_v() noexcept
      974:  246:      { return *_M_valptr(); }
      974:  246-block  0
call    0 returned 974
------------------
        -:  247:
        -:  248:      const _Value&
 8002552*:  249:      _M_v() const noexcept
 8002552*:  250:      { return *_M_valptr(); }
------------------
_ZNKSt8__detail21_Hash_node_value_baseISt4pairIKlN5boost14dynamic_bitsetImSaImEEEEE4_M_vEv:
function _ZNKSt8__detail21_Hash_node_value_baseISt4pairIKlN5boost14dynamic_bitsetImSaImEEEEE4_M_vEv called 904 returned 100% blocks executed 100%
      904:  249:      _M_v() const noexcept
      904:  250:      { return *_M_valptr(); }
      904:  250-block  0
call    0 returned 904
------------------
_ZNKSt8__detail21_Hash_node_value_baseIN13BasicLRParserIwLm1EE9SituationEE4_M_vEv:
function _ZNKSt8__detail21_Hash_node_value_baseIN13BasicLRParserIwLm1EE9SituationEE4_M_vEv called 211 returned 100% blocks executed 100%
      211:  249:      _M_v() const noexcept
      211:  250:      { return *_M_valptr(); }
      211:  250-block  0
call    0 returned 211
------------------
_ZNKSt8__detail21_Hash_node_value_baseIN13BasicLRParserIwLm1EE6BucketEE4_M_vEv:
function _ZNKSt8__detail21_Hash_node_value_baseIN13BasicLRParserIwLm1EE6BucketEE4_M_vEv called 286 returned 100% blocks executed 100%
      286:  249:      _M_v() const noexcept
      286:  250:      { return *_M_valptr(); }
      286:  250-block  0
call    0 returned 286
------------------
_ZNKSt8__detail21_Hash_node_value_baseISt4pairIKlSt13unordered_setIN13BasicLRParserIwLm1EE9SituationENS6_15SituationHasherESt8equal_toIS6_ESaIS6_EEEE4_M_vEv:
function _ZNKSt8__detail21_Hash_node_value_baseISt4pairIKlSt13unordered_setIN13BasicLRParserIwLm1EE9SituationENS6_15SituationHasherESt8equal_toIS6_ESaIS6_EEEE4_M_vEv called 1671 returned 100% blocks executed 100%
     1671:  249:      _M_v() const noexcept
     1671:  250:      { return *_M_valptr(); }
     1671:  250-block  0
call    0 returned 1671
------------------
_ZNKSt8__detail21_Hash_node_value_baseISt4pairIKlNSt7__cxx1112basic_stringIwSt11char_traitsIwESaIwEEEEE4_M_vEv:
function _ZNKSt8__detail21_Hash_node_value_baseISt4pairIKlNSt7__cxx1112basic_stringIwSt11char_traitsIwESaIwEEEEE4_M_vEv called 0 returned 0% blocks executed 0%
    #####:  249:      _M_v() const noexcept
    #####:  250:      { return *_M_valptr(); }
    %%%%%:  250-block  0
call    0 never executed
------------------
_ZNKSt8__detail21_Hash_node_value_baseISt4pairIKlSt6vectorIS3_IlSaIlEESaIS5_EEEE4_M_vEv:
function _ZNKSt8__detail21_Hash_node_value_baseISt4pairIKlSt6vectorIS3_IlSaIlEESaIS5_EEEE4_M_vEv called 0 returned 0% blocks executed 0%
    #####:  249:      _M_v() const noexcept
    #####:  250:      { return *_M_valptr(); }
    %%%%%:  250-block  0
call    0 never executed
------------------
_ZNKSt8__detail21_Hash_node_value_baseISt4pairIKNSt7__cxx1112basic_stringIwSt11char_traitsIwESaIwEEElEE4_M_vEv:
function _ZNKSt8__detail21_Hash_node_value_baseISt4pairIKNSt7__cxx1112basic_stringIwSt11char_traitsIwESaIwEEElEE4_M_vEv called 0 returned 0% blocks executed 0%
    #####:  249:      _M_v() const noexcept
    #####:  250:      { return *_M_valptr(); }
    %%%%%:  250-block  0
call    0 never executed
------------------
_ZNKSt8__detail21_Hash_node_value_baseISt4pairIKlN13BasicLRParserIwLm1EE6ActionEEE4_M_vEv:
function _ZNKSt8__detail21_Hash_node_value_baseISt4pairIKlN13BasicLRParserIwLm1EE6ActionEEE4_M_vEv called 7999480 returned 100% blocks executed 100%
  7999480:  249:      _M_v() const noexcept
  7999480:  250:      { return *_M_valptr(); }
  7999480:  250-block  0
call    0 returned 7999480
------------------
        -:  251:    };
        -:  252:
        -:  253:  /**
        -:  254:   *  Primary template struct _Hash_node_code_cache.
        -:  255:   */
        -:  256:  template<bool _Cache_hash_code>
        -:  257:    struct _Hash_node_code_cache
        -:  258:    { };
        -:  259:
        -:  260:  /**
        -:  261:   *  Specialization for node with cache, struct _Hash_node_code_cache.
        -:  262:   */
        -:  263:  template<>
        -:  264:    struct _Hash_node_code_cache<true>
        -:  265:    { std::size_t  _M_hash_code; };
        -:  266:
        -:  267:  template<typename _Value, bool _Cache_hash_code>
        -:  268:    struct _Hash_node_value
        -:  269:    : _Hash_node_value_base<_Value>
        -:  270:    , _Hash_node_code_cache<_Cache_hash_code>
        -:  271:    { };
        -:  272:
        -:  273:  /**
        -:  274:   *  Primary template struct _Hash_node.
        -:  275:   */
        -:  276:  template<typename _Value, bool _Cache_hash_code>
        -:  277:    struct _Hash_node
        -:  278:    : _Hash_node_base
        -:  279:    , _Hash_node_value<_Value, _Cache_hash_code>
        -:  280:    {
        -:  281:      _Hash_node*
 2008178*:  282:      _M_next() const noexcept
 2008178*:  283:      { return static_cast<_Hash_node*>(this->_M_nxt); }
------------------
_ZNKSt8__detail10_Hash_nodeIN13BasicLRParserIwLm1EE6BucketELb1EE7_M_nextEv:
function _ZNKSt8__detail10_Hash_nodeIN13BasicLRParserIwLm1EE6BucketELb1EE7_M_nextEv called 779 returned 100% blocks executed 100%
      779:  282:      _M_next() const noexcept
      779:  283:      { return static_cast<_Hash_node*>(this->_M_nxt); }
      779:  283-block  0
------------------
_ZNKSt8__detail10_Hash_nodeIN13BasicLRParserIwLm1EE9SituationELb1EE7_M_nextEv:
function _ZNKSt8__detail10_Hash_nodeIN13BasicLRParserIwLm1EE9SituationELb1EE7_M_nextEv called 3193 returned 100% blocks executed 100%
     3193:  282:      _M_next() const noexcept
     3193:  283:      { return static_cast<_Hash_node*>(this->_M_nxt); }
     3193:  283-block  0
------------------
_ZNKSt8__detail10_Hash_nodeISt4pairIKlSt13unordered_setIN13BasicLRParserIwLm1EE9SituationENS6_15SituationHasherESt8equal_toIS6_ESaIS6_EEELb0EE7_M_nextEv:
function _ZNKSt8__detail10_Hash_nodeISt4pairIKlSt13unordered_setIN13BasicLRParserIwLm1EE9SituationENS6_15SituationHasherESt8equal_toIS6_ESaIS6_EEELb0EE7_M_nextEv called 2623 returned 100% blocks executed 100%
     2623:  282:      _M_next() const noexcept
     2623:  283:      { return static_cast<_Hash_node*>(this->_M_nxt); }
     2623:  283-block  0
------------------
_ZNKSt8__detail10_Hash_nodeISt4pairIKlN13BasicLRParserIwLm1EE6ActionEELb0EE7_M_nextEv:
function _ZNKSt8__detail10_Hash_nodeISt4pairIKlN13BasicLRParserIwLm1EE6ActionEELb0EE7_M_nextEv called 2001322 returned 100% blocks executed 100%
  2001322:  282:      _M_next() const noexcept
  2001322:  283:      { return static_cast<_Hash_node*>(this->_M_nxt); }
  2001322:  283-block  0
------------------
_ZNKSt8__detail10_Hash_nodeISt4pairIKlN5boost14dynamic_bitsetImSaImEEEELb0EE7_M_nextEv:
function _ZNKSt8__detail10_Hash_nodeISt4pairIKlN5boost14dynamic_bitsetImSaImEEEELb0EE7_M_nextEv called 261 returned 100% blocks executed 100%
      261:  282:      _M_next() const noexcept
      261:  283:      { return static_cast<_Hash_node*>(this->_M_nxt); }
      261:  283-block  0
------------------
_ZNKSt8__detail10_Hash_nodeISt4pairIKlSt6vectorIS3_IlSaIlEESaIS5_EEELb0EE7_M_nextEv:
function _ZNKSt8__detail10_Hash_nodeISt4pairIKlSt6vectorIS3_IlSaIlEESaIS5_EEELb0EE7_M_nextEv called 0 returned 0% blocks executed 0%
    #####:  282:      _M_next() const noexcept
    #####:  283:      { return static_cast<_Hash_node*>(this->_M_nxt); }
    %%%%%:  283-block  0
------------------
_ZNKSt8__detail10_Hash_nodeISt4pairIKNSt7__cxx1112basic_stringIwSt11char_traitsIwESaIwEEElELb1EE7_M_nextEv:
function _ZNKSt8__detail10_Hash_nodeISt4pairIKNSt7__cxx1112basic_stringIwSt11char_traitsIwESaIwEEElELb1EE7_M_nextEv called 0 returned 0% blocks executed 0%
    #####:  282:      _M_next() const noexcept
    #####:  283:      { return static_cast<_Hash_node*>(this->_M_nxt); }
    %%%%%:  283-block  0
------------------
_ZNKSt8__detail10_Hash_nodeISt4pairIKlNSt7__cxx1112basic_stringIwSt11char_traitsIwESaIwEEEELb0EE7_M_nextEv:
function _ZNKSt8__detail10_Hash_nodeISt4pairIKlNSt7__cxx1112basic_stringIwSt11char_traitsIwESaIwEEEELb0EE7_M_nextEv called 0 returned 0% blocks executed 0%
    #####:  282:      _M_next() const noexcept
    #####:  283:      { return static_cast<_Hash_node*>(this->_M_nxt); }
    %%%%%:  283-block  0
------------------
        -:  284:    };
        -:  285:
        -:  286:  /// Base class for node iterators.
        -:  287:  template<typename _Value, bool _Cache_hash_code>
        -:  288:    struct _Node_iterator_base
        -:  289:    {
        -:  290:      using __node_type = _Hash_node<_Value, _Cache_hash_code>;
        -:  291:
        -:  292:      __node_type* _M_cur;
        -:  293:
        -:  294:      _Node_iterator_base() : _M_cur(nullptr) { }
12008133*:  295:      _Node_iterator_base(__node_type* __p) noexcept
12008133*:  296:      : _M_cur(__p) { }
------------------
_ZNSt8__detail19_Node_iterator_baseISt4pairIKlN5boost14dynamic_bitsetImSaImEEEELb0EEC2EPNS_10_Hash_nodeIS7_Lb0EEE:
function _ZNSt8__detail19_Node_iterator_baseISt4pairIKlN5boost14dynamic_bitsetImSaImEEEELb0EEC2EPNS_10_Hash_nodeIS7_Lb0EEE called 494 returned 100% blocks executed 100%
      494:  295:      _Node_iterator_base(__node_type* __p) noexcept
      494:  296:      : _M_cur(__p) { }
------------------
_ZNSt8__detail19_Node_iterator_baseIN13BasicLRParserIwLm1EE6BucketELb1EEC2EPNS_10_Hash_nodeIS3_Lb1EEE:
function _ZNSt8__detail19_Node_iterator_baseIN13BasicLRParserIwLm1EE6BucketELb1EEC2EPNS_10_Hash_nodeIS3_Lb1EEE called 205 returned 100% blocks executed 100%
      205:  295:      _Node_iterator_base(__node_type* __p) noexcept
      205:  296:      : _M_cur(__p) { }
------------------
_ZNSt8__detail19_Node_iterator_baseISt4pairIKlNSt7__cxx1112basic_stringIwSt11char_traitsIwESaIwEEEELb0EEC2EPNS_10_Hash_nodeIS9_Lb0EEE:
function _ZNSt8__detail19_Node_iterator_baseISt4pairIKlNSt7__cxx1112basic_stringIwSt11char_traitsIwESaIwEEEELb0EEC2EPNS_10_Hash_nodeIS9_Lb0EEE called 0 returned 0% blocks executed 0%
    #####:  295:      _Node_iterator_base(__node_type* __p) noexcept
    #####:  296:      : _M_cur(__p) { }
------------------
_ZNSt8__detail19_Node_iterator_baseISt4pairIKlSt6vectorIS3_IlSaIlEESaIS5_EEELb0EEC2EPNS_10_Hash_nodeIS8_Lb0EEE:
function _ZNSt8__detail19_Node_iterator_baseISt4pairIKlSt6vectorIS3_IlSaIlEESaIS5_EEELb0EEC2EPNS_10_Hash_nodeIS8_Lb0EEE called 0 returned 0% blocks executed 0%
    #####:  295:      _Node_iterator_base(__node_type* __p) noexcept
    #####:  296:      : _M_cur(__p) { }
------------------
_ZNSt8__detail19_Node_iterator_baseIN13BasicLRParserIwLm1EE9SituationELb1EEC2EPNS_10_Hash_nodeIS3_Lb1EEE:
function _ZNSt8__detail19_Node_iterator_baseIN13BasicLRParserIwLm1EE9SituationELb1EEC2EPNS_10_Hash_nodeIS3_Lb1EEE called 5300 returned 100% blocks executed 100%
     5300:  295:      _Node_iterator_base(__node_type* __p) noexcept
     5300:  296:      : _M_cur(__p) { }
------------------
_ZNSt8__detail19_Node_iterator_baseISt4pairIKlSt13unordered_setIN13BasicLRParserIwLm1EE9SituationENS6_15SituationHasherESt8equal_toIS6_ESaIS6_EEELb0EEC2EPNS_10_Hash_nodeISC_Lb0EEE:
function _ZNSt8__detail19_Node_iterator_baseISt4pairIKlSt13unordered_setIN13BasicLRParserIwLm1EE9SituationENS6_15SituationHasherESt8equal_toIS6_ESaIS6_EEELb0EEC2EPNS_10_Hash_nodeISC_Lb0EEE called 2477 returned 100% blocks executed 100%
     2477:  295:      _Node_iterator_base(__node_type* __p) noexcept
     2477:  296:      : _M_cur(__p) { }
------------------
_ZNSt8__detail19_Node_iterator_baseISt4pairIKNSt7__cxx1112basic_stringIwSt11char_traitsIwESaIwEEElELb1EEC2EPNS_10_Hash_nodeIS9_Lb1EEE:
function _ZNSt8__detail19_Node_iterator_baseISt4pairIKNSt7__cxx1112basic_stringIwSt11char_traitsIwESaIwEEElELb1EEC2EPNS_10_Hash_nodeIS9_Lb1EEE called 0 returned 0% blocks executed 0%
    #####:  295:      _Node_iterator_base(__node_type* __p) noexcept
    #####:  296:      : _M_cur(__p) { }
------------------
_ZNSt8__detail19_Node_iterator_baseISt4pairIKlN13BasicLRParserIwLm1EE6ActionEELb0EEC2EPNS_10_Hash_nodeIS6_Lb0EEE:
function _ZNSt8__detail19_Node_iterator_baseISt4pairIKlN13BasicLRParserIwLm1EE6ActionEELb0EEC2EPNS_10_Hash_nodeIS6_Lb0EEE called 11999657 returned 100% blocks executed 100%
 11999657:  295:      _Node_iterator_base(__node_type* __p) noexcept
 11999657:  296:      : _M_cur(__p) { }
------------------
        -:  297:
        -:  298:      void
     3350:  299:      _M_incr() noexcept
     3350:  300:      { _M_cur = _M_cur->_M_next(); }
------------------
_ZNSt8__detail19_Node_iterator_baseIN13BasicLRParserIwLm1EE9SituationELb1EE7_M_incrEv:
function _ZNSt8__detail19_Node_iterator_baseIN13BasicLRParserIwLm1EE9SituationELb1EE7_M_incrEv called 1523 returned 100% blocks executed 100%
     1523:  299:      _M_incr() noexcept
     1523:  300:      { _M_cur = _M_cur->_M_next(); }
     1523:  300-block  0
call    0 returned 1523
------------------
_ZNSt8__detail19_Node_iterator_baseISt4pairIKlSt13unordered_setIN13BasicLRParserIwLm1EE9SituationENS6_15SituationHasherESt8equal_toIS6_ESaIS6_EEELb0EE7_M_incrEv:
function _ZNSt8__detail19_Node_iterator_baseISt4pairIKlSt13unordered_setIN13BasicLRParserIwLm1EE9SituationENS6_15SituationHasherESt8equal_toIS6_ESaIS6_EEELb0EE7_M_incrEv called 1447 returned 100% blocks executed 100%
     1447:  299:      _M_incr() noexcept
     1447:  300:      { _M_cur = _M_cur->_M_next(); }
     1447:  300-block  0
call    0 returned 1447
------------------
_ZNSt8__detail19_Node_iterator_baseISt4pairIKlN13BasicLRParserIwLm1EE6ActionEELb0EE7_M_incrEv:
function _ZNSt8__detail19_Node_iterator_baseISt4pairIKlN13BasicLRParserIwLm1EE6ActionEELb0EE7_M_incrEv called 380 returned 100% blocks executed 100%
      380:  299:      _M_incr() noexcept
      380:  300:      { _M_cur = _M_cur->_M_next(); }
      380:  300-block  0
call    0 returned 380
------------------
        -:  301:
        -:  302:      friend bool
 6005149*:  303:      operator==(const _Node_iterator_base& __x, const _Node_iterator_base& __y)
        -:  304:      noexcept
 6005149*:  305:      { return __x._M_cur == __y._M_cur; }
------------------
_ZNSt8__detaileqERKNS_19_Node_iterator_baseIN13BasicLRParserIwLm1EE9SituationELb1EEES6_:
function _ZNSt8__detaileqERKNS_19_Node_iterator_baseIN13BasicLRParserIwLm1EE9SituationELb1EEES6_ called 3173 returned 100% blocks executed 100%
     3173:  303:      operator==(const _Node_iterator_base& __x, const _Node_iterator_base& __y)
        -:  304:      noexcept
     3173:  305:      { return __x._M_cur == __y._M_cur; }
     3173:  305-block  0
------------------
_ZNSt8__detaileqERKNS_19_Node_iterator_baseISt4pairIKlSt13unordered_setIN13BasicLRParserIwLm1EE9SituationENS6_15SituationHasherESt8equal_toIS6_ESaIS6_EEELb0EEESF_:
function _ZNSt8__detaileqERKNS_19_Node_iterator_baseISt4pairIKlSt13unordered_setIN13BasicLRParserIwLm1EE9SituationENS6_15SituationHasherESt8equal_toIS6_ESaIS6_EEELb0EEESF_ called 2060 returned 100% blocks executed 100%
     2060:  303:      operator==(const _Node_iterator_base& __x, const _Node_iterator_base& __y)
        -:  304:      noexcept
     2060:  305:      { return __x._M_cur == __y._M_cur; }
     2060:  305-block  0
------------------
_ZNSt8__detaileqERKNS_19_Node_iterator_baseISt4pairIKNSt7__cxx1112basic_stringIwSt11char_traitsIwESaIwEEElELb1EEESC_:
function _ZNSt8__detaileqERKNS_19_Node_iterator_baseISt4pairIKNSt7__cxx1112basic_stringIwSt11char_traitsIwESaIwEEElELb1EEESC_ called 0 returned 0% blocks executed 0%
    #####:  303:      operator==(const _Node_iterator_base& __x, const _Node_iterator_base& __y)
        -:  304:      noexcept
    #####:  305:      { return __x._M_cur == __y._M_cur; }
    %%%%%:  305-block  0
------------------
_ZNSt8__detaileqERKNS_19_Node_iterator_baseISt4pairIKlN13BasicLRParserIwLm1EE6ActionEELb0EEES9_:
function _ZNSt8__detaileqERKNS_19_Node_iterator_baseISt4pairIKlN13BasicLRParserIwLm1EE6ActionEELb0EEES9_ called 5999916 returned 100% blocks executed 100%
  5999916:  303:      operator==(const _Node_iterator_base& __x, const _Node_iterator_base& __y)
        -:  304:      noexcept
  5999916:  305:      { return __x._M_cur == __y._M_cur; }
  5999916:  305-block  0
------------------
        -:  306:
        -:  307:#if __cpp_impl_three_way_comparison < 201907L
        -:  308:      friend bool
        -:  309:      operator!=(const _Node_iterator_base& __x, const _Node_iterator_base& __y)
        -:  310:      noexcept
        -:  311:      { return __x._M_cur != __y._M_cur; }
        -:  312:#endif
        -:  313:    };
        -:  314:
        -:  315:  /// Node iterators, used to iterate through all the hashtable.
        -:  316:  template<typename _Value, bool __constant_iterators, bool __cache>
        -:  317:    struct _Node_iterator
        -:  318:    : public _Node_iterator_base<_Value, __cache>
        -:  319:    {
        -:  320:    private:
        -:  321:      using __base_type = _Node_iterator_base<_Value, __cache>;
        -:  322:      using __node_type = typename __base_type::__node_type;
        -:  323:
        -:  324:    public:
        -:  325:      typedef _Value					value_type;
        -:  326:      typedef std::ptrdiff_t				difference_type;
        -:  327:      typedef std::forward_iterator_tag			iterator_category;
        -:  328:
        -:  329:      using pointer = typename std::conditional<__constant_iterators,
        -:  330:				  const value_type*, value_type*>::type;
        -:  331:
        -:  332:      using reference = typename std::conditional<__constant_iterators,
        -:  333:				  const value_type&, value_type&>::type;
        -:  334:
        -:  335:      _Node_iterator() = default;
        -:  336:
        -:  337:      explicit
    2451*:  338:      _Node_iterator(__node_type* __p) noexcept
    2451*:  339:      : __base_type(__p) { }
------------------
_ZNSt8__detail14_Node_iteratorISt4pairIKlN5boost14dynamic_bitsetImSaImEEEELb0ELb0EEC2EPNS_10_Hash_nodeIS7_Lb0EEE:
function _ZNSt8__detail14_Node_iteratorISt4pairIKlN5boost14dynamic_bitsetImSaImEEEELb0ELb0EEC2EPNS_10_Hash_nodeIS7_Lb0EEE called 54 returned 100% blocks executed 100%
       54:  338:      _Node_iterator(__node_type* __p) noexcept
       54:  339:      : __base_type(__p) { }
       54:  339-block  0
call    0 returned 54
------------------
_ZNSt8__detail14_Node_iteratorISt4pairIKlSt13unordered_setIN13BasicLRParserIwLm1EE9SituationENS6_15SituationHasherESt8equal_toIS6_ESaIS6_EEELb0ELb0EEC2EPNS_10_Hash_nodeISC_Lb0EEE:
function _ZNSt8__detail14_Node_iteratorISt4pairIKlSt13unordered_setIN13BasicLRParserIwLm1EE9SituationENS6_15SituationHasherESt8equal_toIS6_ESaIS6_EEELb0ELb0EEC2EPNS_10_Hash_nodeISC_Lb0EEE called 470 returned 100% blocks executed 100%
      470:  338:      _Node_iterator(__node_type* __p) noexcept
      470:  339:      : __base_type(__p) { }
      470:  339-block  0
call    0 returned 470
------------------
_ZNSt8__detail14_Node_iteratorIN13BasicLRParserIwLm1EE9SituationELb1ELb1EEC2EPNS_10_Hash_nodeIS3_Lb1EEE:
function _ZNSt8__detail14_Node_iteratorIN13BasicLRParserIwLm1EE9SituationELb1ELb1EEC2EPNS_10_Hash_nodeIS3_Lb1EEE called 1219 returned 100% blocks executed 100%
     1219:  338:      _Node_iterator(__node_type* __p) noexcept
     1219:  339:      : __base_type(__p) { }
     1219:  339-block  0
call    0 returned 1219
------------------
_ZNSt8__detail14_Node_iteratorIN13BasicLRParserIwLm1EE6BucketELb1ELb1EEC2EPNS_10_Hash_nodeIS3_Lb1EEE:
function _ZNSt8__detail14_Node_iteratorIN13BasicLRParserIwLm1EE6BucketELb1ELb1EEC2EPNS_10_Hash_nodeIS3_Lb1EEE called 205 returned 100% blocks executed 100%
      205:  338:      _Node_iterator(__node_type* __p) noexcept
      205:  339:      : __base_type(__p) { }
      205:  339-block  0
call    0 returned 205
------------------
_ZNSt8__detail14_Node_iteratorISt4pairIKlNSt7__cxx1112basic_stringIwSt11char_traitsIwESaIwEEEELb0ELb0EEC2EPNS_10_Hash_nodeIS9_Lb0EEE:
function _ZNSt8__detail14_Node_iteratorISt4pairIKlNSt7__cxx1112basic_stringIwSt11char_traitsIwESaIwEEEELb0ELb0EEC2EPNS_10_Hash_nodeIS9_Lb0EEE called 0 returned 0% blocks executed 0%
    #####:  338:      _Node_iterator(__node_type* __p) noexcept
    #####:  339:      : __base_type(__p) { }
    %%%%%:  339-block  0
call    0 never executed
------------------
_ZNSt8__detail14_Node_iteratorISt4pairIKNSt7__cxx1112basic_stringIwSt11char_traitsIwESaIwEEElELb0ELb1EEC2EPNS_10_Hash_nodeIS9_Lb1EEE:
function _ZNSt8__detail14_Node_iteratorISt4pairIKNSt7__cxx1112basic_stringIwSt11char_traitsIwESaIwEEElELb0ELb1EEC2EPNS_10_Hash_nodeIS9_Lb1EEE called 0 returned 0% blocks executed 0%
    #####:  338:      _Node_iterator(__node_type* __p) noexcept
    #####:  339:      : __base_type(__p) { }
    %%%%%:  339-block  0
call    0 never executed
------------------
_ZNSt8__detail14_Node_iteratorISt4pairIKlN13BasicLRParserIwLm1EE6ActionEELb0ELb0EEC2EPNS_10_Hash_nodeIS6_Lb0EEE:
function _ZNSt8__detail14_Node_iteratorISt4pairIKlN13BasicLRParserIwLm1EE6ActionEELb0ELb0EEC2EPNS_10_Hash_nodeIS6_Lb0EEE called 503 returned 100% blocks executed 100%
      503:  338:      _Node_iterator(__node_type* __p) noexcept
      503:  339:      : __base_type(__p) { }
      503:  339-block  0
call    0 returned 503
------------------
_ZNSt8__detail14_Node_iteratorISt4pairIKlSt6vectorIS3_IlSaIlEESaIS5_EEELb0ELb0EEC2EPNS_10_Hash_nodeIS8_Lb0EEE:
function _ZNSt8__detail14_Node_iteratorISt4pairIKlSt6vectorIS3_IlSaIlEESaIS5_EEELb0ELb0EEC2EPNS_10_Hash_nodeIS8_Lb0EEE called 0 returned 0% blocks executed 0%
    #####:  338:      _Node_iterator(__node_type* __p) noexcept
    #####:  339:      : __base_type(__p) { }
    %%%%%:  339-block  0
call    0 never executed
------------------
        -:  340:
        -:  341:      reference
function _ZNKSt8__detail14_Node_iteratorIN13BasicLRParserIwLm1EE6BucketELb1ELb1EEdeEv called 122 returned 100% blocks executed 100%
      122:  342:      operator*() const noexcept
      122:  343:      { return this->_M_cur->_M_v(); }
      122:  343-block  0
call    0 returned 122
        -:  344:
        -:  345:      pointer
    1033*:  346:      operator->() const noexcept
    1033*:  347:      { return this->_M_cur->_M_valptr(); }
------------------
_ZNKSt8__detail14_Node_iteratorISt4pairIKlN5boost14dynamic_bitsetImSaImEEEELb0ELb0EEptEv:
function _ZNKSt8__detail14_Node_iteratorISt4pairIKlN5boost14dynamic_bitsetImSaImEEEELb0ELb0EEptEv called 54 returned 100% blocks executed 100%
       54:  346:      operator->() const noexcept
       54:  347:      { return this->_M_cur->_M_valptr(); }
       54:  347-block  0
call    0 returned 54
------------------
_ZNKSt8__detail14_Node_iteratorISt4pairIKlSt13unordered_setIN13BasicLRParserIwLm1EE9SituationENS6_15SituationHasherESt8equal_toIS6_ESaIS6_EEELb0ELb0EEptEv:
function _ZNKSt8__detail14_Node_iteratorISt4pairIKlSt13unordered_setIN13BasicLRParserIwLm1EE9SituationENS6_15SituationHasherESt8equal_toIS6_ESaIS6_EEELb0ELb0EEptEv called 470 returned 100% blocks executed 100%
      470:  346:      operator->() const noexcept
      470:  347:      { return this->_M_cur->_M_valptr(); }
      470:  347-block  0
call    0 returned 470
------------------
_ZNKSt8__detail14_Node_iteratorISt4pairIKlSt6vectorIS3_IlSaIlEESaIS5_EEELb0ELb0EEptEv:
function _ZNKSt8__detail14_Node_iteratorISt4pairIKlSt6vectorIS3_IlSaIlEESaIS5_EEELb0ELb0EEptEv called 0 returned 0% blocks executed 0%
    #####:  346:      operator->() const noexcept
    #####:  347:      { return this->_M_cur->_M_valptr(); }
    %%%%%:  347-block  0
call    0 never executed
------------------
_ZNKSt8__detail14_Node_iteratorISt4pairIKlNSt7__cxx1112basic_stringIwSt11char_traitsIwESaIwEEEELb0ELb0EEptEv:
function _ZNKSt8__detail14_Node_iteratorISt4pairIKlNSt7__cxx1112basic_stringIwSt11char_traitsIwESaIwEEEELb0ELb0EEptEv called 0 returned 0% blocks executed 0%
    #####:  346:      operator->() const noexcept
    #####:  347:      { return this->_M_cur->_M_valptr(); }
    %%%%%:  347-block  0
call    0 never executed
------------------
_ZNKSt8__detail14_Node_iteratorISt4pairIKlN13BasicLRParserIwLm1EE6ActionEELb0ELb0EEptEv:
function _ZNKSt8__detail14_Node_iteratorISt4pairIKlN13BasicLRParserIwLm1EE6ActionEELb0ELb0EEptEv called 304 returned 100% blocks executed 100%
      304:  346:      operator->() const noexcept
      304:  347:      { return this->_M_cur->_M_valptr(); }
      304:  347-block  0
call    0 returned 304
------------------
_ZNKSt8__detail14_Node_iteratorISt4pairIKNSt7__cxx1112basic_stringIwSt11char_traitsIwESaIwEEElELb0ELb1EEptEv:
function _ZNKSt8__detail14_Node_iteratorISt4pairIKNSt7__cxx1112basic_stringIwSt11char_traitsIwESaIwEEElELb0ELb1EEptEv called 0 returned 0% blocks executed 0%
    #####:  346:      operator->() const noexcept
    #####:  347:      { return this->_M_cur->_M_valptr(); }
    %%%%%:  347-block  0
call    0 never executed
------------------
_ZNKSt8__detail14_Node_iteratorIN13BasicLRParserIwLm1EE6BucketELb1ELb1EEptEv:
function _ZNKSt8__detail14_Node_iteratorIN13BasicLRParserIwLm1EE6BucketELb1ELb1EEptEv called 205 returned 100% blocks executed 100%
      205:  346:      operator->() const noexcept
      205:  347:      { return this->_M_cur->_M_valptr(); }
      205:  347-block  0
call    0 returned 205
------------------
        -:  348:
        -:  349:      _Node_iterator&
        -:  350:      operator++() noexcept
        -:  351:      {
        -:  352:	this->_M_incr();
        -:  353:	return *this;
        -:  354:      }
        -:  355:
        -:  356:      _Node_iterator
        -:  357:      operator++(int) noexcept
        -:  358:      {
        -:  359:	_Node_iterator __tmp(*this);
        -:  360:	this->_M_incr();
        -:  361:	return __tmp;
        -:  362:      }
        -:  363:    };
        -:  364:
        -:  365:  /// Node const_iterators, used to iterate through all the hashtable.
        -:  366:  template<typename _Value, bool __constant_iterators, bool __cache>
        -:  367:    struct _Node_const_iterator
        -:  368:    : public _Node_iterator_base<_Value, __cache>
        -:  369:    {
        -:  370:    private:
        -:  371:      using __base_type = _Node_iterator_base<_Value, __cache>;
        -:  372:      using __node_type = typename __base_type::__node_type;
        -:  373:
        -:  374:    public:
        -:  375:      typedef _Value					value_type;
        -:  376:      typedef std::ptrdiff_t				difference_type;
        -:  377:      typedef std::forward_iterator_tag			iterator_category;
        -:  378:
        -:  379:      typedef const value_type*				pointer;
        -:  380:      typedef const value_type&				reference;
        -:  381:
        -:  382:      _Node_const_iterator() = default;
        -:  383:
        -:  384:      explicit
12005682*:  385:      _Node_const_iterator(__node_type* __p) noexcept
12005682*:  386:      : __base_type(__p) { }
------------------
_ZNSt8__detail20_Node_const_iteratorISt4pairIKlNSt7__cxx1112basic_stringIwSt11char_traitsIwESaIwEEEELb0ELb0EEC2EPNS_10_Hash_nodeIS9_Lb0EEE:
function _ZNSt8__detail20_Node_const_iteratorISt4pairIKlNSt7__cxx1112basic_stringIwSt11char_traitsIwESaIwEEEELb0ELb0EEC2EPNS_10_Hash_nodeIS9_Lb0EEE called 0 returned 0% blocks executed 0%
    #####:  385:      _Node_const_iterator(__node_type* __p) noexcept
    #####:  386:      : __base_type(__p) { }
    %%%%%:  386-block  0
call    0 never executed
------------------
_ZNSt8__detail20_Node_const_iteratorISt4pairIKlN5boost14dynamic_bitsetImSaImEEEELb0ELb0EEC2EPNS_10_Hash_nodeIS7_Lb0EEE:
function _ZNSt8__detail20_Node_const_iteratorISt4pairIKlN5boost14dynamic_bitsetImSaImEEEELb0ELb0EEC2EPNS_10_Hash_nodeIS7_Lb0EEE called 440 returned 100% blocks executed 100%
      440:  385:      _Node_const_iterator(__node_type* __p) noexcept
      440:  386:      : __base_type(__p) { }
      440:  386-block  0
call    0 returned 440
------------------
_ZNSt8__detail20_Node_const_iteratorISt4pairIKlSt6vectorIS3_IlSaIlEESaIS5_EEELb0ELb0EEC2EPNS_10_Hash_nodeIS8_Lb0EEE:
function _ZNSt8__detail20_Node_const_iteratorISt4pairIKlSt6vectorIS3_IlSaIlEESaIS5_EEELb0ELb0EEC2EPNS_10_Hash_nodeIS8_Lb0EEE called 0 returned 0% blocks executed 0%
    #####:  385:      _Node_const_iterator(__node_type* __p) noexcept
    #####:  386:      : __base_type(__p) { }
    %%%%%:  386-block  0
call    0 never executed
------------------
_ZNSt8__detail20_Node_const_iteratorIN13BasicLRParserIwLm1EE9SituationELb1ELb1EEC2EPNS_10_Hash_nodeIS3_Lb1EEE:
function _ZNSt8__detail20_Node_const_iteratorIN13BasicLRParserIwLm1EE9SituationELb1ELb1EEC2EPNS_10_Hash_nodeIS3_Lb1EEE called 4081 returned 100% blocks executed 100%
     4081:  385:      _Node_const_iterator(__node_type* __p) noexcept
     4081:  386:      : __base_type(__p) { }
     4081:  386-block  0
call    0 returned 4081
------------------
_ZNSt8__detail20_Node_const_iteratorISt4pairIKlSt13unordered_setIN13BasicLRParserIwLm1EE9SituationENS6_15SituationHasherESt8equal_toIS6_ESaIS6_EEELb0ELb0EEC2EPNS_10_Hash_nodeISC_Lb0EEE:
function _ZNSt8__detail20_Node_const_iteratorISt4pairIKlSt13unordered_setIN13BasicLRParserIwLm1EE9SituationENS6_15SituationHasherESt8equal_toIS6_ESaIS6_EEELb0ELb0EEC2EPNS_10_Hash_nodeISC_Lb0EEE called 2007 returned 100% blocks executed 100%
     2007:  385:      _Node_const_iterator(__node_type* __p) noexcept
     2007:  386:      : __base_type(__p) { }
     2007:  386-block  0
call    0 returned 2007
------------------
_ZNSt8__detail20_Node_const_iteratorISt4pairIKNSt7__cxx1112basic_stringIwSt11char_traitsIwESaIwEEElELb0ELb1EEC2EPNS_10_Hash_nodeIS9_Lb1EEE:
function _ZNSt8__detail20_Node_const_iteratorISt4pairIKNSt7__cxx1112basic_stringIwSt11char_traitsIwESaIwEEElELb0ELb1EEC2EPNS_10_Hash_nodeIS9_Lb1EEE called 0 returned 0% blocks executed 0%
    #####:  385:      _Node_const_iterator(__node_type* __p) noexcept
    #####:  386:      : __base_type(__p) { }
    %%%%%:  386-block  0
call    0 never executed
------------------
_ZNSt8__detail20_Node_const_iteratorISt4pairIKlN13BasicLRParserIwLm1EE6ActionEELb0ELb0EEC2EPNS_10_Hash_nodeIS6_Lb0EEE:
function _ZNSt8__detail20_Node_const_iteratorISt4pairIKlN13BasicLRParserIwLm1EE6ActionEELb0ELb0EEC2EPNS_10_Hash_nodeIS6_Lb0EEE called 11999154 returned 100% blocks executed 100%
 11999154:  385:      _Node_const_iterator(__node_type* __p) noexcept
 11999154:  386:      : __base_type(__p) { }
 11999154:  386-block  0
call    0 returned 11999154
------------------
        -:  387:
        -:  388:      _Node_const_iterator(const _Node_iterator<_Value, __constant_iterators,
        -:  389:			   __cache>& __x) noexcept
        -:  390:      : __base_type(__x._M_cur) { }
        -:  391:
        -:  392:      reference
     4008:  393:      operator*() const noexcept
     4008:  394:      { return this->_M_cur->_M_v(); }
------------------
_ZNKSt8__detail20_Node_const_iteratorIN13BasicLRParserIwLm1EE9SituationELb1ELb1EEdeEv:
function _ZNKSt8__detail20_Node_const_iteratorIN13BasicLRParserIwLm1EE9SituationELb1ELb1EEdeEv called 1726 returned 100% blocks executed 100%
     1726:  393:      operator*() const noexcept
     1726:  394:      { return this->_M_cur->_M_v(); }
     1726:  394-block  0
call    0 returned 1726
------------------
_ZNKSt8__detail20_Node_const_iteratorISt4pairIKlSt13unordered_setIN13BasicLRParserIwLm1EE9SituationENS6_15SituationHasherESt8equal_toIS6_ESaIS6_EEELb0ELb0EEdeEv:
function _ZNKSt8__detail20_Node_const_iteratorISt4pairIKlSt13unordered_setIN13BasicLRParserIwLm1EE9SituationENS6_15SituationHasherESt8equal_toIS6_ESaIS6_EEELb0ELb0EEdeEv called 1902 returned 100% blocks executed 100%
     1902:  393:      operator*() const noexcept
     1902:  394:      { return this->_M_cur->_M_v(); }
     1902:  394-block  0
call    0 returned 1902
------------------
_ZNKSt8__detail20_Node_const_iteratorISt4pairIKlN13BasicLRParserIwLm1EE6ActionEELb0ELb0EEdeEv:
function _ZNKSt8__detail20_Node_const_iteratorISt4pairIKlN13BasicLRParserIwLm1EE6ActionEELb0ELb0EEdeEv called 380 returned 100% blocks executed 100%
      380:  393:      operator*() const noexcept
      380:  394:      { return this->_M_cur->_M_v(); }
      380:  394-block  0
call    0 returned 380
------------------
        -:  395:
        -:  396:      pointer
 5999328*:  397:      operator->() const noexcept
 5999328*:  398:      { return this->_M_cur->_M_valptr(); }
------------------
_ZNKSt8__detail20_Node_const_iteratorISt4pairIKlNSt7__cxx1112basic_stringIwSt11char_traitsIwESaIwEEEELb0ELb0EEptEv:
function _ZNKSt8__detail20_Node_const_iteratorISt4pairIKlNSt7__cxx1112basic_stringIwSt11char_traitsIwESaIwEEEELb0ELb0EEptEv called 0 returned 0% blocks executed 0%
    #####:  397:      operator->() const noexcept
    #####:  398:      { return this->_M_cur->_M_valptr(); }
    %%%%%:  398-block  0
call    0 never executed
------------------
_ZNKSt8__detail20_Node_const_iteratorISt4pairIKlN5boost14dynamic_bitsetImSaImEEEELb0ELb0EEptEv:
function _ZNKSt8__detail20_Node_const_iteratorISt4pairIKlN5boost14dynamic_bitsetImSaImEEEELb0ELb0EEptEv called 440 returned 100% blocks executed 100%
      440:  397:      operator->() const noexcept
      440:  398:      { return this->_M_cur->_M_valptr(); }
      440:  398-block  0
call    0 returned 440
------------------
_ZNKSt8__detail20_Node_const_iteratorISt4pairIKlSt6vectorIS3_IlSaIlEESaIS5_EEELb0ELb0EEptEv:
function _ZNKSt8__detail20_Node_const_iteratorISt4pairIKlSt6vectorIS3_IlSaIlEESaIS5_EEELb0ELb0EEptEv called 0 returned 0% blocks executed 0%
    #####:  397:      operator->() const noexcept
    #####:  398:      { return this->_M_cur->_M_valptr(); }
    %%%%%:  398-block  0
call    0 never executed
------------------
_ZNKSt8__detail20_Node_const_iteratorISt4pairIKNSt7__cxx1112basic_stringIwSt11char_traitsIwESaIwEEElELb0ELb1EEptEv:
function _ZNKSt8__detail20_Node_const_iteratorISt4pairIKNSt7__cxx1112basic_stringIwSt11char_traitsIwESaIwEEElELb0ELb1EEptEv called 0 returned 0% blocks executed 0%
    #####:  397:      operator->() const noexcept
    #####:  398:      { return this->_M_cur->_M_valptr(); }
    %%%%%:  398-block  0
call    0 never executed
------------------
_ZNKSt8__detail20_Node_const_iteratorISt4pairIKlN13BasicLRParserIwLm1EE6ActionEELb0ELb0EEptEv:
function _ZNKSt8__detail20_Node_const_iteratorISt4pairIKlN13BasicLRParserIwLm1EE6ActionEELb0ELb0EEptEv called 5998888 returned 100% blocks executed 100%
  5998888:  397:      operator->() const noexcept
  5998888:  398:      { return this->_M_cur->_M_valptr(); }
  5998888:  398-block  0
call    0 returned 5998888
------------------
        -:  399:
        -:  400:      _Node_const_iterator&
     3350:  401:      operator++() noexcept
        -:  402:      {
     3350:  403:	this->_M_incr();
     3350:  404:	return *this;
        -:  405:      }
------------------
_ZNSt8__detail20_Node_const_iteratorIN13BasicLRParserIwLm1EE9SituationELb1ELb1EEppEv:
function _ZNSt8__detail20_Node_const_iteratorIN13BasicLRParserIwLm1EE9SituationELb1ELb1EEppEv called 1523 returned 100% blocks executed 100%
     1523:  401:      operator++() noexcept
        -:  402:      {
     1523:  403:	this->_M_incr();
     1523:  403-block  0
call    0 returned 1523
     1523:  404:	return *this;
        -:  405:      }
------------------
_ZNSt8__detail20_Node_const_iteratorISt4pairIKlSt13unordered_setIN13BasicLRParserIwLm1EE9SituationENS6_15SituationHasherESt8equal_toIS6_ESaIS6_EEELb0ELb0EEppEv:
function _ZNSt8__detail20_Node_const_iteratorISt4pairIKlSt13unordered_setIN13BasicLRParserIwLm1EE9SituationENS6_15SituationHasherESt8equal_toIS6_ESaIS6_EEELb0ELb0EEppEv called 1447 returned 100% blocks executed 100%
     1447:  401:      operator++() noexcept
        -:  402:      {
     1447:  403:	this->_M_incr();
     1447:  403-block  0
call    0 returned 1447
     1447:  404:	return *this;
        -:  405:      }
------------------
_ZNSt8__detail20_Node_const_iteratorISt4pairIKlN13BasicLRParserIwLm1EE6ActionEELb0ELb0EEppEv:
function _ZNSt8__detail20_Node_const_iteratorISt4pairIKlN13BasicLRParserIwLm1EE6ActionEELb0ELb0EEppEv called 380 returned 100% blocks executed 100%
      380:  401:      operator++() noexcept
        -:  402:      {
      380:  403:	this->_M_incr();
      380:  403-block  0
call    0 returned 380
      380:  404:	return *this;
        -:  405:      }
------------------
        -:  406:
        -:  407:      _Node_const_iterator
        -:  408:      operator++(int) noexcept
        -:  409:      {
        -:  410:	_Node_const_iterator __tmp(*this);
        -:  411:	this->_M_incr();
        -:  412:	return __tmp;
        -:  413:      }
        -:  414:    };
        -:  415:
        -:  416:  // Many of class template _Hashtable's template parameters are policy
        -:  417:  // classes.  These are defaults for the policies.
        -:  418:
        -:  419:  /// Default range hashing function: use division to fold a large number
        -:  420:  /// into the range [0, N).
        -:  421:  struct _Mod_range_hashing
        -:  422:  {
        -:  423:    typedef std::size_t first_argument_type;
        -:  424:    typedef std::size_t second_argument_type;
        -:  425:    typedef std::size_t result_type;
        -:  426:
        -:  427:    result_type
function _ZNKSt8__detail18_Mod_range_hashingclEmm called 0 returned 0% blocks executed 0%
    #####:  428:    operator()(first_argument_type __num,
        -:  429:	       second_argument_type __den) const noexcept
    #####:  430:    { return __num % __den; }
    %%%%%:  430-block  0
        -:  431:  };
        -:  432:
        -:  433:  /// Default ranged hash function H.  In principle it should be a
        -:  434:  /// function object composed from objects of type H1 and H2 such that
        -:  435:  /// h(k, N) = h2(h1(k), N), but that would mean making extra copies of
        -:  436:  /// h1 and h2.  So instead we'll just use a tag to tell class template
        -:  437:  /// hashtable to do that composition.
        -:  438:  struct _Default_ranged_hash { };
        -:  439:
        -:  440:  /// Default value for rehash policy.  Bucket size is (usually) the
        -:  441:  /// smallest prime that keeps the load factor small enough.
        -:  442:  struct _Prime_rehash_policy
        -:  443:  {
        -:  444:    using __has_load_factor = true_type;
        -:  445:
function _ZNSt8__detail20_Prime_rehash_policyC2Ef called 0 returned 0% blocks executed 0%
    #####:  446:    _Prime_rehash_policy(float __z = 1.0) noexcept
    #####:  447:    : _M_max_load_factor(__z), _M_next_resize(0) { }
        -:  448:
        -:  449:    float
        -:  450:    max_load_factor() const noexcept
        -:  451:    { return _M_max_load_factor; }
        -:  452:
        -:  453:    // Return a bucket size no smaller than n.
        -:  454:    std::size_t
        -:  455:    _M_next_bkt(std::size_t __n) const;
        -:  456:
        -:  457:    // Return a bucket count appropriate for n elements
        -:  458:    std::size_t
        -:  459:    _M_bkt_for_elements(std::size_t __n) const
        -:  460:    { return __builtin_ceil(__n / (double)_M_max_load_factor); }
        -:  461:
        -:  462:    // __n_bkt is current bucket count, __n_elt is current element count,
        -:  463:    // and __n_ins is number of elements to be inserted.  Do we need to
        -:  464:    // increase bucket count?  If so, return make_pair(true, n), where n
        -:  465:    // is the new bucket count.  If not, return make_pair(false, 0).
        -:  466:    std::pair<bool, std::size_t>
        -:  467:    _M_need_rehash(std::size_t __n_bkt, std::size_t __n_elt,
        -:  468:		   std::size_t __n_ins) const;
        -:  469:
        -:  470:    typedef std::size_t _State;
        -:  471:
        -:  472:    _State
function _ZNKSt8__detail20_Prime_rehash_policy8_M_stateEv called 0 returned 0% blocks executed 0%
    #####:  473:    _M_state() const
    #####:  474:    { return _M_next_resize; }
    %%%%%:  474-block  0
        -:  475:
        -:  476:    void
function _ZNSt8__detail20_Prime_rehash_policy8_M_resetEv called 0 returned 0% blocks executed 0%
    #####:  477:    _M_reset() noexcept
    #####:  478:    { _M_next_resize = 0; }
        -:  479:
        -:  480:    void
function _ZNSt8__detail20_Prime_rehash_policy8_M_resetEm called 0 returned 0% blocks executed 0%
    #####:  481:    _M_reset(_State __state)
    #####:  482:    { _M_next_resize = __state; }
        -:  483:
        -:  484:    static const std::size_t _S_growth_factor = 2;
        -:  485:
        -:  486:    float		_M_max_load_factor;
        -:  487:    mutable std::size_t	_M_next_resize;
        -:  488:  };
        -:  489:
        -:  490:  /// Range hashing function assuming that second arg is a power of 2.
        -:  491:  struct _Mask_range_hashing
        -:  492:  {
        -:  493:    typedef std::size_t first_argument_type;
        -:  494:    typedef std::size_t second_argument_type;
        -:  495:    typedef std::size_t result_type;
        -:  496:
        -:  497:    result_type
        -:  498:    operator()(first_argument_type __num,
        -:  499:	       second_argument_type __den) const noexcept
        -:  500:    { return __num & (__den - 1); }
        -:  501:  };
        -:  502:
        -:  503:  /// Compute closest power of 2 not less than __n
        -:  504:  inline std::size_t
        -:  505:  __clp2(std::size_t __n) noexcept
        -:  506:  {
        -:  507:    using __gnu_cxx::__int_traits;
        -:  508:    // Equivalent to return __n ? std::bit_ceil(__n) : 0;
        -:  509:    if (__n < 2)
        -:  510:      return __n;
        -:  511:    const unsigned __lz = sizeof(size_t) > sizeof(long)
        -:  512:      ? __builtin_clzll(__n - 1ull)
        -:  513:      : __builtin_clzl(__n - 1ul);
        -:  514:    // Doing two shifts avoids undefined behaviour when __lz == 0.
        -:  515:    return (size_t(1) << (__int_traits<size_t>::__digits - __lz - 1)) << 1;
        -:  516:  }
        -:  517:
        -:  518:  /// Rehash policy providing power of 2 bucket numbers. Avoids modulo
        -:  519:  /// operations.
        -:  520:  struct _Power2_rehash_policy
        -:  521:  {
        -:  522:    using __has_load_factor = true_type;
        -:  523:
        -:  524:    _Power2_rehash_policy(float __z = 1.0) noexcept
        -:  525:    : _M_max_load_factor(__z), _M_next_resize(0) { }
        -:  526:
        -:  527:    float
        -:  528:    max_load_factor() const noexcept
        -:  529:    { return _M_max_load_factor; }
        -:  530:
        -:  531:    // Return a bucket size no smaller than n (as long as n is not above the
        -:  532:    // highest power of 2).
        -:  533:    std::size_t
        -:  534:    _M_next_bkt(std::size_t __n) noexcept
        -:  535:    {
        -:  536:      if (__n == 0)
        -:  537:	// Special case on container 1st initialization with 0 bucket count
        -:  538:	// hint. We keep _M_next_resize to 0 to make sure that next time we
        -:  539:	// want to add an element allocation will take place.
        -:  540:	return 1;
        -:  541:
        -:  542:      const auto __max_width = std::min<size_t>(sizeof(size_t), 8);
        -:  543:      const auto __max_bkt = size_t(1) << (__max_width * __CHAR_BIT__ - 1);
        -:  544:      std::size_t __res = __clp2(__n);
        -:  545:
        -:  546:      if (__res == 0)
        -:  547:	__res = __max_bkt;
        -:  548:      else if (__res == 1)
        -:  549:	// If __res is 1 we force it to 2 to make sure there will be an
        -:  550:	// allocation so that nothing need to be stored in the initial
        -:  551:	// single bucket
        -:  552:	__res = 2;
        -:  553:
        -:  554:      if (__res == __max_bkt)
        -:  555:	// Set next resize to the max value so that we never try to rehash again
        -:  556:	// as we already reach the biggest possible bucket number.
        -:  557:	// Note that it might result in max_load_factor not being respected.
        -:  558:	_M_next_resize = size_t(-1);
        -:  559:      else
        -:  560:	_M_next_resize
        -:  561:	  = __builtin_floor(__res * (double)_M_max_load_factor);
        -:  562:
        -:  563:      return __res;
        -:  564:    }
        -:  565:
        -:  566:    // Return a bucket count appropriate for n elements
        -:  567:    std::size_t
        -:  568:    _M_bkt_for_elements(std::size_t __n) const noexcept
        -:  569:    { return __builtin_ceil(__n / (double)_M_max_load_factor); }
        -:  570:
        -:  571:    // __n_bkt is current bucket count, __n_elt is current element count,
        -:  572:    // and __n_ins is number of elements to be inserted.  Do we need to
        -:  573:    // increase bucket count?  If so, return make_pair(true, n), where n
        -:  574:    // is the new bucket count.  If not, return make_pair(false, 0).
        -:  575:    std::pair<bool, std::size_t>
        -:  576:    _M_need_rehash(std::size_t __n_bkt, std::size_t __n_elt,
        -:  577:		   std::size_t __n_ins) noexcept
        -:  578:    {
        -:  579:      if (__n_elt + __n_ins > _M_next_resize)
        -:  580:	{
        -:  581:	  // If _M_next_resize is 0 it means that we have nothing allocated so
        -:  582:	  // far and that we start inserting elements. In this case we start
        -:  583:	  // with an initial bucket size of 11.
        -:  584:	  double __min_bkts
        -:  585:	    = std::max<std::size_t>(__n_elt + __n_ins, _M_next_resize ? 0 : 11)
        -:  586:	      / (double)_M_max_load_factor;
        -:  587:	  if (__min_bkts >= __n_bkt)
        -:  588:	    return { true,
        -:  589:	      _M_next_bkt(std::max<std::size_t>(__builtin_floor(__min_bkts) + 1,
        -:  590:						__n_bkt * _S_growth_factor)) };
        -:  591:
        -:  592:	  _M_next_resize
        -:  593:	    = __builtin_floor(__n_bkt * (double)_M_max_load_factor);
        -:  594:	  return { false, 0 };
        -:  595:	}
        -:  596:      else
        -:  597:	return { false, 0 };
        -:  598:    }
        -:  599:
        -:  600:    typedef std::size_t _State;
        -:  601:
        -:  602:    _State
        -:  603:    _M_state() const noexcept
        -:  604:    { return _M_next_resize; }
        -:  605:
        -:  606:    void
        -:  607:    _M_reset() noexcept
        -:  608:    { _M_next_resize = 0; }
        -:  609:
        -:  610:    void
        -:  611:    _M_reset(_State __state) noexcept
        -:  612:    { _M_next_resize = __state; }
        -:  613:
        -:  614:    static const std::size_t _S_growth_factor = 2;
        -:  615:
        -:  616:    float	_M_max_load_factor;
        -:  617:    std::size_t	_M_next_resize;
        -:  618:  };
        -:  619:
        -:  620:  // Base classes for std::_Hashtable.  We define these base classes
        -:  621:  // because in some cases we want to do different things depending on
        -:  622:  // the value of a policy class.  In some cases the policy class
        -:  623:  // affects which member functions and nested typedefs are defined;
        -:  624:  // we handle that by specializing base class templates.  Several of
        -:  625:  // the base class templates need to access other members of class
        -:  626:  // template _Hashtable, so we use a variant of the "Curiously
        -:  627:  // Recurring Template Pattern" (CRTP) technique.
        -:  628:
        -:  629:  /**
        -:  630:   *  Primary class template _Map_base.
        -:  631:   *
        -:  632:   *  If the hashtable has a value type of the form pair<T1, T2> and a
[...]
function _ZNSt8__detail16_Hashtable_allocISaINS_10_Hash_nodeIN13BasicLRParserIwLm1EE9SituationELb1EEEEE19_M_allocate_bucketsEm called 676 returned 100% blocks executed 80%
      676: 1922:    _Hashtable_alloc<_NodeAlloc>::_M_allocate_buckets(std::size_t __bkt_count)
        -: 1923:    -> __buckets_ptr
        -: 1924:    {
      676: 1925:      __buckets_alloc_type __alloc(_M_node_allocator());
      676: 1925-block  0
call    0 returned 676
branch  1 taken 676 (fallthrough)
branch  2 taken 0 (throw)
      676: 1925-block  1
call    3 returned 676
        -: 1926:
      676: 1927:      auto __ptr = __buckets_alloc_traits::allocate(__alloc, __bkt_count);
call    0 returned 676
branch  1 taken 676 (fallthrough)
branch  2 taken 0 (throw)
      676: 1928:      __buckets_ptr __p = std::__to_address(__ptr);
      676: 1928-block  0
call    0 returned 676
      676: 1929:      __builtin_memset(__p, 0, __bkt_count * sizeof(__node_base_ptr));
      676: 1930:      return __p;
      676: 1930-block  0
      676: 1931:    }
call    0 returned 676
    $$$$$: 1931-block  0
call    1 never executed
------------------
_ZNSt8__detail16_Hashtable_allocISaINS_10_Hash_nodeIN13BasicLRParserIwLm1EE6BucketELb1EEEEE19_M_allocate_bucketsEm:
function _ZNSt8__detail16_Hashtable_allocISaINS_10_Hash_nodeIN13BasicLRParserIwLm1EE6BucketELb1EEEEE19_M_allocate_bucketsEm called 13 returned 100% blocks executed 80%
       13: 1922:    _Hashtable_alloc<_NodeAlloc>::_M_allocate_buckets(std::size_t __bkt_count)
        -: 1923:    -> __buckets_ptr
        -: 1924:    {
       13: 1925:      __buckets_alloc_type __alloc(_M_node_allocator());
       13: 1925-block  0
call    0 returned 13
branch  1 taken 13 (fallthrough)
branch  2 taken 0 (throw)
       13: 1925-block  1
call    3 returned 13
        -: 1926:
       13: 1927:      auto __ptr = __buckets_alloc_traits::allocate(__alloc, __bkt_count);
call    0 returned 13
branch  1 taken 13 (fallthrough)
branch  2 taken 0 (throw)
       13: 1928:      __buckets_ptr __p = std::__to_address(__ptr);
       13: 1928-block  0
call    0 returned 13
       13: 1929:      __builtin_memset(__p, 0, __bkt_count * sizeof(__node_base_ptr));
       13: 1930:      return __p;
       13: 1930-block  0
       13: 1931:    }
call    0 returned 13
    $$$$$: 1931-block  0
call    1 never executed
------------------
_ZNSt8__detail16_Hashtable_allocISaINS_10_Hash_nodeISt4pairIKlSt13unordered_setIN13BasicLRParserIwLm1EE9SituationENS7_15SituationHasherESt8equal_toIS7_ESaIS7_EEELb0EEEEE19_M_allocate_bucketsEm:
function _ZNSt8__detail16_Hashtable_allocISaINS_10_Hash_nodeISt4pairIKlSt13unordered_setIN13BasicLRParserIwLm1EE9SituationENS7_15SituationHasherESt8equal_toIS7_ESaIS7_EEELb0EEEEE19_M_allocate_bucketsEm called 153 returned 100% blocks executed 80%
      153: 1922:    _Hashtable_alloc<_NodeAlloc>::_M_allocate_buckets(std::size_t __bkt_count)
        -: 1923:    -> __buckets_ptr
        -: 1924:    {
      153: 1925:      __buckets_alloc_type __alloc(_M_node_allocator());
      153: 1925-block  0
call    0 returned 153
branch  1 taken 153 (fallthrough)
branch  2 taken 0 (throw)
      153: 1925-block  1
call    3 returned 153
        -: 1926:
      153: 1927:      auto __ptr = __buckets_alloc_traits::allocate(__alloc, __bkt_count);
call    0 returned 153
branch  1 taken 153 (fallthrough)
branch  2 taken 0 (throw)
      153: 1928:      __buckets_ptr __p = std::__to_address(__ptr);
      153: 1928-block  0
call    0 returned 153
      153: 1929:      __builtin_memset(__p, 0, __bkt_count * sizeof(__node_base_ptr));
      153: 1930:      return __p;
      153: 1930-block  0
      153: 1931:    }
call    0 returned 153
    $$$$$: 1931-block  0
call    1 never executed
------------------
_ZNSt8__detail16_Hashtable_allocISaINS_10_Hash_nodeISt4pairIKlNSt7__cxx1112basic_stringIwSt11char_traitsIwESaIwEEEELb0EEEEE19_M_allocate_bucketsEm:
function _ZNSt8__detail16_Hashtable_allocISaINS_10_Hash_nodeISt4pairIKlNSt7__cxx1112basic_stringIwSt11char_traitsIwESaIwEEEELb0EEEEE19_M_allocate_bucketsEm called 0 returned 0% blocks executed 0%
    #####: 1922:    _Hashtable_alloc<_NodeAlloc>::_M_allocate_buckets(std::size_t __bkt_count)
        -: 1923:    -> __buckets_ptr
        -: 1924:    {
    #####: 1925:      __buckets_alloc_type __alloc(_M_node_allocator());
    %%%%%: 1925-block  0
call    0 never executed
branch  1 never executed
branch  2 never executed
    %%%%%: 1925-block  1
call    3 never executed
        -: 1926:
    #####: 1927:      auto __ptr = __buckets_alloc_traits::allocate(__alloc, __bkt_count);
call    0 never executed
branch  1 never executed
branch  2 never executed
    #####: 1928:      __buckets_ptr __p = std::__to_address(__ptr);
    %%%%%: 1928-block  0
call    0 never executed
    #####: 1929:      __builtin_memset(__p, 0, __bkt_count * sizeof(__node_base_ptr));
    #####: 1930:      return __p;
    %%%%%: 1930-block  0
    #####: 1931:    }
call    0 never executed
    $$$$$: 1931-block  0
call    1 never executed
------------------
_ZNSt8__detail16_Hashtable_allocISaINS_10_Hash_nodeISt4pairIKNSt7__cxx1112basic_stringIwSt11char_traitsIwESaIwEEElELb1EEEEE19_M_allocate_bucketsEm:
function _ZNSt8__detail16_Hashtable_allocISaINS_10_Hash_nodeISt4pairIKNSt7__cxx1112basic_stringIwSt11char_traitsIwESaIwEEElELb1EEEEE19_M_allocate_bucketsEm called 0 returned 0% blocks executed 0%
    #####: 1922:    _Hashtable_alloc<_NodeAlloc>::_M_allocate_buckets(std::size_t __bkt_count)
        -: 1923:    -> __buckets_ptr
        -: 1924:    {
    #####: 1925:      __buckets_alloc_type __alloc(_M_node_allocator());
    %%%%%: 1925-block  0
call    0 never executed
branch  1 never executed
branch  2 never executed
    %%%%%: 1925-block  1
call    3 never executed
        -: 1926:
    #####: 1927:      auto __ptr = __buckets_alloc_traits::allocate(__alloc, __bkt_count);
call    0 never executed
branch  1 never executed
branch  2 never executed
    #####: 1928:      __buckets_ptr __p = std::__to_address(__ptr);
    %%%%%: 1928-block  0
call    0 never executed
    #####: 1929:      __builtin_memset(__p, 0, __bkt_count * sizeof(__node_base_ptr));
    #####: 1930:      return __p;
    %%%%%: 1930-block  0
    #####: 1931:    }
call    0 never executed
    $$$$$: 1931-block  0
call    1 never executed
------------------
_ZNSt8__detail16_Hashtable_allocISaINS_10_Hash_nodeISt4pairIKlSt6vectorIS4_IlSaIlEESaIS6_EEELb0EEEEE19_M_allocate_bucketsEm:
function _ZNSt8__detail16_Hashtable_allocISaINS_10_Hash_nodeISt4pairIKlSt6vectorIS4_IlSaIlEESaIS6_EEELb0EEEEE19_M_allocate_bucketsEm called 0 returned 0% blocks executed 0%
    #####: 1922:    _Hashtable_alloc<_NodeAlloc>::_M_allocate_buckets(std::size_t __bkt_count)
        -: 1923:    -> __buckets_ptr
        -: 1924:    {
    #####: 1925:      __buckets_alloc_type __alloc(_M_node_allocator());
    %%%%%: 1925-block  0
call    0 never executed
branch  1 never executed
branch  2 never executed
    %%%%%: 1925-block  1
call    3 never executed
        -: 1926:
    #####: 1927:      auto __ptr = __buckets_alloc_traits::allocate(__alloc, __bkt_count);
call    0 never executed
branch  1 never executed
branch  2 never executed
    #####: 1928:      __buckets_ptr __p = std::__to_address(__ptr);
    %%%%%: 1928-block  0
call    0 never executed
    #####: 1929:      __builtin_memset(__p, 0, __bkt_count * sizeof(__node_base_ptr));
    #####: 1930:      return __p;
    %%%%%: 1930-block  0
    #####: 1931:    }
call    0 never executed
    $$$$$: 1931-block  0
call    1 never executed
------------------
_ZNSt8__detail16_Hashtable_allocISaINS_10_Hash_nodeISt4pairIKlN13BasicLRParserIwLm1EE6ActionEELb0EEEEE19_M_allocate_bucketsEm:
function _ZNSt8__detail16_Hashtable_allocISaINS_10_Hash_nodeISt4pairIKlN13BasicLRParserIwLm1EE6ActionEELb0EEEEE19_M_allocate_bucketsEm called 412 returned 100% blocks executed 80%
      412: 1922:    _Hashtable_alloc<_NodeAlloc>::_M_allocate_buckets(std::size_t __bkt_count)
        -: 1923:    -> __buckets_ptr
        -: 1924:    {
      412: 1925:      __buckets_alloc_type __alloc(_M_node_allocator());
      412: 1925-block  0
call    0 returned 412
branch  1 taken 412 (fallthrough)
branch  2 taken 0 (throw)
      412: 1925-block  1
call    3 returned 412
        -: 1926:
      412: 1927:      auto __ptr = __buckets_alloc_traits::allocate(__alloc, __bkt_count);
call    0 returned 412
branch  1 taken 412 (fallthrough)
branch  2 taken 0 (throw)
      412: 1928:      __buckets_ptr __p = std::__to_address(__ptr);
      412: 1928-block  0
call    0 returned 412
      412: 1929:      __builtin_memset(__p, 0, __bkt_count * sizeof(__node_base_ptr));
      412: 1930:      return __p;
      412: 1930-block  0
      412: 1931:    }
call    0 returned 412
    $$$$$: 1931-block  0
call    1 never executed
------------------
        -: 1932:
        -: 1933:  template<typename _NodeAlloc>
        -: 1934:    void
    1263*: 1935:    _Hashtable_alloc<_NodeAlloc>::
        -: 1936:    _M_deallocate_buckets(__buckets_ptr __bkts,
        -: 1937:			  std::size_t __bkt_count)
        -: 1938:    {
        -: 1939:      typedef typename __buckets_alloc_traits::pointer _Ptr;
    1263*: 1940:      auto __ptr = std::pointer_traits<_Ptr>::pointer_to(*__bkts);
    1263*: 1941:      __buckets_alloc_type __alloc(_M_node_allocator());
    1263*: 1942:      __buckets_alloc_traits::deallocate(__alloc, __ptr, __bkt_count);
    1263*: 1943:    }
------------------
_ZNSt8__detail16_Hashtable_allocISaINS_10_Hash_nodeIN13BasicLRParserIwLm1EE9SituationELb1EEEEE21_M_deallocate_bucketsEPPNS_15_Hash_node_baseEm:
function _ZNSt8__detail16_Hashtable_allocISaINS_10_Hash_nodeIN13BasicLRParserIwLm1EE9SituationELb1EEEEE21_M_deallocate_bucketsEPPNS_15_Hash_node_baseEm called 676 returned 100% blocks executed 78%
      676: 1935:    _Hashtable_alloc<_NodeAlloc>::
        -: 1936:    _M_deallocate_buckets(__buckets_ptr __bkts,
        -: 1937:			  std::size_t __bkt_count)
        -: 1938:    {
        -: 1939:      typedef typename __buckets_alloc_traits::pointer _Ptr;
      676: 1940:      auto __ptr = std::pointer_traits<_Ptr>::pointer_to(*__bkts);
      676: 1940-block  0
call    0 returned 676
      676: 1941:      __buckets_alloc_type __alloc(_M_node_allocator());
call    0 returned 676
branch  1 taken 676 (fallthrough)
branch  2 taken 0 (throw)
      676: 1941-block  0
call    3 returned 676
      676: 1942:      __buckets_alloc_traits::deallocate(__alloc, __ptr, __bkt_count);
call    0 returned 676
branch  1 taken 676 (fallthrough)
branch  2 taken 0 (throw)
      676: 1943:    }
      676: 1943-block  0
call    0 returned 676
    $$$$$: 1943-block  1
call    1 never executed
------------------
_ZNSt8__detail16_Hashtable_allocISaINS_10_Hash_nodeISt4pairIKlSt13unordered_setIN13BasicLRParserIwLm1EE9SituationENS7_15SituationHasherESt8equal_toIS7_ESaIS7_EEELb0EEEEE21_M_deallocate_bucketsEPPNS_15_Hash_node_baseEm:
function _ZNSt8__detail16_Hashtable_allocISaINS_10_Hash_nodeISt4pairIKlSt13unordered_setIN13BasicLRParserIwLm1EE9SituationENS7_15SituationHasherESt8equal_toIS7_ESaIS7_EEELb0EEEEE21_M_deallocate_bucketsEPPNS_15_Hash_node_baseEm called 153 returned 100% blocks executed 78%
      153: 1935:    _Hashtable_alloc<_NodeAlloc>::
        -: 1936:    _M_deallocate_buckets(__buckets_ptr __bkts,
        -: 1937:			  std::size_t __bkt_count)
        -: 1938:    {
        -: 1939:      typedef typename __buckets_alloc_traits::pointer _Ptr;
      153: 1940:      auto __ptr = std::pointer_traits<_Ptr>::pointer_to(*__bkts);
      153: 1940-block  0
call    0 returned 153
      153: 1941:      __buckets_alloc_type __alloc(_M_node_allocator());
call    0 returned 153
branch  1 taken 153 (fallthrough)
branch  2 taken 0 (throw)
      153: 1941-block  0
call    3 returned 153
      153: 1942:      __buckets_alloc_traits::deallocate(__alloc, __ptr, __bkt_count);
call    0 returned 153
branch  1 taken 153 (fallthrough)
branch  2 taken 0 (throw)
      153: 1943:    }
      153: 1943-block  0
call    0 returned 153
    $$$$$: 1943-block  1
call    1 never executed
------------------
_ZNSt8__detail16_Hashtable_allocISaINS_10_Hash_nodeISt4pairIKlN13BasicLRParserIwLm1EE6ActionEELb0EEEEE21_M_deallocate_bucketsEPPNS_15_Hash_node_baseEm:
function _ZNSt8__detail16_Hashtable_allocISaINS_10_Hash_nodeISt4pairIKlN13BasicLRParserIwLm1EE6ActionEELb0EEEEE21_M_deallocate_bucketsEPPNS_15_Hash_node_baseEm called 412 returned 100% blocks executed 78%
      412: 1935:    _Hashtable_alloc<_NodeAlloc>::
        -: 1936:    _M_deallocate_buckets(__buckets_ptr __bkts,
        -: 1937:			  std::size_t __bkt_count)
        -: 1938:    {
        -: 1939:      typedef typename __buckets_alloc_traits::pointer _Ptr;
      412: 1940:      auto __ptr = std::pointer_traits<_Ptr>::pointer_to(*__bkts);
      412: 1940-block  0
call    0 returned 412
      412: 1941:      __buckets_alloc_type __alloc(_M_node_allocator());
call    0 returned 412
branch  1 taken 412 (fallthrough)
branch  2 taken 0 (throw)
      412: 1941-block  0
call    3 returned 412
      412: 1942:      __buckets_alloc_traits::deallocate(__alloc, __ptr, __bkt_count);
call    0 returned 412
branch  1 taken 412 (fallthrough)
branch  2 taken 0 (throw)
      412: 1943:    }
      412: 1943-block  0
call    0 returned 412
    $$$$$: 1943-block  1
call    1 never executed
------------------
_ZNSt8__detail16_Hashtable_allocISaINS_10_Hash_nodeIN13BasicLRParserIwLm1EE6BucketELb1EEEEE21_M_deallocate_bucketsEPPNS_15_Hash_node_baseEm:
function _ZNSt8__detail16_Hashtable_allocISaINS_10_Hash_nodeIN13BasicLRParserIwLm1EE6BucketELb1EEEEE21_M_deallocate_bucketsEPPNS_15_Hash_node_baseEm called 13 returned 100% blocks executed 78%
       13: 1935:    _Hashtable_alloc<_NodeAlloc>::
        -: 1936:    _M_deallocate_buckets(__buckets_ptr __bkts,
        -: 1937:			  std::size_t __bkt_count)
        -: 1938:    {
        -: 1939:      typedef typename __buckets_alloc_traits::pointer _Ptr;
       13: 1940:      auto __ptr = std::pointer_traits<_Ptr>::pointer_to(*__bkts);
       13: 1940-block  0
call    0 returned 13
       13: 1941:      __buckets_alloc_type __alloc(_M_node_allocator());
call    0 returned 13
branch  1 taken 13 (fallthrough)
branch  2 taken 0 (throw)
       13: 1941-block  0
call    3 returned 13
       13: 1942:      __buckets_alloc_traits::deallocate(__alloc, __ptr, __bkt_count);
call    0 returned 13
branch  1 taken 13 (fallthrough)
branch  2 taken 0 (throw)
       13: 1943:    }
       13: 1943-block  0
call    0 returned 13
    $$$$$: 1943-block  1
call    1 never executed
------------------
_ZNSt8__detail16_Hashtable_allocISaINS_10_Hash_nodeISt4pairIKlN5boost14dynamic_bitsetImSaImEEEELb0EEEEE21_M_deallocate_bucketsEPPNS_15_Hash_node_baseEm:
function _ZNSt8__detail16_Hashtable_allocISaINS_10_Hash_nodeISt4pairIKlN5boost14dynamic_bitsetImSaImEEEELb0EEEEE21_M_deallocate_bucketsEPPNS_15_Hash_node_baseEm called 9 returned 100% blocks executed 78%
        9: 1935:    _Hashtable_alloc<_NodeAlloc>::
        -: 1936:    _M_deallocate_buckets(__buckets_ptr __bkts,
        -: 1937:			  std::size_t __bkt_count)
        -: 1938:    {
        -: 1939:      typedef typename __buckets_alloc_traits::pointer _Ptr;
        9: 1940:      auto __ptr = std::pointer_traits<_Ptr>::pointer_to(*__bkts);
        9: 1940-block  0
call    0 returned 9
        9: 1941:      __buckets_alloc_type __alloc(_M_node_allocator());
call    0 returned 9
branch  1 taken 9 (fallthrough)
branch  2 taken 0 (throw)
        9: 1941-block  0
call    3 returned 9
        9: 1942:      __buckets_alloc_traits::deallocate(__alloc, __ptr, __bkt_count);
call    0 returned 9
branch  1 taken 9 (fallthrough)
branch  2 taken 0 (throw)
        9: 1943:    }
        9: 1943-block  0
call    0 returned 9
    $$$$$: 1943-block  1
call    1 never executed
------------------
_ZNSt8__detail16_Hashtable_allocISaINS_10_Hash_nodeISt4pairIKlSt6vectorIS4_IlSaIlEESaIS6_EEELb0EEEEE21_M_deallocate_bucketsEPPNS_15_Hash_node_baseEm:
function _ZNSt8__detail16_Hashtable_allocISaINS_10_Hash_nodeISt4pairIKlSt6vectorIS4_IlSaIlEESaIS6_EEELb0EEEEE21_M_deallocate_bucketsEPPNS_15_Hash_node_baseEm called 0 returned 0% blocks executed 0%
    #####: 1935:    _Hashtable_alloc<_NodeAlloc>::
        -: 1936:    _M_deallocate_buckets(__buckets_ptr __bkts,
        -: 1937:			  std::size_t __bkt_count)
        -: 1938:    {
        -: 1939:      typedef typename __buckets_alloc_traits::pointer _Ptr;
    #####: 1940:      auto __ptr = std::pointer_traits<_Ptr>::pointer_to(*__bkts);
    %%%%%: 1940-block  0
call    0 never executed
    #####: 1941:      __buckets_alloc_type __alloc(_M_node_allocator());
call    0 never executed
branch  1 never executed
branch  2 never executed
    %%%%%: 1941-block  0
call    3 never executed
    #####: 1942:      __buckets_alloc_traits::deallocate(__alloc, __ptr, __bkt_count);
call    0 never executed
branch  1 never executed
branch  2 never executed
    #####: 1943:    }
    %%%%%: 1943-block  0
call    0 never executed
    $$$$$: 1943-block  1
call    1 never executed
------------------
_ZNSt8__detail16_Hashtable_allocISaINS_10_Hash_nodeISt4pairIKNSt7__cxx1112basic_stringIwSt11char_traitsIwESaIwEEElELb1EEEEE21_M_deallocate_bucketsEPPNS_15_Hash_node_baseEm:
function _ZNSt8__detail16_Hashtable_allocISaINS_10_Hash_nodeISt4pairIKNSt7__cxx1112basic_stringIwSt11char_traitsIwESaIwEEElELb1EEEEE21_M_deallocate_bucketsEPPNS_15_Hash_node_baseEm called 0 returned 0% blocks executed 0%
    #####: 1935:    _Hashtable_alloc<_NodeAlloc>::
        -: 1936:    _M_deallocate_buckets(__buckets_ptr __bkts,
        -: 1937:			  std::size_t __bkt_count)
        -: 1938:    {
        -: 1939:      typedef typename __buckets_alloc_traits::pointer _Ptr;
    #####: 1940:      auto __ptr = std::pointer_traits<_Ptr>::pointer_to(*__bkts);
    %%%%%: 1940-block  0
call    0 never executed
    #####: 1941:      __buckets_alloc_type __alloc(_M_node_allocator());
call    0 never executed
branch  1 never executed
branch  2 never executed
    %%%%%: 1941-block  0
call    3 never executed
    #####: 1942:      __buckets_alloc_traits::deallocate(__alloc, __ptr, __bkt_count);
call    0 never executed
branch  1 never executed
branch  2 never executed
    #####: 1943:    }
    %%%%%: 1943-block  0
call    0 never executed
    $$$$$: 1943-block  1
call    1 never executed
------------------
_ZNSt8__detail16_Hashtable_allocISaINS_10_Hash_nodeISt4pairIKlNSt7__cxx1112basic_stringIwSt11char_traitsIwESaIwEEEELb0EEEEE21_M_deallocate_bucketsEPPNS_15_Hash_node_baseEm:
function _ZNSt8__detail16_Hashtable_allocISaINS_10_Hash_nodeISt4pairIKlNSt7__cxx1112basic_stringIwSt11char_traitsIwESaIwEEEELb0EEEEE21_M_deallocate_bucketsEPPNS_15_Hash_node_baseEm called 0 returned 0% blocks executed 0%
    #####: 1935:    _Hashtable_alloc<_NodeAlloc>::
        -: 1936:    _M_deallocate_buckets(__buckets_ptr __bkts,
        -: 1937:			  std::size_t __bkt_count)
        -: 1938:    {
        -: 1939:      typedef typename __buckets_alloc_traits::pointer _Ptr;
    #####: 1940:      auto __ptr = std::pointer_traits<_Ptr>::pointer_to(*__bkts);
    %%%%%: 1940-block  0
call    0 never executed
    #####: 1941:      __buckets_alloc_type __alloc(_M_node_allocator());
call    0 never executed
branch  1 never executed
branch  2 never executed
    %%%%%: 1941-block  0
call    3 never executed
    #####: 1942:      __buckets_alloc_traits::deallocate(__alloc, __ptr, __bkt_count);
call    0 never executed
branch  1 never executed
branch  2 never executed
    #####: 1943:    }
    %%%%%: 1943-block  0
call    0 never executed
    $$$$$: 1943-block  1
call    1 never executed
------------------
        -: 1944:
        -: 1945: ///@} hashtable-detail
        -: 1946:} // namespace __detail
        -: 1947:/// @endcond
        -: 1948:_GLIBCXX_END_NAMESPACE_VERSION
        -: 1949:} // namespace std
        -: 1950:
        -: 1951:#endif // _HASHTABLE_POLICY_H
