        -:    0:Source:/usr/include/c++/11/bits/hashtable_policy.h
        -:    0:Graph:/home/ownstreamer/proga/C++/Parsers/cmake-build-debug-coverage/GoogleTests/CMakeFiles/Google_Tests_run.dir/src/TestsEarley.cpp.gcno
        -:    0:Data:/home/ownstreamer/proga/C++/Parsers/cmake-build-debug-coverage/GoogleTests/CMakeFiles/Google_Tests_run.dir/src/TestsEarley.cpp.gcda
        -:    0:Runs:1
        -:    1:// Internal policy header for unordered_set and unordered_map -*- C++ -*-
        -:    2:
        -:    3:// Copyright (C) 2010-2021 Free Software Foundation, Inc.
        -:    4://
        -:    5:// This file is part of the GNU ISO C++ Library.  This library is free
        -:    6:// software; you can redistribute it and/or modify it under the
        -:    7:// terms of the GNU General Public License as published by the
        -:    8:// Free Software Foundation; either version 3, or (at your option)
        -:    9:// any later version.
        -:   10:
        -:   11:// This library is distributed in the hope that it will be useful,
        -:   12:// but WITHOUT ANY WARRANTY; without even the implied warranty of
        -:   13:// MERCHANTABILITY or FITNESS FOR A PARTICULAR PURPOSE.  See the
        -:   14:// GNU General Public License for more details.
        -:   15:
        -:   16:// Under Section 7 of GPL version 3, you are granted additional
        -:   17:// permissions described in the GCC Runtime Library Exception, version
        -:   18:// 3.1, as published by the Free Software Foundation.
        -:   19:
        -:   20:// You should have received a copy of the GNU General Public License and
        -:   21:// a copy of the GCC Runtime Library Exception along with this program;
        -:   22:// see the files COPYING3 and COPYING.RUNTIME respectively.  If not, see
        -:   23:// <http://www.gnu.org/licenses/>.
        -:   24:
        -:   25:/** @file bits/hashtable_policy.h
        -:   26: *  This is an internal header file, included by other library headers.
        -:   27: *  Do not attempt to use it directly.
        -:   28: *  @headername{unordered_map,unordered_set}
        -:   29: */
        -:   30:
        -:   31:#ifndef _HASHTABLE_POLICY_H
        -:   32:#define _HASHTABLE_POLICY_H 1
        -:   33:
        -:   34:#include <tuple>		// for std::tuple, std::forward_as_tuple
        -:   35:#include <bits/stl_algobase.h>	// for std::min, std::is_permutation.
        -:   36:#include <ext/numeric_traits.h>	// for __gnu_cxx::__int_traits
        -:   37:
        -:   38:namespace std _GLIBCXX_VISIBILITY(default)
        -:   39:{
        -:   40:_GLIBCXX_BEGIN_NAMESPACE_VERSION
        -:   41:/// @cond undocumented
        -:   42:
        -:   43:  template<typename _Key, typename _Value, typename _Alloc,
        -:   44:	   typename _ExtractKey, typename _Equal,
        -:   45:	   typename _Hash, typename _RangeHash, typename _Unused,
        -:   46:	   typename _RehashPolicy, typename _Traits>
        -:   47:    class _Hashtable;
        -:   48:
        -:   49:namespace __detail
        -:   50:{
        -:   51:  /**
        -:   52:   *  @defgroup hashtable-detail Base and Implementation Classes
        -:   53:   *  @ingroup unordered_associative_containers
        -:   54:   *  @{
        -:   55:   */
        -:   56:  template<typename _Key, typename _Value, typename _ExtractKey,
        -:   57:	   typename _Equal, typename _Hash, typename _RangeHash,
        -:   58:	   typename _Unused, typename _Traits>
        -:   59:    struct _Hashtable_base;
        -:   60:
        -:   61:  // Helper function: return distance(first, last) for forward
        -:   62:  // iterators, or 0/1 for input iterators.
        -:   63:  template<class _Iterator>
        -:   64:    inline typename std::iterator_traits<_Iterator>::difference_type
        -:   65:    __distance_fw(_Iterator __first, _Iterator __last,
        -:   66:		  std::input_iterator_tag)
        -:   67:    { return __first != __last ? 1 : 0; }
        -:   68:
        -:   69:  template<class _Iterator>
        -:   70:    inline typename std::iterator_traits<_Iterator>::difference_type
        -:   71:    __distance_fw(_Iterator __first, _Iterator __last,
        -:   72:		  std::forward_iterator_tag)
        -:   73:    { return std::distance(__first, __last); }
        -:   74:
        -:   75:  template<class _Iterator>
        -:   76:    inline typename std::iterator_traits<_Iterator>::difference_type
        -:   77:    __distance_fw(_Iterator __first, _Iterator __last)
        -:   78:    { return __distance_fw(__first, __last,
        -:   79:			   std::__iterator_category(__first)); }
        -:   80:
        -:   81:  struct _Identity
        -:   82:  {
        -:   83:    template<typename _Tp>
        -:   84:      _Tp&&
 11116307:   85:      operator()(_Tp&& __x) const noexcept
 11116307:   86:      { return std::forward<_Tp>(__x); }
------------------
_ZNKSt8__detail9_IdentityclIRKlEEOT_S5_:
function _ZNKSt8__detail9_IdentityclIRKlEEOT_S5_ called 101917 returned 100% blocks executed 100%
   101917:   85:      operator()(_Tp&& __x) const noexcept
   101917:   86:      { return std::forward<_Tp>(__x); }
   101917:   86-block  0
call    0 returned 101917
------------------
_ZNKSt8__detail9_IdentityclIRN17BasicEarleyParserIwE9SituationEEEOT_S7_:
function _ZNKSt8__detail9_IdentityclIRN17BasicEarleyParserIwE9SituationEEEOT_S7_ called 101981 returned 100% blocks executed 100%
   101981:   85:      operator()(_Tp&& __x) const noexcept
   101981:   86:      { return std::forward<_Tp>(__x); }
   101981:   86-block  0
call    0 returned 101981
------------------
_ZNKSt8__detail9_IdentityclIRKN17BasicEarleyParserIwE9SituationEEEOT_S8_:
function _ZNKSt8__detail9_IdentityclIRKN17BasicEarleyParserIwE9SituationEEEOT_S8_ called 10912409 returned 100% blocks executed 100%
 10912409:   85:      operator()(_Tp&& __x) const noexcept
 10912409:   86:      { return std::forward<_Tp>(__x); }
 10912409:   86-block  0
call    0 returned 10912409
------------------
        -:   87:  };
        -:   88:
        -:   89:  struct _Select1st
        -:   90:  {
        -:   91:    template<typename _Tp>
        -:   92:      auto
  4453371:   93:      operator()(_Tp&& __x) const noexcept
        -:   94:      -> decltype(std::get<0>(std::forward<_Tp>(__x)))
  4453371:   95:      { return std::get<0>(std::forward<_Tp>(__x)); }
------------------
_ZNKSt8__detail10_Select1stclIRKSt4pairIKlSt6vectorISt13unordered_setIlSt4hashIlESt8equal_toIlESaIlEESaISB_EEEEEDTcl3getILi0EEcl7forwardIT_Efp_EEEOSH_:
function _ZNKSt8__detail10_Select1stclIRKSt4pairIKlSt6vectorISt13unordered_setIlSt4hashIlESt8equal_toIlESaIlEESaISB_EEEEEDTcl3getILi0EEcl7forwardIT_Efp_EEEOSH_ called 44 returned 100% blocks executed 100%
       44:   93:      operator()(_Tp&& __x) const noexcept
        -:   94:      -> decltype(std::get<0>(std::forward<_Tp>(__x)))
       44:   95:      { return std::get<0>(std::forward<_Tp>(__x)); }
       44:   95-block  0
call    0 returned 44
call    1 returned 44
------------------
_ZNKSt8__detail10_Select1stclIRSt4pairIKlSt6vectorISt13unordered_setIlSt4hashIlESt8equal_toIlESaIlEESaISB_EEEEEDTcl3getILi0EEcl7forwardIT_Efp_EEEOSG_:
function _ZNKSt8__detail10_Select1stclIRSt4pairIKlSt6vectorISt13unordered_setIlSt4hashIlESt8equal_toIlESaIlEESaISB_EEEEEDTcl3getILi0EEcl7forwardIT_Efp_EEEOSG_ called 48 returned 100% blocks executed 100%
       48:   93:      operator()(_Tp&& __x) const noexcept
        -:   94:      -> decltype(std::get<0>(std::forward<_Tp>(__x)))
       48:   95:      { return std::get<0>(std::forward<_Tp>(__x)); }
       48:   95-block  0
call    0 returned 48
call    1 returned 48
------------------
_ZNKSt8__detail10_Select1stclIRKSt4pairIKlNSt7__cxx1112basic_stringIwSt11char_traitsIwESaIwEEEEEEDTcl3getILi0EEcl7forwardIT_Efp_EEEOSD_:
function _ZNKSt8__detail10_Select1stclIRKSt4pairIKlNSt7__cxx1112basic_stringIwSt11char_traitsIwESaIwEEEEEEDTcl3getILi0EEcl7forwardIT_Efp_EEEOSD_ called 820 returned 100% blocks executed 100%
      820:   93:      operator()(_Tp&& __x) const noexcept
        -:   94:      -> decltype(std::get<0>(std::forward<_Tp>(__x)))
      820:   95:      { return std::get<0>(std::forward<_Tp>(__x)); }
      820:   95-block  0
call    0 returned 820
call    1 returned 820
------------------
_ZNKSt8__detail10_Select1stclIRSt4pairIKlNSt7__cxx1112basic_stringIwSt11char_traitsIwESaIwEEEEEEDTcl3getILi0EEcl7forwardIT_Efp_EEEOSC_:
function _ZNKSt8__detail10_Select1stclIRSt4pairIKlNSt7__cxx1112basic_stringIwSt11char_traitsIwESaIwEEEEEEDTcl3getILi0EEcl7forwardIT_Efp_EEEOSC_ called 216 returned 100% blocks executed 100%
      216:   93:      operator()(_Tp&& __x) const noexcept
        -:   94:      -> decltype(std::get<0>(std::forward<_Tp>(__x)))
      216:   95:      { return std::get<0>(std::forward<_Tp>(__x)); }
      216:   95-block  0
call    0 returned 216
call    1 returned 216
------------------
_ZNKSt8__detail10_Select1stclIRSt4pairIKNSt7__cxx1112basic_stringIwSt11char_traitsIwESaIwEEElEEEDTcl3getILi0EEcl7forwardIT_Efp_EEEOSC_:
function _ZNKSt8__detail10_Select1stclIRSt4pairIKNSt7__cxx1112basic_stringIwSt11char_traitsIwESaIwEEElEEEDTcl3getILi0EEcl7forwardIT_Efp_EEEOSC_ called 216 returned 100% blocks executed 100%
      216:   93:      operator()(_Tp&& __x) const noexcept
        -:   94:      -> decltype(std::get<0>(std::forward<_Tp>(__x)))
      216:   95:      { return std::get<0>(std::forward<_Tp>(__x)); }
      216:   95-block  0
call    0 returned 216
call    1 returned 216
------------------
_ZNKSt8__detail10_Select1stclIRKSt4pairIKNSt7__cxx1112basic_stringIwSt11char_traitsIwESaIwEEElEEEDTcl3getILi0EEcl7forwardIT_Efp_EEEOSD_:
function _ZNKSt8__detail10_Select1stclIRKSt4pairIKNSt7__cxx1112basic_stringIwSt11char_traitsIwESaIwEEElEEEDTcl3getILi0EEcl7forwardIT_Efp_EEEOSD_ called 4201337 returned 100% blocks executed 100%
  4201337:   93:      operator()(_Tp&& __x) const noexcept
        -:   94:      -> decltype(std::get<0>(std::forward<_Tp>(__x)))
  4201337:   95:      { return std::get<0>(std::forward<_Tp>(__x)); }
  4201337:   95-block  0
call    0 returned 4201337
call    1 returned 4201337
------------------
_ZNKSt8__detail10_Select1stclIRKSt4pairIKlSt6vectorIS4_IlSaIlEESaIS6_EEEEEDTcl3getILi0EEcl7forwardIT_Efp_EEEOSC_:
function _ZNKSt8__detail10_Select1stclIRKSt4pairIKlSt6vectorIS4_IlSaIlEESaIS6_EEEEEDTcl3getILi0EEcl7forwardIT_Efp_EEEOSC_ called 102115 returned 100% blocks executed 100%
   102115:   93:      operator()(_Tp&& __x) const noexcept
        -:   94:      -> decltype(std::get<0>(std::forward<_Tp>(__x)))
   102115:   95:      { return std::get<0>(std::forward<_Tp>(__x)); }
   102115:   95-block  0
call    0 returned 102115
call    1 returned 102115
------------------
_ZNKSt8__detail10_Select1stclIRSt4pairIKlSt6vectorIS4_IlSaIlEESaIS6_EEEEEDTcl3getILi0EEcl7forwardIT_Efp_EEEOSB_:
function _ZNKSt8__detail10_Select1stclIRSt4pairIKlSt6vectorIS4_IlSaIlEESaIS6_EEEEEDTcl3getILi0EEcl7forwardIT_Efp_EEEOSB_ called 71 returned 100% blocks executed 100%
       71:   93:      operator()(_Tp&& __x) const noexcept
        -:   94:      -> decltype(std::get<0>(std::forward<_Tp>(__x)))
       71:   95:      { return std::get<0>(std::forward<_Tp>(__x)); }
       71:   95-block  0
call    0 returned 71
call    1 returned 71
------------------
_ZNKSt8__detail10_Select1stclIRKSt4pairIKlSt13unordered_setIN17BasicEarleyParserIwE9SituationENS7_15SituationHasherESt8equal_toIS7_ESaIS7_EEEEEDTcl3getILi0EEcl7forwardIT_Efp_EEEOSG_:
function _ZNKSt8__detail10_Select1stclIRKSt4pairIKlSt13unordered_setIN17BasicEarleyParserIwE9SituationENS7_15SituationHasherESt8equal_toIS7_ESaIS7_EEEEEDTcl3getILi0EEcl7forwardIT_Efp_EEEOSG_ called 148504 returned 100% blocks executed 100%
   148504:   93:      operator()(_Tp&& __x) const noexcept
        -:   94:      -> decltype(std::get<0>(std::forward<_Tp>(__x)))
   148504:   95:      { return std::get<0>(std::forward<_Tp>(__x)); }
   148504:   95-block  0
call    0 returned 148504
call    1 returned 148504
------------------
        -:   96:  };
        -:   97:
        -:   98:  template<typename _NodeAlloc>
        -:   99:    struct _Hashtable_alloc;
        -:  100:
        -:  101:  // Functor recycling a pool of nodes and using allocation once the pool is
        -:  102:  // empty.
        -:  103:  template<typename _NodeAlloc>
        -:  104:    struct _ReuseOrAllocNode
        -:  105:    {
        -:  106:    private:
        -:  107:      using __node_alloc_type = _NodeAlloc;
        -:  108:      using __hashtable_alloc = _Hashtable_alloc<__node_alloc_type>;
        -:  109:      using __node_alloc_traits =
        -:  110:	typename __hashtable_alloc::__node_alloc_traits;
        -:  111:      using __node_type = typename __hashtable_alloc::__node_type;
        -:  112:
        -:  113:    public:
        -:  114:      _ReuseOrAllocNode(__node_type* __nodes, __hashtable_alloc& __h)
        -:  115:      : _M_nodes(__nodes), _M_h(__h) { }
        -:  116:      _ReuseOrAllocNode(const _ReuseOrAllocNode&) = delete;
        -:  117:
        -:  118:      ~_ReuseOrAllocNode()
        -:  119:      { _M_h._M_deallocate_nodes(_M_nodes); }
        -:  120:
        -:  121:      template<typename _Arg>
        -:  122:	__node_type*
        -:  123:	operator()(_Arg&& __arg) const
        -:  124:	{
        -:  125:	  if (_M_nodes)
        -:  126:	    {
        -:  127:	      __node_type* __node = _M_nodes;
        -:  128:	      _M_nodes = _M_nodes->_M_next();
        -:  129:	      __node->_M_nxt = nullptr;
        -:  130:	      auto& __a = _M_h._M_node_allocator();
        -:  131:	      __node_alloc_traits::destroy(__a, __node->_M_valptr());
        -:  132:	      __try
        -:  133:		{
        -:  134:		  __node_alloc_traits::construct(__a, __node->_M_valptr(),
        -:  135:						 std::forward<_Arg>(__arg));
        -:  136:		}
        -:  137:	      __catch(...)
        -:  138:		{
        -:  139:		  _M_h._M_deallocate_node_ptr(__node);
        -:  140:		  __throw_exception_again;
        -:  141:		}
        -:  142:	      return __node;
        -:  143:	    }
        -:  144:	  return _M_h._M_allocate_node(std::forward<_Arg>(__arg));
        -:  145:	}
        -:  146:
        -:  147:    private:
        -:  148:      mutable __node_type* _M_nodes;
        -:  149:      __hashtable_alloc& _M_h;
        -:  150:    };
        -:  151:
        -:  152:  // Functor similar to the previous one but without any pool of nodes to
        -:  153:  // recycle.
        -:  154:  template<typename _NodeAlloc>
        -:  155:    struct _AllocNode
        -:  156:    {
        -:  157:    private:
        -:  158:      using __hashtable_alloc = _Hashtable_alloc<_NodeAlloc>;
        -:  159:      using __node_type = typename __hashtable_alloc::__node_type;
        -:  160:
        -:  161:    public:
   556155:  162:      _AllocNode(__hashtable_alloc& __h)
   556155:  163:      : _M_h(__h) { }
------------------
_ZNSt8__detail10_AllocNodeISaINS_10_Hash_nodeIlLb0EEEEEC2ERNS_16_Hashtable_allocIS3_EE:
function _ZNSt8__detail10_AllocNodeISaINS_10_Hash_nodeIlLb0EEEEEC2ERNS_16_Hashtable_allocIS3_EE called 350 returned 100% blocks executed 100%
      350:  162:      _AllocNode(__hashtable_alloc& __h)
      350:  163:      : _M_h(__h) { }
------------------
_ZNSt8__detail10_AllocNodeISaINS_10_Hash_nodeIN17BasicEarleyParserIwE9SituationELb1EEEEEC2ERNS_16_Hashtable_allocIS6_EE:
function _ZNSt8__detail10_AllocNodeISaINS_10_Hash_nodeIN17BasicEarleyParserIwE9SituationELb1EEEEEC2ERNS_16_Hashtable_allocIS6_EE called 555805 returned 100% blocks executed 100%
   555805:  162:      _AllocNode(__hashtable_alloc& __h)
   555805:  163:      : _M_h(__h) { }
------------------
        -:  164:
        -:  165:      template<typename _Arg>
        -:  166:	__node_type*
   556093:  167:	operator()(_Arg&& __arg) const
   556093:  168:	{ return _M_h._M_allocate_node(std::forward<_Arg>(__arg)); }
------------------
_ZNKSt8__detail10_AllocNodeISaINS_10_Hash_nodeIlLb0EEEEEclIRKlEEPS2_OT_:
function _ZNKSt8__detail10_AllocNodeISaINS_10_Hash_nodeIlLb0EEEEEclIRKlEEPS2_OT_ called 288 returned 100% blocks executed 100%
      288:  167:	operator()(_Arg&& __arg) const
      288:  168:	{ return _M_h._M_allocate_node(std::forward<_Arg>(__arg)); }
      288:  168-block  0
call    0 returned 288
call    1 returned 288
------------------
_ZNKSt8__detail10_AllocNodeISaINS_10_Hash_nodeIN17BasicEarleyParserIwE9SituationELb1EEEEEclIS4_EEPS5_OT_:
function _ZNKSt8__detail10_AllocNodeISaINS_10_Hash_nodeIN17BasicEarleyParserIwE9SituationELb1EEEEEclIS4_EEPS5_OT_ called 101981 returned 100% blocks executed 100%
   101981:  167:	operator()(_Arg&& __arg) const
   101981:  168:	{ return _M_h._M_allocate_node(std::forward<_Arg>(__arg)); }
   101981:  168-block  0
call    0 returned 101981
call    1 returned 101981
------------------
_ZNKSt8__detail10_AllocNodeISaINS_10_Hash_nodeIN17BasicEarleyParserIwE9SituationELb1EEEEEclIRKS4_EEPS5_OT_:
function _ZNKSt8__detail10_AllocNodeISaINS_10_Hash_nodeIN17BasicEarleyParserIwE9SituationELb1EEEEEclIRKS4_EEPS5_OT_ called 453824 returned 100% blocks executed 100%
   453824:  167:	operator()(_Arg&& __arg) const
   453824:  168:	{ return _M_h._M_allocate_node(std::forward<_Arg>(__arg)); }
   453824:  168-block  0
call    0 returned 453824
call    1 returned 453824
------------------
        -:  169:
        -:  170:    private:
        -:  171:      __hashtable_alloc& _M_h;
        -:  172:    };
        -:  173:
        -:  174:  // Auxiliary types used for all instantiations of _Hashtable nodes
        -:  175:  // and iterators.
        -:  176:
        -:  177:  /**
        -:  178:   *  struct _Hashtable_traits
        -:  179:   *
        -:  180:   *  Important traits for hash tables.
        -:  181:   *
        -:  182:   *  @tparam _Cache_hash_code  Boolean value. True if the value of
        -:  183:   *  the hash function is stored along with the value. This is a
        -:  184:   *  time-space tradeoff.  Storing it may improve lookup speed by
        -:  185:   *  reducing the number of times we need to call the _Hash or _Equal
        -:  186:   *  functors.
        -:  187:   *
        -:  188:   *  @tparam _Constant_iterators  Boolean value. True if iterator and
        -:  189:   *  const_iterator are both constant iterator types. This is true
        -:  190:   *  for unordered_set and unordered_multiset, false for
        -:  191:   *  unordered_map and unordered_multimap.
        -:  192:   *
        -:  193:   *  @tparam _Unique_keys  Boolean value. True if the return value
        -:  194:   *  of _Hashtable::count(k) is always at most one, false if it may
        -:  195:   *  be an arbitrary number. This is true for unordered_set and
        -:  196:   *  unordered_map, false for unordered_multiset and
        -:  197:   *  unordered_multimap.
        -:  198:   */
        -:  199:  template<bool _Cache_hash_code, bool _Constant_iterators, bool _Unique_keys>
        -:  200:    struct _Hashtable_traits
        -:  201:    {
        -:  202:      using __hash_cached = __bool_constant<_Cache_hash_code>;
        -:  203:      using __constant_iterators = __bool_constant<_Constant_iterators>;
        -:  204:      using __unique_keys = __bool_constant<_Unique_keys>;
        -:  205:    };
        -:  206:
        -:  207:  /**
        -:  208:   *  struct _Hash_node_base
        -:  209:   *
        -:  210:   *  Nodes, used to wrap elements stored in the hash table.  A policy
        -:  211:   *  template parameter of class template _Hashtable controls whether
        -:  212:   *  nodes also store a hash code. In some cases (e.g. strings) this
        -:  213:   *  may be a performance win.
        -:  214:   */
        -:  215:  struct _Hash_node_base
        -:  216:  {
        -:  217:    _Hash_node_base* _M_nxt;
        -:  218:
function _ZNSt8__detail15_Hash_node_baseC2Ev called 865140 returned 100% blocks executed 100%
   865140:  219:    _Hash_node_base() noexcept : _M_nxt() { }
        -:  220:
function _ZNSt8__detail15_Hash_node_baseC2EPS0_ called 545 returned 100% blocks executed 100%
      545:  221:    _Hash_node_base(_Hash_node_base* __next) noexcept : _M_nxt(__next) { }
        -:  222:  };
        -:  223:
        -:  224:  /**
        -:  225:   *  struct _Hash_node_value_base
        -:  226:   *
        -:  227:   *  Node type with the value to store.
        -:  228:   */
        -:  229:  template<typename _Value>
        -:  230:    struct _Hash_node_value_base
        -:  231:    {
        -:  232:      typedef _Value value_type;
        -:  233:
        -:  234:      __gnu_cxx::__aligned_buffer<_Value> _M_storage;
        -:  235:
        -:  236:      _Value*
  6018235:  237:      _M_valptr() noexcept
  6018235:  238:      { return _M_storage._M_ptr(); }
------------------
_ZNSt8__detail21_Hash_node_value_baseISt4pairIKlSt6vectorISt13unordered_setIlSt4hashIlESt8equal_toIlESaIlEESaISA_EEEE9_M_valptrEv:
function _ZNSt8__detail21_Hash_node_value_baseISt4pairIKlSt6vectorISt13unordered_setIlSt4hashIlESt8equal_toIlESaIlEESaISA_EEEE9_M_valptrEv called 154 returned 100% blocks executed 100%
      154:  237:      _M_valptr() noexcept
      154:  238:      { return _M_storage._M_ptr(); }
      154:  238-block  0
call    0 returned 154
------------------
_ZNSt8__detail21_Hash_node_value_baseIN17BasicEarleyParserIwE9SituationEE9_M_valptrEv:
function _ZNSt8__detail21_Hash_node_value_baseIN17BasicEarleyParserIwE9SituationEE9_M_valptrEv called 1260003 returned 100% blocks executed 100%
  1260003:  237:      _M_valptr() noexcept
  1260003:  238:      { return _M_storage._M_ptr(); }
  1260003:  238-block  0
call    0 returned 1260003
------------------
_ZNSt8__detail21_Hash_node_value_baseIlE9_M_valptrEv:
function _ZNSt8__detail21_Hash_node_value_baseIlE9_M_valptrEv called 645 returned 100% blocks executed 100%
      645:  237:      _M_valptr() noexcept
      645:  238:      { return _M_storage._M_ptr(); }
      645:  238-block  0
call    0 returned 645
------------------
_ZNSt8__detail21_Hash_node_value_baseISt4pairIKlNSt7__cxx1112basic_stringIwSt11char_traitsIwESaIwEEEEE9_M_valptrEv:
function _ZNSt8__detail21_Hash_node_value_baseISt4pairIKlNSt7__cxx1112basic_stringIwSt11char_traitsIwESaIwEEEEE9_M_valptrEv called 892 returned 100% blocks executed 100%
      892:  237:      _M_valptr() noexcept
      892:  238:      { return _M_storage._M_ptr(); }
      892:  238-block  0
call    0 returned 892
------------------
_ZNSt8__detail21_Hash_node_value_baseISt4pairIKNSt7__cxx1112basic_stringIwSt11char_traitsIwESaIwEEElEE9_M_valptrEv:
function _ZNSt8__detail21_Hash_node_value_baseISt4pairIKNSt7__cxx1112basic_stringIwSt11char_traitsIwESaIwEEElEE9_M_valptrEv called 4202175 returned 100% blocks executed 100%
  4202175:  237:      _M_valptr() noexcept
  4202175:  238:      { return _M_storage._M_ptr(); }
  4202175:  238-block  0
call    0 returned 4202175
------------------
_ZNSt8__detail21_Hash_node_value_baseISt4pairIKlSt13unordered_setIN17BasicEarleyParserIwE9SituationENS6_15SituationHasherESt8equal_toIS6_ESaIS6_EEEE9_M_valptrEv:
function _ZNSt8__detail21_Hash_node_value_baseISt4pairIKlSt13unordered_setIN17BasicEarleyParserIwE9SituationENS6_15SituationHasherESt8equal_toIS6_ESaIS6_EEEE9_M_valptrEv called 451909 returned 100% blocks executed 100%
   451909:  237:      _M_valptr() noexcept
   451909:  238:      { return _M_storage._M_ptr(); }
   451909:  238-block  0
call    0 returned 451909
------------------
_ZNSt8__detail21_Hash_node_value_baseISt4pairIKlSt6vectorIS3_IlSaIlEESaIS5_EEEE9_M_valptrEv:
function _ZNSt8__detail21_Hash_node_value_baseISt4pairIKlSt6vectorIS3_IlSaIlEESaIS5_EEEE9_M_valptrEv called 102457 returned 100% blocks executed 100%
   102457:  237:      _M_valptr() noexcept
   102457:  238:      { return _M_storage._M_ptr(); }
   102457:  238-block  0
call    0 returned 102457
------------------
        -:  239:
        -:  240:      const _Value*
 15012972:  241:      _M_valptr() const noexcept
 15012972:  242:      { return _M_storage._M_ptr(); }
------------------
_ZNKSt8__detail21_Hash_node_value_baseISt4pairIKlSt6vectorISt13unordered_setIlSt4hashIlESt8equal_toIlESaIlEESaISA_EEEE9_M_valptrEv:
function _ZNKSt8__detail21_Hash_node_value_baseISt4pairIKlSt6vectorISt13unordered_setIlSt4hashIlESt8equal_toIlESaIlEESaISA_EEEE9_M_valptrEv called 44 returned 100% blocks executed 100%
       44:  241:      _M_valptr() const noexcept
       44:  242:      { return _M_storage._M_ptr(); }
       44:  242-block  0
call    0 returned 44
------------------
_ZNKSt8__detail21_Hash_node_value_baseISt4pairIKlNSt7__cxx1112basic_stringIwSt11char_traitsIwESaIwEEEEE9_M_valptrEv:
function _ZNKSt8__detail21_Hash_node_value_baseISt4pairIKlNSt7__cxx1112basic_stringIwSt11char_traitsIwESaIwEEEEE9_M_valptrEv called 820 returned 100% blocks executed 100%
      820:  241:      _M_valptr() const noexcept
      820:  242:      { return _M_storage._M_ptr(); }
      820:  242-block  0
call    0 returned 820
------------------
_ZNKSt8__detail21_Hash_node_value_baseIlE9_M_valptrEv:
function _ZNKSt8__detail21_Hash_node_value_baseIlE9_M_valptrEv called 101567 returned 100% blocks executed 100%
   101567:  241:      _M_valptr() const noexcept
   101567:  242:      { return _M_storage._M_ptr(); }
   101567:  242-block  0
call    0 returned 101567
------------------
_ZNKSt8__detail21_Hash_node_value_baseISt4pairIKNSt7__cxx1112basic_stringIwSt11char_traitsIwESaIwEEElEE9_M_valptrEv:
function _ZNKSt8__detail21_Hash_node_value_baseISt4pairIKNSt7__cxx1112basic_stringIwSt11char_traitsIwESaIwEEElEE9_M_valptrEv called 4201337 returned 100% blocks executed 100%
  4201337:  241:      _M_valptr() const noexcept
  4201337:  242:      { return _M_storage._M_ptr(); }
  4201337:  242-block  0
call    0 returned 4201337
------------------
_ZNKSt8__detail21_Hash_node_value_baseIN17BasicEarleyParserIwE9SituationEE9_M_valptrEv:
function _ZNKSt8__detail21_Hash_node_value_baseIN17BasicEarleyParserIwE9SituationEE9_M_valptrEv called 10458585 returned 100% blocks executed 100%
 10458585:  241:      _M_valptr() const noexcept
 10458585:  242:      { return _M_storage._M_ptr(); }
 10458585:  242-block  0
call    0 returned 10458585
------------------
_ZNKSt8__detail21_Hash_node_value_baseISt4pairIKlSt6vectorIS3_IlSaIlEESaIS5_EEEE9_M_valptrEv:
function _ZNKSt8__detail21_Hash_node_value_baseISt4pairIKlSt6vectorIS3_IlSaIlEESaIS5_EEEE9_M_valptrEv called 102115 returned 100% blocks executed 100%
   102115:  241:      _M_valptr() const noexcept
   102115:  242:      { return _M_storage._M_ptr(); }
   102115:  242-block  0
call    0 returned 102115
------------------
_ZNKSt8__detail21_Hash_node_value_baseISt4pairIKlSt13unordered_setIN17BasicEarleyParserIwE9SituationENS6_15SituationHasherESt8equal_toIS6_ESaIS6_EEEE9_M_valptrEv:
function _ZNKSt8__detail21_Hash_node_value_baseISt4pairIKlSt13unordered_setIN17BasicEarleyParserIwE9SituationENS6_15SituationHasherESt8equal_toIS6_ESaIS6_EEEE9_M_valptrEv called 148504 returned 100% blocks executed 100%
   148504:  241:      _M_valptr() const noexcept
   148504:  242:      { return _M_storage._M_ptr(); }
   148504:  242-block  0
call    0 returned 148504
------------------
        -:  243:
        -:  244:      _Value&
   149756:  245:      _M_v() noexcept
   149756:  246:      { return *_M_valptr(); }
------------------
_ZNSt8__detail21_Hash_node_value_baseISt4pairIKlSt6vectorISt13unordered_setIlSt4hashIlESt8equal_toIlESaIlEESaISA_EEEE4_M_vEv:
function _ZNSt8__detail21_Hash_node_value_baseISt4pairIKlSt6vectorISt13unordered_setIlSt4hashIlESt8equal_toIlESaIlEESaISA_EEEE4_M_vEv called 48 returned 100% blocks executed 100%
       48:  245:      _M_v() noexcept
       48:  246:      { return *_M_valptr(); }
       48:  246-block  0
call    0 returned 48
------------------
_ZNSt8__detail21_Hash_node_value_baseIlE4_M_vEv:
function _ZNSt8__detail21_Hash_node_value_baseIlE4_M_vEv called 69 returned 100% blocks executed 100%
       69:  245:      _M_v() noexcept
       69:  246:      { return *_M_valptr(); }
       69:  246-block  0
call    0 returned 69
------------------
_ZNSt8__detail21_Hash_node_value_baseISt4pairIKlNSt7__cxx1112basic_stringIwSt11char_traitsIwESaIwEEEEE4_M_vEv:
function _ZNSt8__detail21_Hash_node_value_baseISt4pairIKlNSt7__cxx1112basic_stringIwSt11char_traitsIwESaIwEEEEE4_M_vEv called 460 returned 100% blocks executed 100%
      460:  245:      _M_v() noexcept
      460:  246:      { return *_M_valptr(); }
      460:  246-block  0
call    0 returned 460
------------------
_ZNSt8__detail21_Hash_node_value_baseISt4pairIKNSt7__cxx1112basic_stringIwSt11char_traitsIwESaIwEEElEE4_M_vEv:
function _ZNSt8__detail21_Hash_node_value_baseISt4pairIKNSt7__cxx1112basic_stringIwSt11char_traitsIwESaIwEEElEE4_M_vEv called 216 returned 100% blocks executed 100%
      216:  245:      _M_v() noexcept
      216:  246:      { return *_M_valptr(); }
      216:  246-block  0
call    0 returned 216
------------------
_ZNSt8__detail21_Hash_node_value_baseISt4pairIKlSt6vectorIS3_IlSaIlEESaIS5_EEEE4_M_vEv:
function _ZNSt8__detail21_Hash_node_value_baseISt4pairIKlSt6vectorIS3_IlSaIlEESaIS5_EEEE4_M_vEv called 259 returned 100% blocks executed 100%
      259:  245:      _M_v() noexcept
      259:  246:      { return *_M_valptr(); }
      259:  246-block  0
call    0 returned 259
------------------
_ZNSt8__detail21_Hash_node_value_baseISt4pairIKlSt13unordered_setIN17BasicEarleyParserIwE9SituationENS6_15SituationHasherESt8equal_toIS6_ESaIS6_EEEE4_M_vEv:
function _ZNSt8__detail21_Hash_node_value_baseISt4pairIKlSt13unordered_setIN17BasicEarleyParserIwE9SituationENS6_15SituationHasherESt8equal_toIS6_ESaIS6_EEEE4_M_vEv called 311 returned 100% blocks executed 100%
      311:  245:      _M_v() noexcept
      311:  246:      { return *_M_valptr(); }
      311:  246-block  0
call    0 returned 311
------------------
_ZNSt8__detail21_Hash_node_value_baseIN17BasicEarleyParserIwE9SituationEE4_M_vEv:
function _ZNSt8__detail21_Hash_node_value_baseIN17BasicEarleyParserIwE9SituationEE4_M_vEv called 148393 returned 100% blocks executed 100%
   148393:  245:      _M_v() noexcept
   148393:  246:      { return *_M_valptr(); }
   148393:  246-block  0
call    0 returned 148393
------------------
        -:  247:
        -:  248:      const _Value&
 15012972:  249:      _M_v() const noexcept
 15012972:  250:      { return *_M_valptr(); }
------------------
_ZNKSt8__detail21_Hash_node_value_baseISt4pairIKlSt6vectorISt13unordered_setIlSt4hashIlESt8equal_toIlESaIlEESaISA_EEEE4_M_vEv:
function _ZNKSt8__detail21_Hash_node_value_baseISt4pairIKlSt6vectorISt13unordered_setIlSt4hashIlESt8equal_toIlESaIlEESaISA_EEEE4_M_vEv called 44 returned 100% blocks executed 100%
       44:  249:      _M_v() const noexcept
       44:  250:      { return *_M_valptr(); }
       44:  250-block  0
call    0 returned 44
------------------
_ZNKSt8__detail21_Hash_node_value_baseISt4pairIKlNSt7__cxx1112basic_stringIwSt11char_traitsIwESaIwEEEEE4_M_vEv:
function _ZNKSt8__detail21_Hash_node_value_baseISt4pairIKlNSt7__cxx1112basic_stringIwSt11char_traitsIwESaIwEEEEE4_M_vEv called 820 returned 100% blocks executed 100%
      820:  249:      _M_v() const noexcept
      820:  250:      { return *_M_valptr(); }
      820:  250-block  0
call    0 returned 820
------------------
_ZNKSt8__detail21_Hash_node_value_baseIlE4_M_vEv:
function _ZNKSt8__detail21_Hash_node_value_baseIlE4_M_vEv called 101567 returned 100% blocks executed 100%
   101567:  249:      _M_v() const noexcept
   101567:  250:      { return *_M_valptr(); }
   101567:  250-block  0
call    0 returned 101567
------------------
_ZNKSt8__detail21_Hash_node_value_baseISt4pairIKNSt7__cxx1112basic_stringIwSt11char_traitsIwESaIwEEElEE4_M_vEv:
function _ZNKSt8__detail21_Hash_node_value_baseISt4pairIKNSt7__cxx1112basic_stringIwSt11char_traitsIwESaIwEEElEE4_M_vEv called 4201337 returned 100% blocks executed 100%
  4201337:  249:      _M_v() const noexcept
  4201337:  250:      { return *_M_valptr(); }
  4201337:  250-block  0
call    0 returned 4201337
------------------
_ZNKSt8__detail21_Hash_node_value_baseIN17BasicEarleyParserIwE9SituationEE4_M_vEv:
function _ZNKSt8__detail21_Hash_node_value_baseIN17BasicEarleyParserIwE9SituationEE4_M_vEv called 10458585 returned 100% blocks executed 100%
 10458585:  249:      _M_v() const noexcept
 10458585:  250:      { return *_M_valptr(); }
 10458585:  250-block  0
call    0 returned 10458585
------------------
_ZNKSt8__detail21_Hash_node_value_baseISt4pairIKlSt6vectorIS3_IlSaIlEESaIS5_EEEE4_M_vEv:
function _ZNKSt8__detail21_Hash_node_value_baseISt4pairIKlSt6vectorIS3_IlSaIlEESaIS5_EEEE4_M_vEv called 102115 returned 100% blocks executed 100%
   102115:  249:      _M_v() const noexcept
   102115:  250:      { return *_M_valptr(); }
   102115:  250-block  0
call    0 returned 102115
------------------
_ZNKSt8__detail21_Hash_node_value_baseISt4pairIKlSt13unordered_setIN17BasicEarleyParserIwE9SituationENS6_15SituationHasherESt8equal_toIS6_ESaIS6_EEEE4_M_vEv:
function _ZNKSt8__detail21_Hash_node_value_baseISt4pairIKlSt13unordered_setIN17BasicEarleyParserIwE9SituationENS6_15SituationHasherESt8equal_toIS6_ESaIS6_EEEE4_M_vEv called 148504 returned 100% blocks executed 100%
   148504:  249:      _M_v() const noexcept
   148504:  250:      { return *_M_valptr(); }
   148504:  250-block  0
call    0 returned 148504
------------------
        -:  251:    };
        -:  252:
        -:  253:  /**
        -:  254:   *  Primary template struct _Hash_node_code_cache.
        -:  255:   */
        -:  256:  template<bool _Cache_hash_code>
        -:  257:    struct _Hash_node_code_cache
        -:  258:    { };
        -:  259:
        -:  260:  /**
        -:  261:   *  Specialization for node with cache, struct _Hash_node_code_cache.
        -:  262:   */
        -:  263:  template<>
        -:  264:    struct _Hash_node_code_cache<true>
        -:  265:    { std::size_t  _M_hash_code; };
        -:  266:
        -:  267:  template<typename _Value, bool _Cache_hash_code>
        -:  268:    struct _Hash_node_value
        -:  269:    : _Hash_node_value_base<_Value>
        -:  270:    , _Hash_node_code_cache<_Cache_hash_code>
        -:  271:    { };
        -:  272:
        -:  273:  /**
        -:  274:   *  Primary template struct _Hash_node.
        -:  275:   */
        -:  276:  template<typename _Value, bool _Cache_hash_code>
        -:  277:    struct _Hash_node
        -:  278:    : _Hash_node_base
        -:  279:    , _Hash_node_value<_Value, _Cache_hash_code>
        -:  280:    {
        -:  281:      _Hash_node*
 20808864:  282:      _M_next() const noexcept
 20808864:  283:      { return static_cast<_Hash_node*>(this->_M_nxt); }
------------------
_ZNKSt8__detail10_Hash_nodeISt4pairIKlSt6vectorISt13unordered_setIlSt4hashIlESt8equal_toIlESaIlEESaISA_EEELb0EE7_M_nextEv:
function _ZNKSt8__detail10_Hash_nodeISt4pairIKlSt6vectorISt13unordered_setIlSt4hashIlESt8equal_toIlESaIlEESaISA_EEELb0EE7_M_nextEv called 82 returned 100% blocks executed 100%
       82:  282:      _M_next() const noexcept
       82:  283:      { return static_cast<_Hash_node*>(this->_M_nxt); }
       82:  283-block  0
------------------
_ZNKSt8__detail10_Hash_nodeISt4pairIKlSt13unordered_setIN17BasicEarleyParserIwE9SituationENS6_15SituationHasherESt8equal_toIS6_ESaIS6_EEELb0EE7_M_nextEv:
function _ZNKSt8__detail10_Hash_nodeISt4pairIKlSt13unordered_setIN17BasicEarleyParserIwE9SituationENS6_15SituationHasherESt8equal_toIS6_ESaIS6_EEELb0EE7_M_nextEv called 101627 returned 100% blocks executed 100%
   101627:  282:      _M_next() const noexcept
   101627:  283:      { return static_cast<_Hash_node*>(this->_M_nxt); }
   101627:  283-block  0
------------------
_ZNKSt8__detail10_Hash_nodeIN17BasicEarleyParserIwE9SituationELb1EE7_M_nextEv:
function _ZNKSt8__detail10_Hash_nodeIN17BasicEarleyParserIwE9SituationELb1EE7_M_nextEv called 20703251 returned 100% blocks executed 100%
 20703251:  282:      _M_next() const noexcept
 20703251:  283:      { return static_cast<_Hash_node*>(this->_M_nxt); }
 20703251:  283-block  0
------------------
_ZNKSt8__detail10_Hash_nodeIlLb0EE7_M_nextEv:
function _ZNKSt8__detail10_Hash_nodeIlLb0EE7_M_nextEv called 567 returned 100% blocks executed 100%
      567:  282:      _M_next() const noexcept
      567:  283:      { return static_cast<_Hash_node*>(this->_M_nxt); }
      567:  283-block  0
------------------
_ZNKSt8__detail10_Hash_nodeISt4pairIKlSt6vectorIS3_IlSaIlEESaIS5_EEELb0EE7_M_nextEv:
function _ZNKSt8__detail10_Hash_nodeISt4pairIKlSt6vectorIS3_IlSaIlEESaIS5_EEELb0EE7_M_nextEv called 259 returned 100% blocks executed 100%
      259:  282:      _M_next() const noexcept
      259:  283:      { return static_cast<_Hash_node*>(this->_M_nxt); }
      259:  283-block  0
------------------
_ZNKSt8__detail10_Hash_nodeISt4pairIKNSt7__cxx1112basic_stringIwSt11char_traitsIwESaIwEEElELb1EE7_M_nextEv:
function _ZNKSt8__detail10_Hash_nodeISt4pairIKNSt7__cxx1112basic_stringIwSt11char_traitsIwESaIwEEElELb1EE7_M_nextEv called 2350 returned 100% blocks executed 100%
     2350:  282:      _M_next() const noexcept
     2350:  283:      { return static_cast<_Hash_node*>(this->_M_nxt); }
     2350:  283-block  0
------------------
_ZNKSt8__detail10_Hash_nodeISt4pairIKlNSt7__cxx1112basic_stringIwSt11char_traitsIwESaIwEEEELb0EE7_M_nextEv:
function _ZNKSt8__detail10_Hash_nodeISt4pairIKlNSt7__cxx1112basic_stringIwSt11char_traitsIwESaIwEEEELb0EE7_M_nextEv called 728 returned 100% blocks executed 100%
      728:  282:      _M_next() const noexcept
      728:  283:      { return static_cast<_Hash_node*>(this->_M_nxt); }
      728:  283-block  0
------------------
        -:  284:    };
        -:  285:
        -:  286:  /// Base class for node iterators.
        -:  287:  template<typename _Value, bool _Cache_hash_code>
        -:  288:    struct _Node_iterator_base
        -:  289:    {
        -:  290:      using __node_type = _Hash_node<_Value, _Cache_hash_code>;
        -:  291:
        -:  292:      __node_type* _M_cur;
        -:  293:
        -:  294:      _Node_iterator_base() : _M_cur(nullptr) { }
 10665221:  295:      _Node_iterator_base(__node_type* __p) noexcept
 10665221:  296:      : _M_cur(__p) { }
------------------
_ZNSt8__detail19_Node_iterator_baseISt4pairIKlSt6vectorISt13unordered_setIlSt4hashIlESt8equal_toIlESaIlEESaISA_EEELb0EEC2EPNS_10_Hash_nodeISD_Lb0EEE:
function _ZNSt8__detail19_Node_iterator_baseISt4pairIKlSt6vectorISt13unordered_setIlSt4hashIlESt8equal_toIlESaIlEESaISA_EEELb0EEC2EPNS_10_Hash_nodeISD_Lb0EEE called 58 returned 100% blocks executed 100%
       58:  295:      _Node_iterator_base(__node_type* __p) noexcept
       58:  296:      : _M_cur(__p) { }
------------------
_ZNSt8__detail19_Node_iterator_baseISt4pairIKlNSt7__cxx1112basic_stringIwSt11char_traitsIwESaIwEEEELb0EEC2EPNS_10_Hash_nodeIS9_Lb0EEE:
function _ZNSt8__detail19_Node_iterator_baseISt4pairIKlNSt7__cxx1112basic_stringIwSt11char_traitsIwESaIwEEEELb0EEC2EPNS_10_Hash_nodeIS9_Lb0EEE called 216 returned 100% blocks executed 100%
      216:  295:      _Node_iterator_base(__node_type* __p) noexcept
      216:  296:      : _M_cur(__p) { }
------------------
_ZNSt8__detail19_Node_iterator_baseIlLb0EEC2EPNS_10_Hash_nodeIlLb0EEE:
function _ZNSt8__detail19_Node_iterator_baseIlLb0EEC2EPNS_10_Hash_nodeIlLb0EEE called 203690 returned 100% blocks executed 100%
   203690:  295:      _Node_iterator_base(__node_type* __p) noexcept
   203690:  296:      : _M_cur(__p) { }
------------------
_ZNSt8__detail19_Node_iterator_baseISt4pairIKNSt7__cxx1112basic_stringIwSt11char_traitsIwESaIwEEElELb1EEC2EPNS_10_Hash_nodeIS9_Lb1EEE:
function _ZNSt8__detail19_Node_iterator_baseISt4pairIKNSt7__cxx1112basic_stringIwSt11char_traitsIwESaIwEEElELb1EEC2EPNS_10_Hash_nodeIS9_Lb1EEE called 8402994 returned 100% blocks executed 100%
  8402994:  295:      _Node_iterator_base(__node_type* __p) noexcept
  8402994:  296:      : _M_cur(__p) { }
------------------
_ZNSt8__detail19_Node_iterator_baseISt4pairIKlSt13unordered_setIN17BasicEarleyParserIwE9SituationENS6_15SituationHasherESt8equal_toIS6_ESaIS6_EEELb0EEC2EPNS_10_Hash_nodeISC_Lb0EEE:
function _ZNSt8__detail19_Node_iterator_baseISt4pairIKlSt13unordered_setIN17BasicEarleyParserIwE9SituationENS6_15SituationHasherESt8equal_toIS6_ESaIS6_EEELb0EEC2EPNS_10_Hash_nodeISC_Lb0EEE called 398272 returned 100% blocks executed 100%
   398272:  295:      _Node_iterator_base(__node_type* __p) noexcept
   398272:  296:      : _M_cur(__p) { }
------------------
_ZNSt8__detail19_Node_iterator_baseIN17BasicEarleyParserIwE9SituationELb1EEC2EPNS_10_Hash_nodeIS3_Lb1EEE:
function _ZNSt8__detail19_Node_iterator_baseIN17BasicEarleyParserIwE9SituationELb1EEC2EPNS_10_Hash_nodeIS3_Lb1EEE called 1557951 returned 100% blocks executed 100%
  1557951:  295:      _Node_iterator_base(__node_type* __p) noexcept
  1557951:  296:      : _M_cur(__p) { }
------------------
_ZNSt8__detail19_Node_iterator_baseISt4pairIKlSt6vectorIS3_IlSaIlEESaIS5_EEELb0EEC2EPNS_10_Hash_nodeIS8_Lb0EEE:
function _ZNSt8__detail19_Node_iterator_baseISt4pairIKlSt6vectorIS3_IlSaIlEESaIS5_EEELb0EEC2EPNS_10_Hash_nodeIS8_Lb0EEE called 102040 returned 100% blocks executed 100%
   102040:  295:      _Node_iterator_base(__node_type* __p) noexcept
   102040:  296:      : _M_cur(__p) { }
------------------
        -:  297:
        -:  298:      void
   148490:  299:      _M_incr() noexcept
   148490:  300:      { _M_cur = _M_cur->_M_next(); }
------------------
_ZNSt8__detail19_Node_iterator_baseIlLb0EE7_M_incrEv:
function _ZNSt8__detail19_Node_iterator_baseIlLb0EE7_M_incrEv called 49 returned 100% blocks executed 100%
       49:  299:      _M_incr() noexcept
       49:  300:      { _M_cur = _M_cur->_M_next(); }
       49:  300-block  0
call    0 returned 49
------------------
_ZNSt8__detail19_Node_iterator_baseISt4pairIKlSt6vectorIS3_IlSaIlEESaIS5_EEELb0EE7_M_incrEv:
function _ZNSt8__detail19_Node_iterator_baseISt4pairIKlSt6vectorIS3_IlSaIlEESaIS5_EEELb0EE7_M_incrEv called 48 returned 100% blocks executed 100%
       48:  299:      _M_incr() noexcept
       48:  300:      { _M_cur = _M_cur->_M_next(); }
       48:  300-block  0
call    0 returned 48
------------------
_ZNSt8__detail19_Node_iterator_baseIN17BasicEarleyParserIwE9SituationELb1EE7_M_incrEv:
function _ZNSt8__detail19_Node_iterator_baseIN17BasicEarleyParserIwE9SituationELb1EE7_M_incrEv called 148393 returned 100% blocks executed 100%
   148393:  299:      _M_incr() noexcept
   148393:  300:      { _M_cur = _M_cur->_M_next(); }
   148393:  300-block  0
call    0 returned 148393
------------------
        -:  301:
        -:  302:      friend bool
  5101120:  303:      operator==(const _Node_iterator_base& __x, const _Node_iterator_base& __y)
        -:  304:      noexcept
  5101120:  305:      { return __x._M_cur == __y._M_cur; }
------------------
_ZNSt8__detaileqERKNS_19_Node_iterator_baseISt4pairIKlSt6vectorIS3_IlSaIlEESaIS5_EEELb0EEESB_:
function _ZNSt8__detaileqERKNS_19_Node_iterator_baseISt4pairIKlSt6vectorIS3_IlSaIlEESaIS5_EEELb0EEESB_ called 62 returned 100% blocks executed 100%
       62:  303:      operator==(const _Node_iterator_base& __x, const _Node_iterator_base& __y)
        -:  304:      noexcept
       62:  305:      { return __x._M_cur == __y._M_cur; }
       62:  305-block  0
------------------
_ZNSt8__detaileqERKNS_19_Node_iterator_baseIlLb0EEES3_:
function _ZNSt8__detaileqERKNS_19_Node_iterator_baseIlLb0EEES3_ called 101696 returned 100% blocks executed 100%
   101696:  303:      operator==(const _Node_iterator_base& __x, const _Node_iterator_base& __y)
        -:  304:      noexcept
   101696:  305:      { return __x._M_cur == __y._M_cur; }
   101696:  305-block  0
------------------
_ZNSt8__detaileqERKNS_19_Node_iterator_baseISt4pairIKNSt7__cxx1112basic_stringIwSt11char_traitsIwESaIwEEElELb1EEESC_:
function _ZNSt8__detaileqERKNS_19_Node_iterator_baseISt4pairIKNSt7__cxx1112basic_stringIwSt11char_traitsIwESaIwEEElELb1EEESC_ called 4201389 returned 100% blocks executed 100%
  4201389:  303:      operator==(const _Node_iterator_base& __x, const _Node_iterator_base& __y)
        -:  304:      noexcept
  4201389:  305:      { return __x._M_cur == __y._M_cur; }
  4201389:  305-block  0
------------------
_ZNSt8__detaileqERKNS_19_Node_iterator_baseIN17BasicEarleyParserIwE9SituationELb1EEES6_:
function _ZNSt8__detaileqERKNS_19_Node_iterator_baseIN17BasicEarleyParserIwE9SituationELb1EEES6_ called 649466 returned 100% blocks executed 100%
   649466:  303:      operator==(const _Node_iterator_base& __x, const _Node_iterator_base& __y)
        -:  304:      noexcept
   649466:  305:      { return __x._M_cur == __y._M_cur; }
   649466:  305-block  0
------------------
_ZNSt8__detaileqERKNS_19_Node_iterator_baseISt4pairIKlSt13unordered_setIN17BasicEarleyParserIwE9SituationENS6_15SituationHasherESt8equal_toIS6_ESaIS6_EEELb0EEESF_:
function _ZNSt8__detaileqERKNS_19_Node_iterator_baseISt4pairIKlSt13unordered_setIN17BasicEarleyParserIwE9SituationENS6_15SituationHasherESt8equal_toIS6_ESaIS6_EEELb0EEESF_ called 148507 returned 100% blocks executed 100%
   148507:  303:      operator==(const _Node_iterator_base& __x, const _Node_iterator_base& __y)
        -:  304:      noexcept
   148507:  305:      { return __x._M_cur == __y._M_cur; }
   148507:  305-block  0
------------------
        -:  306:
        -:  307:#if __cpp_impl_three_way_comparison < 201907L
        -:  308:      friend bool
        -:  309:      operator!=(const _Node_iterator_base& __x, const _Node_iterator_base& __y)
        -:  310:      noexcept
        -:  311:      { return __x._M_cur != __y._M_cur; }
        -:  312:#endif
        -:  313:    };
        -:  314:
        -:  315:  /// Node iterators, used to iterate through all the hashtable.
        -:  316:  template<typename _Value, bool __constant_iterators, bool __cache>
        -:  317:    struct _Node_iterator
        -:  318:    : public _Node_iterator_base<_Value, __cache>
        -:  319:    {
        -:  320:    private:
        -:  321:      using __base_type = _Node_iterator_base<_Value, __cache>;
        -:  322:      using __node_type = typename __base_type::__node_type;
        -:  323:
        -:  324:    public:
        -:  325:      typedef _Value					value_type;
        -:  326:      typedef std::ptrdiff_t				difference_type;
        -:  327:      typedef std::forward_iterator_tag			iterator_category;
        -:  328:
        -:  329:      using pointer = typename std::conditional<__constant_iterators,
        -:  330:				  const value_type*, value_type*>::type;
        -:  331:
        -:  332:      using reference = typename std::conditional<__constant_iterators,
        -:  333:				  const value_type&, value_type&>::type;
        -:  334:
        -:  335:      _Node_iterator() = default;
        -:  336:
        -:  337:      explicit
   659109:  338:      _Node_iterator(__node_type* __p) noexcept
   659109:  339:      : __base_type(__p) { }
------------------
_ZNSt8__detail14_Node_iteratorISt4pairIKlSt6vectorISt13unordered_setIlSt4hashIlESt8equal_toIlESaIlEESaISA_EEELb0ELb0EEC2EPNS_10_Hash_nodeISD_Lb0EEE:
function _ZNSt8__detail14_Node_iteratorISt4pairIKlSt6vectorISt13unordered_setIlSt4hashIlESt8equal_toIlESaIlEESaISA_EEELb0ELb0EEC2EPNS_10_Hash_nodeISD_Lb0EEE called 58 returned 100% blocks executed 100%
       58:  338:      _Node_iterator(__node_type* __p) noexcept
       58:  339:      : __base_type(__p) { }
       58:  339-block  0
call    0 returned 58
------------------
_ZNSt8__detail14_Node_iteratorIlLb1ELb0EEC2EPNS_10_Hash_nodeIlLb0EEE:
function _ZNSt8__detail14_Node_iteratorIlLb1ELb0EEC2EPNS_10_Hash_nodeIlLb0EEE called 520 returned 100% blocks executed 100%
      520:  338:      _Node_iterator(__node_type* __p) noexcept
      520:  339:      : __base_type(__p) { }
      520:  339-block  0
call    0 returned 520
------------------
_ZNSt8__detail14_Node_iteratorISt4pairIKlNSt7__cxx1112basic_stringIwSt11char_traitsIwESaIwEEEELb0ELb0EEC2EPNS_10_Hash_nodeIS9_Lb0EEE:
function _ZNSt8__detail14_Node_iteratorISt4pairIKlNSt7__cxx1112basic_stringIwSt11char_traitsIwESaIwEEEELb0ELb0EEC2EPNS_10_Hash_nodeIS9_Lb0EEE called 216 returned 100% blocks executed 100%
      216:  338:      _Node_iterator(__node_type* __p) noexcept
      216:  339:      : __base_type(__p) { }
      216:  339-block  0
call    0 returned 216
------------------
_ZNSt8__detail14_Node_iteratorISt4pairIKNSt7__cxx1112basic_stringIwSt11char_traitsIwESaIwEEElELb0ELb1EEC2EPNS_10_Hash_nodeIS9_Lb1EEE:
function _ZNSt8__detail14_Node_iteratorISt4pairIKNSt7__cxx1112basic_stringIwSt11char_traitsIwESaIwEEElELb0ELb1EEC2EPNS_10_Hash_nodeIS9_Lb1EEE called 1100 returned 100% blocks executed 100%
     1100:  338:      _Node_iterator(__node_type* __p) noexcept
     1100:  339:      : __base_type(__p) { }
     1100:  339-block  0
call    0 returned 1100
------------------
_ZNSt8__detail14_Node_iteratorISt4pairIKlSt6vectorIS3_IlSaIlEESaIS5_EEELb0ELb0EEC2EPNS_10_Hash_nodeIS8_Lb0EEE:
function _ZNSt8__detail14_Node_iteratorISt4pairIKlSt6vectorIS3_IlSaIlEESaIS5_EEELb0ELb0EEC2EPNS_10_Hash_nodeIS8_Lb0EEE called 152 returned 100% blocks executed 100%
      152:  338:      _Node_iterator(__node_type* __p) noexcept
      152:  339:      : __base_type(__p) { }
      152:  339-block  0
call    0 returned 152
------------------
_ZNSt8__detail14_Node_iteratorISt4pairIKlSt13unordered_setIN17BasicEarleyParserIwE9SituationENS6_15SituationHasherESt8equal_toIS6_ESaIS6_EEELb0ELb0EEC2EPNS_10_Hash_nodeISC_Lb0EEE:
function _ZNSt8__detail14_Node_iteratorISt4pairIKlSt13unordered_setIN17BasicEarleyParserIwE9SituationENS6_15SituationHasherESt8equal_toIS6_ESaIS6_EEELb0ELb0EEC2EPNS_10_Hash_nodeISC_Lb0EEE called 101258 returned 100% blocks executed 100%
   101258:  338:      _Node_iterator(__node_type* __p) noexcept
   101258:  339:      : __base_type(__p) { }
   101258:  339-block  0
call    0 returned 101258
------------------
_ZNSt8__detail14_Node_iteratorIN17BasicEarleyParserIwE9SituationELb1ELb1EEC2EPNS_10_Hash_nodeIS3_Lb1EEE:
function _ZNSt8__detail14_Node_iteratorIN17BasicEarleyParserIwE9SituationELb1ELb1EEC2EPNS_10_Hash_nodeIS3_Lb1EEE called 555805 returned 100% blocks executed 100%
   555805:  338:      _Node_iterator(__node_type* __p) noexcept
   555805:  339:      : __base_type(__p) { }
   555805:  339-block  0
call    0 returned 555805
------------------
        -:  340:
        -:  341:      reference
      117:  342:      operator*() const noexcept
      117:  343:      { return this->_M_cur->_M_v(); }
------------------
_ZNKSt8__detail14_Node_iteratorIlLb1ELb0EEdeEv:
function _ZNKSt8__detail14_Node_iteratorIlLb1ELb0EEdeEv called 69 returned 100% blocks executed 100%
       69:  342:      operator*() const noexcept
       69:  343:      { return this->_M_cur->_M_v(); }
       69:  343-block  0
call    0 returned 69
------------------
_ZNKSt8__detail14_Node_iteratorISt4pairIKlSt6vectorIS3_IlSaIlEESaIS5_EEELb0ELb0EEdeEv:
function _ZNKSt8__detail14_Node_iteratorISt4pairIKlSt6vectorIS3_IlSaIlEESaIS5_EEELb0ELb0EEdeEv called 48 returned 100% blocks executed 100%
       48:  342:      operator*() const noexcept
       48:  343:      { return this->_M_cur->_M_v(); }
       48:  343-block  0
call    0 returned 48
------------------
        -:  344:
        -:  345:      pointer
  101906*:  346:      operator->() const noexcept
  101906*:  347:      { return this->_M_cur->_M_valptr(); }
------------------
_ZNKSt8__detail14_Node_iteratorISt4pairIKlSt6vectorISt13unordered_setIlSt4hashIlESt8equal_toIlESaIlEESaISA_EEELb0ELb0EEptEv:
function _ZNKSt8__detail14_Node_iteratorISt4pairIKlSt6vectorISt13unordered_setIlSt4hashIlESt8equal_toIlESaIlEESaISA_EEELb0ELb0EEptEv called 10 returned 100% blocks executed 100%
       10:  346:      operator->() const noexcept
       10:  347:      { return this->_M_cur->_M_valptr(); }
       10:  347-block  0
call    0 returned 10
------------------
_ZNKSt8__detail14_Node_iteratorISt4pairIKlSt6vectorIS3_IlSaIlEESaIS5_EEELb0ELb0EEptEv:
function _ZNKSt8__detail14_Node_iteratorISt4pairIKlSt6vectorIS3_IlSaIlEESaIS5_EEELb0ELb0EEptEv called 53 returned 100% blocks executed 100%
       53:  346:      operator->() const noexcept
       53:  347:      { return this->_M_cur->_M_valptr(); }
       53:  347-block  0
call    0 returned 53
------------------
_ZNKSt8__detail14_Node_iteratorISt4pairIKlNSt7__cxx1112basic_stringIwSt11char_traitsIwESaIwEEEELb0ELb0EEptEv:
function _ZNKSt8__detail14_Node_iteratorISt4pairIKlNSt7__cxx1112basic_stringIwSt11char_traitsIwESaIwEEEELb0ELb0EEptEv called 0 returned 0% blocks executed 0%
    #####:  346:      operator->() const noexcept
    #####:  347:      { return this->_M_cur->_M_valptr(); }
    %%%%%:  347-block  0
call    0 never executed
------------------
_ZNKSt8__detail14_Node_iteratorISt4pairIKNSt7__cxx1112basic_stringIwSt11char_traitsIwESaIwEEElELb0ELb1EEptEv:
function _ZNKSt8__detail14_Node_iteratorISt4pairIKNSt7__cxx1112basic_stringIwSt11char_traitsIwESaIwEEElELb0ELb1EEptEv called 585 returned 100% blocks executed 100%
      585:  346:      operator->() const noexcept
      585:  347:      { return this->_M_cur->_M_valptr(); }
      585:  347-block  0
call    0 returned 585
------------------
_ZNKSt8__detail14_Node_iteratorISt4pairIKlSt13unordered_setIN17BasicEarleyParserIwE9SituationENS6_15SituationHasherESt8equal_toIS6_ESaIS6_EEELb0ELb0EEptEv:
function _ZNKSt8__detail14_Node_iteratorISt4pairIKlSt13unordered_setIN17BasicEarleyParserIwE9SituationENS6_15SituationHasherESt8equal_toIS6_ESaIS6_EEELb0ELb0EEptEv called 101258 returned 100% blocks executed 100%
   101258:  346:      operator->() const noexcept
   101258:  347:      { return this->_M_cur->_M_valptr(); }
   101258:  347-block  0
call    0 returned 101258
------------------
        -:  348:
        -:  349:      _Node_iterator&
       97:  350:      operator++() noexcept
        -:  351:      {
       97:  352:	this->_M_incr();
       97:  353:	return *this;
        -:  354:      }
------------------
_ZNSt8__detail14_Node_iteratorIlLb1ELb0EEppEv:
function _ZNSt8__detail14_Node_iteratorIlLb1ELb0EEppEv called 49 returned 100% blocks executed 100%
       49:  350:      operator++() noexcept
        -:  351:      {
       49:  352:	this->_M_incr();
       49:  352-block  0
call    0 returned 49
       49:  353:	return *this;
        -:  354:      }
------------------
_ZNSt8__detail14_Node_iteratorISt4pairIKlSt6vectorIS3_IlSaIlEESaIS5_EEELb0ELb0EEppEv:
function _ZNSt8__detail14_Node_iteratorISt4pairIKlSt6vectorIS3_IlSaIlEESaIS5_EEELb0ELb0EEppEv called 48 returned 100% blocks executed 100%
       48:  350:      operator++() noexcept
        -:  351:      {
       48:  352:	this->_M_incr();
       48:  352-block  0
call    0 returned 48
       48:  353:	return *this;
        -:  354:      }
------------------
        -:  355:
        -:  356:      _Node_iterator
        -:  357:      operator++(int) noexcept
        -:  358:      {
        -:  359:	_Node_iterator __tmp(*this);
        -:  360:	this->_M_incr();
        -:  361:	return __tmp;
        -:  362:      }
        -:  363:    };
        -:  364:
        -:  365:  /// Node const_iterators, used to iterate through all the hashtable.
        -:  366:  template<typename _Value, bool __constant_iterators, bool __cache>
        -:  367:    struct _Node_const_iterator
        -:  368:    : public _Node_iterator_base<_Value, __cache>
        -:  369:    {
        -:  370:    private:
        -:  371:      using __base_type = _Node_iterator_base<_Value, __cache>;
        -:  372:      using __node_type = typename __base_type::__node_type;
        -:  373:
        -:  374:    public:
        -:  375:      typedef _Value					value_type;
        -:  376:      typedef std::ptrdiff_t				difference_type;
        -:  377:      typedef std::forward_iterator_tag			iterator_category;
        -:  378:
        -:  379:      typedef const value_type*				pointer;
        -:  380:      typedef const value_type&				reference;
        -:  381:
        -:  382:      _Node_const_iterator() = default;
        -:  383:
        -:  384:      explicit
10006098*:  385:      _Node_const_iterator(__node_type* __p) noexcept
10006098*:  386:      : __base_type(__p) { }
------------------
_ZNSt8__detail20_Node_const_iteratorISt4pairIKlNSt7__cxx1112basic_stringIwSt11char_traitsIwESaIwEEEELb0ELb0EEC2EPNS_10_Hash_nodeIS9_Lb0EEE:
function _ZNSt8__detail20_Node_const_iteratorISt4pairIKlNSt7__cxx1112basic_stringIwSt11char_traitsIwESaIwEEEELb0ELb0EEC2EPNS_10_Hash_nodeIS9_Lb0EEE called 0 returned 0% blocks executed 0%
    #####:  385:      _Node_const_iterator(__node_type* __p) noexcept
    #####:  386:      : __base_type(__p) { }
    %%%%%:  386-block  0
call    0 never executed
------------------
_ZNSt8__detail20_Node_const_iteratorIlLb1ELb0EEC2EPNS_10_Hash_nodeIlLb0EEE:
function _ZNSt8__detail20_Node_const_iteratorIlLb1ELb0EEC2EPNS_10_Hash_nodeIlLb0EEE called 203156 returned 100% blocks executed 100%
   203156:  385:      _Node_const_iterator(__node_type* __p) noexcept
   203156:  386:      : __base_type(__p) { }
   203156:  386-block  0
call    0 returned 203156
------------------
_ZNSt8__detail20_Node_const_iteratorISt4pairIKNSt7__cxx1112basic_stringIwSt11char_traitsIwESaIwEEElELb0ELb1EEC2EPNS_10_Hash_nodeIS9_Lb1EEE:
function _ZNSt8__detail20_Node_const_iteratorISt4pairIKNSt7__cxx1112basic_stringIwSt11char_traitsIwESaIwEEElELb0ELb1EEC2EPNS_10_Hash_nodeIS9_Lb1EEE called 8401894 returned 100% blocks executed 100%
  8401894:  385:      _Node_const_iterator(__node_type* __p) noexcept
  8401894:  386:      : __base_type(__p) { }
  8401894:  386-block  0
call    0 returned 8401894
------------------
_ZNSt8__detail20_Node_const_iteratorIN17BasicEarleyParserIwE9SituationELb1ELb1EEC2EPNS_10_Hash_nodeIS3_Lb1EEE:
function _ZNSt8__detail20_Node_const_iteratorIN17BasicEarleyParserIwE9SituationELb1ELb1EEC2EPNS_10_Hash_nodeIS3_Lb1EEE called 1002146 returned 100% blocks executed 100%
  1002146:  385:      _Node_const_iterator(__node_type* __p) noexcept
  1002146:  386:      : __base_type(__p) { }
  1002146:  386-block  0
call    0 returned 1002146
------------------
_ZNSt8__detail20_Node_const_iteratorISt4pairIKlSt13unordered_setIN17BasicEarleyParserIwE9SituationENS6_15SituationHasherESt8equal_toIS6_ESaIS6_EEELb0ELb0EEC2EPNS_10_Hash_nodeISC_Lb0EEE:
function _ZNSt8__detail20_Node_const_iteratorISt4pairIKlSt13unordered_setIN17BasicEarleyParserIwE9SituationENS6_15SituationHasherESt8equal_toIS6_ESaIS6_EEELb0ELb0EEC2EPNS_10_Hash_nodeISC_Lb0EEE called 297014 returned 100% blocks executed 100%
   297014:  385:      _Node_const_iterator(__node_type* __p) noexcept
   297014:  386:      : __base_type(__p) { }
   297014:  386-block  0
call    0 returned 297014
------------------
_ZNSt8__detail20_Node_const_iteratorISt4pairIKlSt6vectorIS3_IlSaIlEESaIS5_EEELb0ELb0EEC2EPNS_10_Hash_nodeIS8_Lb0EEE:
function _ZNSt8__detail20_Node_const_iteratorISt4pairIKlSt6vectorIS3_IlSaIlEESaIS5_EEELb0ELb0EEC2EPNS_10_Hash_nodeIS8_Lb0EEE called 101888 returned 100% blocks executed 100%
   101888:  385:      _Node_const_iterator(__node_type* __p) noexcept
   101888:  386:      : __base_type(__p) { }
   101888:  386-block  0
call    0 returned 101888
------------------
        -:  387:
function _ZNSt8__detail20_Node_const_iteratorIlLb1ELb0EEC2ERKNS_14_Node_iteratorIlLb1ELb0EEE called 14 returned 100% blocks executed 100%
       14:  388:      _Node_const_iterator(const _Node_iterator<_Value, __constant_iterators,
        -:  389:			   __cache>& __x) noexcept
       14:  390:      : __base_type(__x._M_cur) { }
       14:  390-block  0
call    0 returned 14
        -:  391:
        -:  392:      reference
function _ZNKSt8__detail20_Node_const_iteratorIN17BasicEarleyParserIwE9SituationELb1ELb1EEdeEv called 148393 returned 100% blocks executed 100%
   148393:  393:      operator*() const noexcept
   148393:  394:      { return this->_M_cur->_M_v(); }
   148393:  394-block  0
call    0 returned 148393
        -:  395:
        -:  396:      pointer
 4450663*:  397:      operator->() const noexcept
 4450663*:  398:      { return this->_M_cur->_M_valptr(); }
------------------
_ZNKSt8__detail20_Node_const_iteratorISt4pairIKlNSt7__cxx1112basic_stringIwSt11char_traitsIwESaIwEEEELb0ELb0EEptEv:
function _ZNKSt8__detail20_Node_const_iteratorISt4pairIKlNSt7__cxx1112basic_stringIwSt11char_traitsIwESaIwEEEELb0ELb0EEptEv called 0 returned 0% blocks executed 0%
    #####:  397:      operator->() const noexcept
    #####:  398:      { return this->_M_cur->_M_valptr(); }
    %%%%%:  398-block  0
call    0 never executed
------------------
_ZNKSt8__detail20_Node_const_iteratorISt4pairIKNSt7__cxx1112basic_stringIwSt11char_traitsIwESaIwEEElELb0ELb1EEptEv:
function _ZNKSt8__detail20_Node_const_iteratorISt4pairIKNSt7__cxx1112basic_stringIwSt11char_traitsIwESaIwEEElELb0ELb1EEptEv called 4200942 returned 100% blocks executed 100%
  4200942:  397:      operator->() const noexcept
  4200942:  398:      { return this->_M_cur->_M_valptr(); }
  4200942:  398-block  0
call    0 returned 4200942
------------------
_ZNKSt8__detail20_Node_const_iteratorISt4pairIKlSt13unordered_setIN17BasicEarleyParserIwE9SituationENS6_15SituationHasherESt8equal_toIS6_ESaIS6_EEELb0ELb0EEptEv:
function _ZNKSt8__detail20_Node_const_iteratorISt4pairIKlSt13unordered_setIN17BasicEarleyParserIwE9SituationENS6_15SituationHasherESt8equal_toIS6_ESaIS6_EEELb0ELb0EEptEv called 147824 returned 100% blocks executed 100%
   147824:  397:      operator->() const noexcept
   147824:  398:      { return this->_M_cur->_M_valptr(); }
   147824:  398-block  0
call    0 returned 147824
------------------
_ZNKSt8__detail20_Node_const_iteratorISt4pairIKlSt6vectorIS3_IlSaIlEESaIS5_EEELb0ELb0EEptEv:
function _ZNKSt8__detail20_Node_const_iteratorISt4pairIKlSt6vectorIS3_IlSaIlEESaIS5_EEELb0ELb0EEptEv called 101897 returned 100% blocks executed 100%
   101897:  397:      operator->() const noexcept
   101897:  398:      { return this->_M_cur->_M_valptr(); }
   101897:  398-block  0
call    0 returned 101897
------------------
        -:  399:
        -:  400:      _Node_const_iterator&
function _ZNSt8__detail20_Node_const_iteratorIN17BasicEarleyParserIwE9SituationELb1ELb1EEppEv called 148393 returned 100% blocks executed 100%
   148393:  401:      operator++() noexcept
        -:  402:      {
   148393:  403:	this->_M_incr();
   148393:  403-block  0
call    0 returned 148393
   148393:  404:	return *this;
        -:  405:      }
        -:  406:
        -:  407:      _Node_const_iterator
        -:  408:      operator++(int) noexcept
        -:  409:      {
        -:  410:	_Node_const_iterator __tmp(*this);
        -:  411:	this->_M_incr();
        -:  412:	return __tmp;
        -:  413:      }
        -:  414:    };
        -:  415:
        -:  416:  // Many of class template _Hashtable's template parameters are policy
        -:  417:  // classes.  These are defaults for the policies.
        -:  418:
        -:  419:  /// Default range hashing function: use division to fold a large number
        -:  420:  /// into the range [0, N).
        -:  421:  struct _Mod_range_hashing
        -:  422:  {
        -:  423:    typedef std::size_t first_argument_type;
        -:  424:    typedef std::size_t second_argument_type;
        -:  425:    typedef std::size_t result_type;
        -:  426:
        -:  427:    result_type
function _ZNKSt8__detail18_Mod_range_hashingclEmm called 23119236 returned 100% blocks executed 100%
 23119236:  428:    operator()(first_argument_type __num,
        -:  429:	       second_argument_type __den) const noexcept
 23119236:  430:    { return __num % __den; }
 23119236:  430-block  0
        -:  431:  };
        -:  432:
        -:  433:  /// Default ranged hash function H.  In principle it should be a
        -:  434:  /// function object composed from objects of type H1 and H2 such that
        -:  435:  /// h(k, N) = h2(h1(k), N), but that would mean making extra copies of
        -:  436:  /// h1 and h2.  So instead we'll just use a tag to tell class template
        -:  437:  /// hashtable to do that composition.
        -:  438:  struct _Default_ranged_hash { };
        -:  439:
        -:  440:  /// Default value for rehash policy.  Bucket size is (usually) the
        -:  441:  /// smallest prime that keeps the load factor small enough.
        -:  442:  struct _Prime_rehash_policy
        -:  443:  {
        -:  444:    using __has_load_factor = true_type;
        -:  445:
function _ZNSt8__detail20_Prime_rehash_policyC2Ef called 204386 returned 100% blocks executed 100%
   204386:  446:    _Prime_rehash_policy(float __z = 1.0) noexcept
   204386:  447:    : _M_max_load_factor(__z), _M_next_resize(0) { }
        -:  448:
        -:  449:    float
        -:  450:    max_load_factor() const noexcept
        -:  451:    { return _M_max_load_factor; }
        -:  452:
        -:  453:    // Return a bucket size no smaller than n.
        -:  454:    std::size_t
        -:  455:    _M_next_bkt(std::size_t __n) const;
        -:  456:
        -:  457:    // Return a bucket count appropriate for n elements
        -:  458:    std::size_t
        -:  459:    _M_bkt_for_elements(std::size_t __n) const
        -:  460:    { return __builtin_ceil(__n / (double)_M_max_load_factor); }
        -:  461:
        -:  462:    // __n_bkt is current bucket count, __n_elt is current element count,
        -:  463:    // and __n_ins is number of elements to be inserted.  Do we need to
        -:  464:    // increase bucket count?  If so, return make_pair(true, n), where n
        -:  465:    // is the new bucket count.  If not, return make_pair(false, 0).
        -:  466:    std::pair<bool, std::size_t>
        -:  467:    _M_need_rehash(std::size_t __n_bkt, std::size_t __n_elt,
        -:  468:		   std::size_t __n_ins) const;
        -:  469:
        -:  470:    typedef std::size_t _State;
        -:  471:
        -:  472:    _State
function _ZNKSt8__detail20_Prime_rehash_policy8_M_stateEv called 660319 returned 100% blocks executed 100%
   660319:  473:    _M_state() const
   660319:  474:    { return _M_next_resize; }
   660319:  474-block  0
        -:  475:
        -:  476:    void
function _ZNSt8__detail20_Prime_rehash_policy8_M_resetEv called 101942 returned 100% blocks executed 100%
   101942:  477:    _M_reset() noexcept
   101942:  478:    { _M_next_resize = 0; }
        -:  479:
        -:  480:    void
function _ZNSt8__detail20_Prime_rehash_policy8_M_resetEm called 0 returned 0% blocks executed 0%
    #####:  481:    _M_reset(_State __state)
    #####:  482:    { _M_next_resize = __state; }
        -:  483:
        -:  484:    static const std::size_t _S_growth_factor = 2;
        -:  485:
        -:  486:    float		_M_max_load_factor;
        -:  487:    mutable std::size_t	_M_next_resize;
        -:  488:  };
        -:  489:
        -:  490:  /// Range hashing function assuming that second arg is a power of 2.
        -:  491:  struct _Mask_range_hashing
        -:  492:  {
        -:  493:    typedef std::size_t first_argument_type;
        -:  494:    typedef std::size_t second_argument_type;
        -:  495:    typedef std::size_t result_type;
        -:  496:
        -:  497:    result_type
        -:  498:    operator()(first_argument_type __num,
        -:  499:	       second_argument_type __den) const noexcept
        -:  500:    { return __num & (__den - 1); }
        -:  501:  };
        -:  502:
        -:  503:  /// Compute closest power of 2 not less than __n
        -:  504:  inline std::size_t
        -:  505:  __clp2(std::size_t __n) noexcept
        -:  506:  {
        -:  507:    using __gnu_cxx::__int_traits;
        -:  508:    // Equivalent to return __n ? std::bit_ceil(__n) : 0;
        -:  509:    if (__n < 2)
        -:  510:      return __n;
        -:  511:    const unsigned __lz = sizeof(size_t) > sizeof(long)
        -:  512:      ? __builtin_clzll(__n - 1ull)
        -:  513:      : __builtin_clzl(__n - 1ul);
        -:  514:    // Doing two shifts avoids undefined behaviour when __lz == 0.
        -:  515:    return (size_t(1) << (__int_traits<size_t>::__digits - __lz - 1)) << 1;
        -:  516:  }
        -:  517:
        -:  518:  /// Rehash policy providing power of 2 bucket numbers. Avoids modulo
        -:  519:  /// operations.
        -:  520:  struct _Power2_rehash_policy
        -:  521:  {
        -:  522:    using __has_load_factor = true_type;
        -:  523:
        -:  524:    _Power2_rehash_policy(float __z = 1.0) noexcept
        -:  525:    : _M_max_load_factor(__z), _M_next_resize(0) { }
        -:  526:
        -:  527:    float
        -:  528:    max_load_factor() const noexcept
        -:  529:    { return _M_max_load_factor; }
        -:  530:
        -:  531:    // Return a bucket size no smaller than n (as long as n is not above the
        -:  532:    // highest power of 2).
        -:  533:    std::size_t
        -:  534:    _M_next_bkt(std::size_t __n) noexcept
        -:  535:    {
        -:  536:      if (__n == 0)
        -:  537:	// Special case on container 1st initialization with 0 bucket count
        -:  538:	// hint. We keep _M_next_resize to 0 to make sure that next time we
        -:  539:	// want to add an element allocation will take place.
        -:  540:	return 1;
        -:  541:
        -:  542:      const auto __max_width = std::min<size_t>(sizeof(size_t), 8);
        -:  543:      const auto __max_bkt = size_t(1) << (__max_width * __CHAR_BIT__ - 1);
        -:  544:      std::size_t __res = __clp2(__n);
        -:  545:
        -:  546:      if (__res == 0)
        -:  547:	__res = __max_bkt;
        -:  548:      else if (__res == 1)
        -:  549:	// If __res is 1 we force it to 2 to make sure there will be an
        -:  550:	// allocation so that nothing need to be stored in the initial
        -:  551:	// single bucket
        -:  552:	__res = 2;
        -:  553:
        -:  554:      if (__res == __max_bkt)
        -:  555:	// Set next resize to the max value so that we never try to rehash again
        -:  556:	// as we already reach the biggest possible bucket number.
        -:  557:	// Note that it might result in max_load_factor not being respected.
        -:  558:	_M_next_resize = size_t(-1);
        -:  559:      else
        -:  560:	_M_next_resize
        -:  561:	  = __builtin_floor(__res * (double)_M_max_load_factor);
        -:  562:
        -:  563:      return __res;
        -:  564:    }
        -:  565:
        -:  566:    // Return a bucket count appropriate for n elements
        -:  567:    std::size_t
        -:  568:    _M_bkt_for_elements(std::size_t __n) const noexcept
        -:  569:    { return __builtin_ceil(__n / (double)_M_max_load_factor); }
        -:  570:
        -:  571:    // __n_bkt is current bucket count, __n_elt is current element count,
        -:  572:    // and __n_ins is number of elements to be inserted.  Do we need to
        -:  573:    // increase bucket count?  If so, return make_pair(true, n), where n
        -:  574:    // is the new bucket count.  If not, return make_pair(false, 0).
        -:  575:    std::pair<bool, std::size_t>
        -:  576:    _M_need_rehash(std::size_t __n_bkt, std::size_t __n_elt,
        -:  577:		   std::size_t __n_ins) noexcept
        -:  578:    {
        -:  579:      if (__n_elt + __n_ins > _M_next_resize)
        -:  580:	{
        -:  581:	  // If _M_next_resize is 0 it means that we have nothing allocated so
        -:  582:	  // far and that we start inserting elements. In this case we start
        -:  583:	  // with an initial bucket size of 11.
        -:  584:	  double __min_bkts
        -:  585:	    = std::max<std::size_t>(__n_elt + __n_ins, _M_next_resize ? 0 : 11)
        -:  586:	      / (double)_M_max_load_factor;
        -:  587:	  if (__min_bkts >= __n_bkt)
        -:  588:	    return { true,
        -:  589:	      _M_next_bkt(std::max<std::size_t>(__builtin_floor(__min_bkts) + 1,
        -:  590:						__n_bkt * _S_growth_factor)) };
        -:  591:
        -:  592:	  _M_next_resize
        -:  593:	    = __builtin_floor(__n_bkt * (double)_M_max_load_factor);
        -:  594:	  return { false, 0 };
        -:  595:	}
        -:  596:      else
        -:  597:	return { false, 0 };
        -:  598:    }
        -:  599:
        -:  600:    typedef std::size_t _State;
        -:  601:
        -:  602:    _State
        -:  603:    _M_state() const noexcept
        -:  604:    { return _M_next_resize; }
        -:  605:
        -:  606:    void
        -:  607:    _M_reset() noexcept
        -:  608:    { _M_next_resize = 0; }
        -:  609:
        -:  610:    void
        -:  611:    _M_reset(_State __state) noexcept
        -:  612:    { _M_next_resize = __state; }
        -:  613:
        -:  614:    static const std::size_t _S_growth_factor = 2;
        -:  615:
        -:  616:    float	_M_max_load_factor;
        -:  617:    std::size_t	_M_next_resize;
        -:  618:  };
        -:  619:
        -:  620:  // Base classes for std::_Hashtable.  We define these base classes
        -:  621:  // because in some cases we want to do different things depending on
        -:  622:  // the value of a policy class.  In some cases the policy class
        -:  623:  // affects which member functions and nested typedefs are defined;
        -:  624:  // we handle that by specializing base class templates.  Several of
        -:  625:  // the base class templates need to access other members of class
        -:  626:  // template _Hashtable, so we use a variant of the "Curiously
        -:  627:  // Recurring Template Pattern" (CRTP) technique.
        -:  628:
        -:  629:  /**
        -:  630:   *  Primary class template _Map_base.
        -:  631:   *
        -:  632:   *  If the hashtable has a value type of the form pair<T1, T2> and a
        -:  633:   *  key extraction policy (_ExtractKey) that returns the first part
        -:  634:   *  of the pair, the hashtable gets a mapped_type typedef.  If it
        -:  635:   *  satisfies those criteria and also has unique keys, then it also
        -:  636:   *  gets an operator[].
        -:  637:   */
        -:  638:  template<typename _Key, typename _Value, typename _Alloc,
        -:  639:	   typename _ExtractKey, typename _Equal,
        -:  640:	   typename _Hash, typename _RangeHash, typename _Unused,
        -:  641:	   typename _RehashPolicy, typename _Traits,
        -:  642:	   bool _Unique_keys = _Traits::__unique_keys::value>
        -:  643:    struct _Map_base { };
        -:  644:
        -:  645:  /// Partial specialization, __unique_keys set to false.
        -:  646:  template<typename _Key, typename _Pair, typename _Alloc, typename _Equal,
        -:  647:	   typename _Hash, typename _RangeHash, typename _Unused,
        -:  648:	   typename _RehashPolicy, typename _Traits>
        -:  649:    struct _Map_base<_Key, _Pair, _Alloc, _Select1st, _Equal,
        -:  650:		     _Hash, _RangeHash, _Unused, _RehashPolicy, _Traits, false>
        -:  651:    {
        -:  652:      using mapped_type = typename std::tuple_element<1, _Pair>::type;
        -:  653:    };
        -:  654:
        -:  655:  /// Partial specialization, __unique_keys set to true.
        -:  656:  template<typename _Key, typename _Pair, typename _Alloc, typename _Equal,
        -:  657:	   typename _Hash, typename _RangeHash, typename _Unused,
        -:  658:	   typename _RehashPolicy, typename _Traits>
        -:  659:    struct _Map_base<_Key, _Pair, _Alloc, _Select1st, _Equal,
        -:  660:		     _Hash, _RangeHash, _Unused, _RehashPolicy, _Traits, true>
        -:  661:    {
        -:  662:    private:
        -:  663:      using __hashtable_base = _Hashtable_base<_Key, _Pair, _Select1st, _Equal,
        -:  664:					       _Hash, _RangeHash, _Unused,
        -:  665:					       _Traits>;
        -:  666:
        -:  667:      using __hashtable = _Hashtable<_Key, _Pair, _Alloc, _Select1st, _Equal,
        -:  668:				     _Hash, _RangeHash,
        -:  669:				     _Unused, _RehashPolicy, _Traits>;
        -:  670:
        -:  671:      using __hash_code = typename __hashtable_base::__hash_code;
        -:  672:
        -:  673:    public:
        -:  674:      using key_type = typename __hashtable_base::key_type;
        -:  675:      using mapped_type = typename std::tuple_element<1, _Pair>::type;
        -:  676:
        -:  677:      mapped_type&
        -:  678:      operator[](const key_type& __k);
        -:  679:
        -:  680:      mapped_type&
        -:  681:      operator[](key_type&& __k);
        -:  682:
        -:  683:      // _GLIBCXX_RESOLVE_LIB_DEFECTS
        -:  684:      // DR 761. unordered_map needs an at() member function.
        -:  685:      mapped_type&
        -:  686:      at(const key_type& __k);
        -:  687:
        -:  688:      const mapped_type&
        -:  689:      at(const key_type& __k) const;
        -:  690:    };
        -:  691:
        -:  692:  template<typename _Key, typename _Pair, typename _Alloc, typename _Equal,
        -:  693:	   typename _Hash, typename _RangeHash, typename _Unused,
        -:  694:	   typename _RehashPolicy, typename _Traits>
        -:  695:    auto
      437:  696:    _Map_base<_Key, _Pair, _Alloc, _Select1st, _Equal,
        -:  697:	      _Hash, _RangeHash, _Unused, _RehashPolicy, _Traits, true>::
        -:  698:    operator[](const key_type& __k)
        -:  699:    -> mapped_type&
        -:  700:    {
      437:  701:      __hashtable* __h = static_cast<__hashtable*>(this);
      437:  702:      __hash_code __code = __h->_M_hash_code(__k);
      437:  703:      std::size_t __bkt = __h->_M_bucket_index(__code);
      437:  704:      if (auto __node = __h->_M_find_node(__bkt, __k, __code))
      384:  705:	return __node->_M_v().second;
        -:  706:
      53*:  707:      typename __hashtable::_Scoped_node __node {
        -:  708:	__h,
        -:  709:	std::piecewise_construct,
      53*:  710:	std::tuple<const key_type&>(__k),
    #####:  711:	std::tuple<>()
        -:  712:      };
        -:  713:      auto __pos
      53*:  714:	= __h->_M_insert_unique_node(__bkt, __code, __node._M_node);
      53*:  715:      __node._M_node = nullptr;
      53*:  716:      return __pos->second;
      53*:  717:    }
------------------
_ZNSt8__detail9_Map_baseIlSt4pairIKlSt6vectorIS3_IlSaIlEESaIS5_EEESaIS8_ENS_10_Select1stESt8equal_toIlESt4hashIlENS_18_Mod_range_hashingENS_20_Default_ranged_hashENS_20_Prime_rehash_policyENS_17_Hashtable_traitsILb0ELb0ELb1EEELb1EEixERS2_:
function _ZNSt8__detail9_Map_baseIlSt4pairIKlSt6vectorIS3_IlSaIlEESaIS5_EEESaIS8_ENS_10_Select1stESt8equal_toIlESt4hashIlENS_18_Mod_range_hashingENS_20_Default_ranged_hashENS_20_Prime_rehash_policyENS_17_Hashtable_traitsILb0ELb0ELb1EEELb1EEixERS2_ called 193 returned 100% blocks executed 70%
      193:  696:    _Map_base<_Key, _Pair, _Alloc, _Select1st, _Equal,
        -:  697:	      _Hash, _RangeHash, _Unused, _RehashPolicy, _Traits, true>::
        -:  698:    operator[](const key_type& __k)
        -:  699:    -> mapped_type&
        -:  700:    {
      193:  701:      __hashtable* __h = static_cast<__hashtable*>(this);
      193:  702:      __hash_code __code = __h->_M_hash_code(__k);
      193:  702-block  0
call    0 returned 193
branch  1 taken 193 (fallthrough)
branch  2 taken 0 (throw)
      193:  703:      std::size_t __bkt = __h->_M_bucket_index(__code);
      193:  703-block  0
call    0 returned 193
branch  1 taken 193 (fallthrough)
branch  2 taken 0 (throw)
      193:  704:      if (auto __node = __h->_M_find_node(__bkt, __k, __code))
      193:  704-block  0
call    0 returned 193
branch  1 taken 193 (fallthrough)
branch  2 taken 0 (throw)
[...]
       46: 1912-block  0
      262: 1912-block  1
branch  0 taken 216
branch  1 taken 46 (fallthrough)
        -: 1913:	{
      216: 1914:	  __node_ptr __tmp = __n;
      216: 1915:	  __n = __n->_M_next();
      216: 1915-block  0
call    0 returned 216
      216: 1916:	  _M_deallocate_node(__tmp);
call    0 returned 216
        -: 1917:	}
       46: 1918:    }
------------------
        -: 1919:
        -: 1920:  template<typename _NodeAlloc>
        -: 1921:    auto
   304855: 1922:    _Hashtable_alloc<_NodeAlloc>::_M_allocate_buckets(std::size_t __bkt_count)
        -: 1923:    -> __buckets_ptr
        -: 1924:    {
   304855: 1925:      __buckets_alloc_type __alloc(_M_node_allocator());
        -: 1926:
   304855: 1927:      auto __ptr = __buckets_alloc_traits::allocate(__alloc, __bkt_count);
   304855: 1928:      __buckets_ptr __p = std::__to_address(__ptr);
   304855: 1929:      __builtin_memset(__p, 0, __bkt_count * sizeof(__node_base_ptr));
   304855: 1930:      return __p;
   304855: 1931:    }
------------------
_ZNSt8__detail16_Hashtable_allocISaINS_10_Hash_nodeISt4pairIKlSt6vectorISt13unordered_setIlSt4hashIlESt8equal_toIlESaIlEESaISB_EEELb0EEEEE19_M_allocate_bucketsEm:
function _ZNSt8__detail16_Hashtable_allocISaINS_10_Hash_nodeISt4pairIKlSt6vectorISt13unordered_setIlSt4hashIlESt8equal_toIlESaIlEESaISB_EEELb0EEEEE19_M_allocate_bucketsEm called 14 returned 100% blocks executed 80%
       14: 1922:    _Hashtable_alloc<_NodeAlloc>::_M_allocate_buckets(std::size_t __bkt_count)
        -: 1923:    -> __buckets_ptr
        -: 1924:    {
       14: 1925:      __buckets_alloc_type __alloc(_M_node_allocator());
       14: 1925-block  0
call    0 returned 14
branch  1 taken 14 (fallthrough)
branch  2 taken 0 (throw)
       14: 1925-block  1
call    3 returned 14
        -: 1926:
       14: 1927:      auto __ptr = __buckets_alloc_traits::allocate(__alloc, __bkt_count);
call    0 returned 14
branch  1 taken 14 (fallthrough)
branch  2 taken 0 (throw)
       14: 1928:      __buckets_ptr __p = std::__to_address(__ptr);
       14: 1928-block  0
call    0 returned 14
       14: 1929:      __builtin_memset(__p, 0, __bkt_count * sizeof(__node_base_ptr));
       14: 1930:      return __p;
       14: 1930-block  0
       14: 1931:    }
call    0 returned 14
    $$$$$: 1931-block  0
call    1 never executed
------------------
_ZNSt8__detail16_Hashtable_allocISaINS_10_Hash_nodeIlLb0EEEEE19_M_allocate_bucketsEm:
function _ZNSt8__detail16_Hashtable_allocISaINS_10_Hash_nodeIlLb0EEEEE19_M_allocate_bucketsEm called 122 returned 100% blocks executed 80%
      122: 1922:    _Hashtable_alloc<_NodeAlloc>::_M_allocate_buckets(std::size_t __bkt_count)
        -: 1923:    -> __buckets_ptr
        -: 1924:    {
      122: 1925:      __buckets_alloc_type __alloc(_M_node_allocator());
      122: 1925-block  0
call    0 returned 122
branch  1 taken 122 (fallthrough)
branch  2 taken 0 (throw)
      122: 1925-block  1
call    3 returned 122
        -: 1926:
      122: 1927:      auto __ptr = __buckets_alloc_traits::allocate(__alloc, __bkt_count);
call    0 returned 122
branch  1 taken 122 (fallthrough)
branch  2 taken 0 (throw)
      122: 1928:      __buckets_ptr __p = std::__to_address(__ptr);
      122: 1928-block  0
call    0 returned 122
      122: 1929:      __builtin_memset(__p, 0, __bkt_count * sizeof(__node_base_ptr));
      122: 1930:      return __p;
      122: 1930-block  0
      122: 1931:    }
call    0 returned 122
    $$$$$: 1931-block  0
call    1 never executed
------------------
_ZNSt8__detail16_Hashtable_allocISaINS_10_Hash_nodeISt4pairIKlNSt7__cxx1112basic_stringIwSt11char_traitsIwESaIwEEEELb0EEEEE19_M_allocate_bucketsEm:
function _ZNSt8__detail16_Hashtable_allocISaINS_10_Hash_nodeISt4pairIKlNSt7__cxx1112basic_stringIwSt11char_traitsIwESaIwEEEELb0EEEEE19_M_allocate_bucketsEm called 26 returned 100% blocks executed 80%
       26: 1922:    _Hashtable_alloc<_NodeAlloc>::_M_allocate_buckets(std::size_t __bkt_count)
        -: 1923:    -> __buckets_ptr
        -: 1924:    {
       26: 1925:      __buckets_alloc_type __alloc(_M_node_allocator());
       26: 1925-block  0
call    0 returned 26
branch  1 taken 26 (fallthrough)
branch  2 taken 0 (throw)
       26: 1925-block  1
call    3 returned 26
        -: 1926:
       26: 1927:      auto __ptr = __buckets_alloc_traits::allocate(__alloc, __bkt_count);
call    0 returned 26
branch  1 taken 26 (fallthrough)
branch  2 taken 0 (throw)
       26: 1928:      __buckets_ptr __p = std::__to_address(__ptr);
       26: 1928-block  0
call    0 returned 26
       26: 1929:      __builtin_memset(__p, 0, __bkt_count * sizeof(__node_base_ptr));
       26: 1930:      return __p;
       26: 1930-block  0
       26: 1931:    }
call    0 returned 26
    $$$$$: 1931-block  0
call    1 never executed
------------------
_ZNSt8__detail16_Hashtable_allocISaINS_10_Hash_nodeISt4pairIKNSt7__cxx1112basic_stringIwSt11char_traitsIwESaIwEEElELb1EEEEE19_M_allocate_bucketsEm:
function _ZNSt8__detail16_Hashtable_allocISaINS_10_Hash_nodeISt4pairIKNSt7__cxx1112basic_stringIwSt11char_traitsIwESaIwEEElELb1EEEEE19_M_allocate_bucketsEm called 26 returned 100% blocks executed 80%
       26: 1922:    _Hashtable_alloc<_NodeAlloc>::_M_allocate_buckets(std::size_t __bkt_count)
        -: 1923:    -> __buckets_ptr
        -: 1924:    {
       26: 1925:      __buckets_alloc_type __alloc(_M_node_allocator());
       26: 1925-block  0
call    0 returned 26
branch  1 taken 26 (fallthrough)
branch  2 taken 0 (throw)
       26: 1925-block  1
call    3 returned 26
        -: 1926:
       26: 1927:      auto __ptr = __buckets_alloc_traits::allocate(__alloc, __bkt_count);
call    0 returned 26
branch  1 taken 26 (fallthrough)
branch  2 taken 0 (throw)
       26: 1928:      __buckets_ptr __p = std::__to_address(__ptr);
       26: 1928-block  0
call    0 returned 26
       26: 1929:      __builtin_memset(__p, 0, __bkt_count * sizeof(__node_base_ptr));
       26: 1930:      return __p;
       26: 1930-block  0
       26: 1931:    }
call    0 returned 26
    $$$$$: 1931-block  0
call    1 never executed
------------------
_ZNSt8__detail16_Hashtable_allocISaINS_10_Hash_nodeISt4pairIKlSt6vectorIS4_IlSaIlEESaIS6_EEELb0EEEEE19_M_allocate_bucketsEm:
function _ZNSt8__detail16_Hashtable_allocISaINS_10_Hash_nodeISt4pairIKlSt6vectorIS4_IlSaIlEESaIS6_EEELb0EEEEE19_M_allocate_bucketsEm called 37 returned 100% blocks executed 80%
       37: 1922:    _Hashtable_alloc<_NodeAlloc>::_M_allocate_buckets(std::size_t __bkt_count)
        -: 1923:    -> __buckets_ptr
        -: 1924:    {
       37: 1925:      __buckets_alloc_type __alloc(_M_node_allocator());
       37: 1925-block  0
call    0 returned 37
branch  1 taken 37 (fallthrough)
branch  2 taken 0 (throw)
       37: 1925-block  1
call    3 returned 37
        -: 1926:
       37: 1927:      auto __ptr = __buckets_alloc_traits::allocate(__alloc, __bkt_count);
call    0 returned 37
branch  1 taken 37 (fallthrough)
branch  2 taken 0 (throw)
       37: 1928:      __buckets_ptr __p = std::__to_address(__ptr);
       37: 1928-block  0
call    0 returned 37
       37: 1929:      __builtin_memset(__p, 0, __bkt_count * sizeof(__node_base_ptr));
       37: 1930:      return __p;
       37: 1930-block  0
       37: 1931:    }
call    0 returned 37
    $$$$$: 1931-block  0
call    1 never executed
------------------
_ZNSt8__detail16_Hashtable_allocISaINS_10_Hash_nodeIN17BasicEarleyParserIwE9SituationELb1EEEEE19_M_allocate_bucketsEm:
function _ZNSt8__detail16_Hashtable_allocISaINS_10_Hash_nodeIN17BasicEarleyParserIwE9SituationELb1EEEEE19_M_allocate_bucketsEm called 203741 returned 100% blocks executed 80%
   203741: 1922:    _Hashtable_alloc<_NodeAlloc>::_M_allocate_buckets(std::size_t __bkt_count)
        -: 1923:    -> __buckets_ptr
        -: 1924:    {
   203741: 1925:      __buckets_alloc_type __alloc(_M_node_allocator());
   203741: 1925-block  0
call    0 returned 203741
branch  1 taken 203741 (fallthrough)
branch  2 taken 0 (throw)
   203741: 1925-block  1
call    3 returned 203741
        -: 1926:
   203741: 1927:      auto __ptr = __buckets_alloc_traits::allocate(__alloc, __bkt_count);
call    0 returned 203741
branch  1 taken 203741 (fallthrough)
branch  2 taken 0 (throw)
   203741: 1928:      __buckets_ptr __p = std::__to_address(__ptr);
   203741: 1928-block  0
call    0 returned 203741
   203741: 1929:      __builtin_memset(__p, 0, __bkt_count * sizeof(__node_base_ptr));
   203741: 1930:      return __p;
   203741: 1930-block  0
   203741: 1931:    }
call    0 returned 203741
    $$$$$: 1931-block  0
call    1 never executed
------------------
_ZNSt8__detail16_Hashtable_allocISaINS_10_Hash_nodeISt4pairIKlSt13unordered_setIN17BasicEarleyParserIwE9SituationENS7_15SituationHasherESt8equal_toIS7_ESaIS7_EEELb0EEEEE19_M_allocate_bucketsEm:
function _ZNSt8__detail16_Hashtable_allocISaINS_10_Hash_nodeISt4pairIKlSt13unordered_setIN17BasicEarleyParserIwE9SituationENS7_15SituationHasherESt8equal_toIS7_ESaIS7_EEELb0EEEEE19_M_allocate_bucketsEm called 100889 returned 100% blocks executed 80%
   100889: 1922:    _Hashtable_alloc<_NodeAlloc>::_M_allocate_buckets(std::size_t __bkt_count)
        -: 1923:    -> __buckets_ptr
        -: 1924:    {
   100889: 1925:      __buckets_alloc_type __alloc(_M_node_allocator());
   100889: 1925-block  0
call    0 returned 100889
branch  1 taken 100889 (fallthrough)
branch  2 taken 0 (throw)
   100889: 1925-block  1
call    3 returned 100889
        -: 1926:
   100889: 1927:      auto __ptr = __buckets_alloc_traits::allocate(__alloc, __bkt_count);
call    0 returned 100889
branch  1 taken 100889 (fallthrough)
branch  2 taken 0 (throw)
   100889: 1928:      __buckets_ptr __p = std::__to_address(__ptr);
   100889: 1928-block  0
call    0 returned 100889
   100889: 1929:      __builtin_memset(__p, 0, __bkt_count * sizeof(__node_base_ptr));
   100889: 1930:      return __p;
   100889: 1930-block  0
   100889: 1931:    }
call    0 returned 100889
    $$$$$: 1931-block  0
call    1 never executed
------------------
        -: 1932:
        -: 1933:  template<typename _NodeAlloc>
        -: 1934:    void
   304855: 1935:    _Hashtable_alloc<_NodeAlloc>::
        -: 1936:    _M_deallocate_buckets(__buckets_ptr __bkts,
        -: 1937:			  std::size_t __bkt_count)
        -: 1938:    {
        -: 1939:      typedef typename __buckets_alloc_traits::pointer _Ptr;
   304855: 1940:      auto __ptr = std::pointer_traits<_Ptr>::pointer_to(*__bkts);
   304855: 1941:      __buckets_alloc_type __alloc(_M_node_allocator());
   304855: 1942:      __buckets_alloc_traits::deallocate(__alloc, __ptr, __bkt_count);
   304855: 1943:    }
------------------
_ZNSt8__detail16_Hashtable_allocISaINS_10_Hash_nodeISt4pairIKlSt6vectorISt13unordered_setIlSt4hashIlESt8equal_toIlESaIlEESaISB_EEELb0EEEEE21_M_deallocate_bucketsEPPNS_15_Hash_node_baseEm:
function _ZNSt8__detail16_Hashtable_allocISaINS_10_Hash_nodeISt4pairIKlSt6vectorISt13unordered_setIlSt4hashIlESt8equal_toIlESaIlEESaISB_EEELb0EEEEE21_M_deallocate_bucketsEPPNS_15_Hash_node_baseEm called 14 returned 100% blocks executed 78%
       14: 1935:    _Hashtable_alloc<_NodeAlloc>::
        -: 1936:    _M_deallocate_buckets(__buckets_ptr __bkts,
        -: 1937:			  std::size_t __bkt_count)
        -: 1938:    {
        -: 1939:      typedef typename __buckets_alloc_traits::pointer _Ptr;
       14: 1940:      auto __ptr = std::pointer_traits<_Ptr>::pointer_to(*__bkts);
       14: 1940-block  0
call    0 returned 14
       14: 1941:      __buckets_alloc_type __alloc(_M_node_allocator());
call    0 returned 14
branch  1 taken 14 (fallthrough)
branch  2 taken 0 (throw)
       14: 1941-block  0
call    3 returned 14
       14: 1942:      __buckets_alloc_traits::deallocate(__alloc, __ptr, __bkt_count);
call    0 returned 14
branch  1 taken 14 (fallthrough)
branch  2 taken 0 (throw)
       14: 1943:    }
       14: 1943-block  0
call    0 returned 14
    $$$$$: 1943-block  1
call    1 never executed
------------------
_ZNSt8__detail16_Hashtable_allocISaINS_10_Hash_nodeISt4pairIKlSt13unordered_setIN17BasicEarleyParserIwE9SituationENS7_15SituationHasherESt8equal_toIS7_ESaIS7_EEELb0EEEEE21_M_deallocate_bucketsEPPNS_15_Hash_node_baseEm:
function _ZNSt8__detail16_Hashtable_allocISaINS_10_Hash_nodeISt4pairIKlSt13unordered_setIN17BasicEarleyParserIwE9SituationENS7_15SituationHasherESt8equal_toIS7_ESaIS7_EEELb0EEEEE21_M_deallocate_bucketsEPPNS_15_Hash_node_baseEm called 100889 returned 100% blocks executed 78%
   100889: 1935:    _Hashtable_alloc<_NodeAlloc>::
        -: 1936:    _M_deallocate_buckets(__buckets_ptr __bkts,
        -: 1937:			  std::size_t __bkt_count)
        -: 1938:    {
        -: 1939:      typedef typename __buckets_alloc_traits::pointer _Ptr;
   100889: 1940:      auto __ptr = std::pointer_traits<_Ptr>::pointer_to(*__bkts);
   100889: 1940-block  0
call    0 returned 100889
   100889: 1941:      __buckets_alloc_type __alloc(_M_node_allocator());
call    0 returned 100889
branch  1 taken 100889 (fallthrough)
branch  2 taken 0 (throw)
   100889: 1941-block  0
call    3 returned 100889
   100889: 1942:      __buckets_alloc_traits::deallocate(__alloc, __ptr, __bkt_count);
call    0 returned 100889
branch  1 taken 100889 (fallthrough)
branch  2 taken 0 (throw)
   100889: 1943:    }
   100889: 1943-block  0
call    0 returned 100889
    $$$$$: 1943-block  1
call    1 never executed
------------------
_ZNSt8__detail16_Hashtable_allocISaINS_10_Hash_nodeIN17BasicEarleyParserIwE9SituationELb1EEEEE21_M_deallocate_bucketsEPPNS_15_Hash_node_baseEm:
function _ZNSt8__detail16_Hashtable_allocISaINS_10_Hash_nodeIN17BasicEarleyParserIwE9SituationELb1EEEEE21_M_deallocate_bucketsEPPNS_15_Hash_node_baseEm called 203741 returned 100% blocks executed 78%
   203741: 1935:    _Hashtable_alloc<_NodeAlloc>::
        -: 1936:    _M_deallocate_buckets(__buckets_ptr __bkts,
        -: 1937:			  std::size_t __bkt_count)
        -: 1938:    {
        -: 1939:      typedef typename __buckets_alloc_traits::pointer _Ptr;
   203741: 1940:      auto __ptr = std::pointer_traits<_Ptr>::pointer_to(*__bkts);
   203741: 1940-block  0
call    0 returned 203741
   203741: 1941:      __buckets_alloc_type __alloc(_M_node_allocator());
call    0 returned 203741
branch  1 taken 203741 (fallthrough)
branch  2 taken 0 (throw)
   203741: 1941-block  0
call    3 returned 203741
   203741: 1942:      __buckets_alloc_traits::deallocate(__alloc, __ptr, __bkt_count);
call    0 returned 203741
branch  1 taken 203741 (fallthrough)
branch  2 taken 0 (throw)
   203741: 1943:    }
   203741: 1943-block  0
call    0 returned 203741
    $$$$$: 1943-block  1
call    1 never executed
------------------
_ZNSt8__detail16_Hashtable_allocISaINS_10_Hash_nodeIlLb0EEEEE21_M_deallocate_bucketsEPPNS_15_Hash_node_baseEm:
function _ZNSt8__detail16_Hashtable_allocISaINS_10_Hash_nodeIlLb0EEEEE21_M_deallocate_bucketsEPPNS_15_Hash_node_baseEm called 122 returned 100% blocks executed 78%
      122: 1935:    _Hashtable_alloc<_NodeAlloc>::
        -: 1936:    _M_deallocate_buckets(__buckets_ptr __bkts,
        -: 1937:			  std::size_t __bkt_count)
        -: 1938:    {
        -: 1939:      typedef typename __buckets_alloc_traits::pointer _Ptr;
      122: 1940:      auto __ptr = std::pointer_traits<_Ptr>::pointer_to(*__bkts);
      122: 1940-block  0
call    0 returned 122
      122: 1941:      __buckets_alloc_type __alloc(_M_node_allocator());
call    0 returned 122
branch  1 taken 122 (fallthrough)
branch  2 taken 0 (throw)
      122: 1941-block  0
call    3 returned 122
      122: 1942:      __buckets_alloc_traits::deallocate(__alloc, __ptr, __bkt_count);
call    0 returned 122
branch  1 taken 122 (fallthrough)
branch  2 taken 0 (throw)
      122: 1943:    }
      122: 1943-block  0
call    0 returned 122
    $$$$$: 1943-block  1
call    1 never executed
------------------
_ZNSt8__detail16_Hashtable_allocISaINS_10_Hash_nodeISt4pairIKlSt6vectorIS4_IlSaIlEESaIS6_EEELb0EEEEE21_M_deallocate_bucketsEPPNS_15_Hash_node_baseEm:
function _ZNSt8__detail16_Hashtable_allocISaINS_10_Hash_nodeISt4pairIKlSt6vectorIS4_IlSaIlEESaIS6_EEELb0EEEEE21_M_deallocate_bucketsEPPNS_15_Hash_node_baseEm called 37 returned 100% blocks executed 78%
       37: 1935:    _Hashtable_alloc<_NodeAlloc>::
        -: 1936:    _M_deallocate_buckets(__buckets_ptr __bkts,
        -: 1937:			  std::size_t __bkt_count)
        -: 1938:    {
        -: 1939:      typedef typename __buckets_alloc_traits::pointer _Ptr;
       37: 1940:      auto __ptr = std::pointer_traits<_Ptr>::pointer_to(*__bkts);
       37: 1940-block  0
call    0 returned 37
       37: 1941:      __buckets_alloc_type __alloc(_M_node_allocator());
call    0 returned 37
branch  1 taken 37 (fallthrough)
branch  2 taken 0 (throw)
       37: 1941-block  0
call    3 returned 37
       37: 1942:      __buckets_alloc_traits::deallocate(__alloc, __ptr, __bkt_count);
call    0 returned 37
branch  1 taken 37 (fallthrough)
branch  2 taken 0 (throw)
       37: 1943:    }
       37: 1943-block  0
call    0 returned 37
    $$$$$: 1943-block  1
call    1 never executed
------------------
_ZNSt8__detail16_Hashtable_allocISaINS_10_Hash_nodeISt4pairIKNSt7__cxx1112basic_stringIwSt11char_traitsIwESaIwEEElELb1EEEEE21_M_deallocate_bucketsEPPNS_15_Hash_node_baseEm:
function _ZNSt8__detail16_Hashtable_allocISaINS_10_Hash_nodeISt4pairIKNSt7__cxx1112basic_stringIwSt11char_traitsIwESaIwEEElELb1EEEEE21_M_deallocate_bucketsEPPNS_15_Hash_node_baseEm called 26 returned 100% blocks executed 78%
       26: 1935:    _Hashtable_alloc<_NodeAlloc>::
        -: 1936:    _M_deallocate_buckets(__buckets_ptr __bkts,
        -: 1937:			  std::size_t __bkt_count)
        -: 1938:    {
        -: 1939:      typedef typename __buckets_alloc_traits::pointer _Ptr;
       26: 1940:      auto __ptr = std::pointer_traits<_Ptr>::pointer_to(*__bkts);
       26: 1940-block  0
call    0 returned 26
       26: 1941:      __buckets_alloc_type __alloc(_M_node_allocator());
call    0 returned 26
branch  1 taken 26 (fallthrough)
branch  2 taken 0 (throw)
       26: 1941-block  0
call    3 returned 26
       26: 1942:      __buckets_alloc_traits::deallocate(__alloc, __ptr, __bkt_count);
call    0 returned 26
branch  1 taken 26 (fallthrough)
branch  2 taken 0 (throw)
       26: 1943:    }
       26: 1943-block  0
call    0 returned 26
    $$$$$: 1943-block  1
call    1 never executed
------------------
_ZNSt8__detail16_Hashtable_allocISaINS_10_Hash_nodeISt4pairIKlNSt7__cxx1112basic_stringIwSt11char_traitsIwESaIwEEEELb0EEEEE21_M_deallocate_bucketsEPPNS_15_Hash_node_baseEm:
function _ZNSt8__detail16_Hashtable_allocISaINS_10_Hash_nodeISt4pairIKlNSt7__cxx1112basic_stringIwSt11char_traitsIwESaIwEEEELb0EEEEE21_M_deallocate_bucketsEPPNS_15_Hash_node_baseEm called 26 returned 100% blocks executed 78%
       26: 1935:    _Hashtable_alloc<_NodeAlloc>::
        -: 1936:    _M_deallocate_buckets(__buckets_ptr __bkts,
        -: 1937:			  std::size_t __bkt_count)
        -: 1938:    {
        -: 1939:      typedef typename __buckets_alloc_traits::pointer _Ptr;
       26: 1940:      auto __ptr = std::pointer_traits<_Ptr>::pointer_to(*__bkts);
       26: 1940-block  0
call    0 returned 26
       26: 1941:      __buckets_alloc_type __alloc(_M_node_allocator());
call    0 returned 26
branch  1 taken 26 (fallthrough)
branch  2 taken 0 (throw)
       26: 1941-block  0
call    3 returned 26
       26: 1942:      __buckets_alloc_traits::deallocate(__alloc, __ptr, __bkt_count);
call    0 returned 26
branch  1 taken 26 (fallthrough)
branch  2 taken 0 (throw)
       26: 1943:    }
       26: 1943-block  0
call    0 returned 26
    $$$$$: 1943-block  1
call    1 never executed
------------------
        -: 1944:
        -: 1945: ///@} hashtable-detail
        -: 1946:} // namespace __detail
        -: 1947:/// @endcond
        -: 1948:_GLIBCXX_END_NAMESPACE_VERSION
        -: 1949:} // namespace std
        -: 1950:
        -: 1951:#endif // _HASHTABLE_POLICY_H
